[0.000000] (-) TimerEvent: {}
[0.001067] (create3_procedures) JobQueued: {'identifier': 'create3_procedures', 'dependencies': OrderedDict()}
[0.002165] (create3_teleop) JobQueued: {'identifier': 'create3_teleop', 'dependencies': OrderedDict()}
[0.002803] (rs_cam) JobQueued: {'identifier': 'rs_cam', 'dependencies': OrderedDict()}
[0.003322] (create3_procedures) JobStarted: {'identifier': 'create3_procedures'}
[0.042577] (create3_teleop) JobStarted: {'identifier': 'create3_teleop'}
[0.071369] (rs_cam) JobStarted: {'identifier': 'rs_cam'}
[0.100051] (-) TimerEvent: {}
[0.201406] (-) TimerEvent: {}
[0.302499] (-) TimerEvent: {}
[0.403339] (-) TimerEvent: {}
[0.504290] (-) TimerEvent: {}
[0.605082] (-) TimerEvent: {}
[0.705862] (-) TimerEvent: {}
[0.806779] (-) TimerEvent: {}
[0.907668] (-) TimerEvent: {}
[1.008777] (-) TimerEvent: {}
[1.109890] (-) TimerEvent: {}
[1.211078] (-) TimerEvent: {}
[1.312413] (-) TimerEvent: {}
[1.413379] (-) TimerEvent: {}
[1.514285] (-) TimerEvent: {}
[1.615058] (-) TimerEvent: {}
[1.715862] (-) TimerEvent: {}
[1.816622] (-) TimerEvent: {}
[1.918723] (-) TimerEvent: {}
[2.019436] (-) TimerEvent: {}
[2.120820] (-) TimerEvent: {}
[2.221923] (-) TimerEvent: {}
[2.323080] (-) TimerEvent: {}
[2.424057] (-) TimerEvent: {}
[2.525188] (-) TimerEvent: {}
[2.626536] (-) TimerEvent: {}
[2.727552] (-) TimerEvent: {}
[2.828458] (-) TimerEvent: {}
[2.929246] (-) TimerEvent: {}
[3.030063] (-) TimerEvent: {}
[3.130801] (-) TimerEvent: {}
[3.231531] (-) TimerEvent: {}
[3.332301] (-) TimerEvent: {}
[3.433397] (-) TimerEvent: {}
[3.534245] (-) TimerEvent: {}
[3.635159] (-) TimerEvent: {}
[3.681534] (rs_cam) StderrLine: {'line': b'Traceback (most recent call last):\n  File "/usr/lib/python3/dist-packages/colcon_core/executor/__init__.py", line 91, in __call__\n    rc = await self.task(*args, **kwargs)\n  File "/usr/lib/python3/dist-packages/colcon_core/task/__init__.py", line 93, in __call__\n    return await task_method(*args, **kwargs)\n  File "/usr/lib/python3/dist-packages/colcon_ros/task/ament_python/build.py", line 51, in build\n    setup_py_data = get_setup_data(self.context.pkg, env)\n  File "/usr/lib/python3/dist-packages/colcon_core/task/python/__init__.py", line 20, in get_setup_data\n    return dict(pkg.metadata[key](env))\n  File "/usr/lib/python3/dist-packages/colcon_ros/package_augmentation/ros_ament_python.py", line 57, in getter\n    return get_setup_information(\n  File "/usr/lib/python3/dist-packages/colcon_python_setup_py/package_identification/python_setup_py.py", line 241, in get_setup_information\n    _setup_information_cache[hashable_env] = _get_setup_information(\n  File "/usr/lib/python3/dist-packages/colcon_python_setup_py/package_identification/python_setup_py.py", line 288, in _get_setup_information\n    result = subprocess.run(\n  File "/usr/lib/python3.10/subprocess.py", line 526, in run\n    raise CalledProcessError(retcode, process.args,\nsubprocess.CalledProcessError: Command \'[\'/usr/bin/python3\', \'-c\', \'import sys;from contextlib import suppress;exec("with suppress(ImportError):    from setuptools.extern.packaging.specifiers    import SpecifierSet");exec("with suppress(ImportError):    from packaging.specifiers import SpecifierSet");from distutils.core import run_setup;dist = run_setup(    \\\'setup.py\\\', script_args=(\\\'--dry-run\\\',), stop_after=\\\'config\\\');skip_keys = (\\\'cmdclass\\\', \\\'distclass\\\', \\\'ext_modules\\\', \\\'metadata\\\');data = {    key: value for key, value in dist.__dict__.items()     if (        not key.startswith(\\\'_\\\') and         not callable(value) and         key not in skip_keys and         key not in dist.display_option_names    )};data[\\\'metadata\\\'] = {    k: v for k, v in dist.metadata.__dict__.items()     if k not in (\\\'license_files\\\', \\\'provides_extras\\\')};sys.stdout.buffer.write(repr(data).encode(\\\'utf-8\\\'))\']\' returned non-zero exit status 1.\n'}
[3.686097] (rs_cam) JobEnded: {'identifier': 'rs_cam', 'rc': 1}
[3.688880] (create3_procedures) JobEnded: {'identifier': 'create3_procedures', 'rc': 'SIGINT'}
[3.690508] (create3_teleop) JobEnded: {'identifier': 'create3_teleop', 'rc': 'SIGINT'}
[3.696077] (-) EventReactorShutdown: {}
