[0.466s] DEBUG:colcon:Command line arguments: ['/usr/bin/colcon', 'build', '--symlink-install']
[0.466s] DEBUG:colcon:Parsed command line arguments: Namespace(log_base=None, log_level=None, verb_name='build', build_base='build', install_base='install', merge_install=False, symlink_install=True, test_result_base=None, continue_on_error=False, executor='parallel', parallel_workers=4, event_handlers=None, ignore_user_meta=False, metas=['./colcon.meta'], base_paths=['.'], packages_ignore=None, packages_ignore_regex=None, paths=None, packages_up_to=None, packages_up_to_regex=None, packages_above=None, packages_above_and_dependencies=None, packages_above_depth=None, packages_select_by_dep=None, packages_skip_by_dep=None, packages_skip_up_to=None, packages_select_build_failed=False, packages_skip_build_finished=False, packages_select_test_failures=False, packages_skip_test_passed=False, packages_select=None, packages_skip=None, packages_select_regex=None, packages_skip_regex=None, packages_start=None, packages_end=None, allow_overriding=[], cmake_args=None, cmake_target=None, cmake_target_skip_unavailable=False, cmake_clean_cache=False, cmake_clean_first=False, cmake_force_configure=False, ament_cmake_args=None, catkin_cmake_args=None, catkin_skip_building_tests=False, verb_parser=<colcon_defaults.argument_parser.defaults.DefaultArgumentsDecorator object at 0xffff98bbb340>, verb_extension=<colcon_core.verb.build.BuildVerb object at 0xffff98d43f40>, main=<bound method BuildVerb.main of <colcon_core.verb.build.BuildVerb object at 0xffff98d43f40>>)
[1.368s] Level 1:colcon.colcon_core.package_discovery:discover_packages(colcon_meta) check parameters
[1.368s] Level 1:colcon.colcon_core.package_discovery:discover_packages(recursive) check parameters
[1.369s] Level 1:colcon.colcon_core.package_discovery:discover_packages(ignore) check parameters
[1.369s] Level 1:colcon.colcon_core.package_discovery:discover_packages(path) check parameters
[1.369s] Level 1:colcon.colcon_core.package_discovery:discover_packages(colcon_meta) discover
[1.369s] Level 1:colcon.colcon_core.package_discovery:discover_packages(recursive) discover
[1.369s] INFO:colcon.colcon_core.package_discovery:Crawling recursively for packages in '/home/cyros/create3_cyros'
[1.370s] Level 1:colcon.colcon_core.package_identification:_identify(.) by extensions ['ignore', 'ignore_ament_install']
[1.370s] Level 1:colcon.colcon_core.package_identification:_identify(.) by extension 'ignore'
[1.371s] Level 1:colcon.colcon_core.package_identification:_identify(.) by extension 'ignore_ament_install'
[1.371s] Level 1:colcon.colcon_core.package_identification:_identify(.) by extensions ['colcon_pkg']
[1.371s] Level 1:colcon.colcon_core.package_identification:_identify(.) by extension 'colcon_pkg'
[1.371s] Level 1:colcon.colcon_core.package_identification:_identify(.) by extensions ['colcon_meta']
[1.372s] Level 1:colcon.colcon_core.package_identification:_identify(.) by extension 'colcon_meta'
[1.372s] Level 1:colcon.colcon_core.package_identification:_identify(.) by extensions ['ros']
[1.372s] Level 1:colcon.colcon_core.package_identification:_identify(.) by extension 'ros'
[1.434s] Level 1:colcon.colcon_core.package_identification:_identify(.) by extensions ['cmake', 'python']
[1.435s] Level 1:colcon.colcon_core.package_identification:_identify(.) by extension 'cmake'
[1.435s] Level 1:colcon.colcon_core.package_identification:_identify(.) by extension 'python'
[1.435s] Level 1:colcon.colcon_core.package_identification:_identify(.) by extensions ['python_setup_py']
[1.435s] Level 1:colcon.colcon_core.package_identification:_identify(.) by extension 'python_setup_py'
[1.436s] Level 1:colcon.colcon_core.package_identification:_identify(build) by extensions ['ignore', 'ignore_ament_install']
[1.436s] Level 1:colcon.colcon_core.package_identification:_identify(build) by extension 'ignore'
[1.437s] Level 1:colcon.colcon_core.package_identification:_identify(build) ignored
[1.437s] Level 1:colcon.colcon_core.package_identification:_identify(install) by extensions ['ignore', 'ignore_ament_install']
[1.438s] Level 1:colcon.colcon_core.package_identification:_identify(install) by extension 'ignore'
[1.438s] Level 1:colcon.colcon_core.package_identification:_identify(install) ignored
[1.439s] Level 1:colcon.colcon_core.package_identification:_identify(log) by extensions ['ignore', 'ignore_ament_install']
[1.439s] Level 1:colcon.colcon_core.package_identification:_identify(log) by extension 'ignore'
[1.439s] Level 1:colcon.colcon_core.package_identification:_identify(log) ignored
[1.440s] Level 1:colcon.colcon_core.package_identification:_identify(src) by extensions ['ignore', 'ignore_ament_install']
[1.440s] Level 1:colcon.colcon_core.package_identification:_identify(src) by extension 'ignore'
[1.440s] Level 1:colcon.colcon_core.package_identification:_identify(src) by extension 'ignore_ament_install'
[1.441s] Level 1:colcon.colcon_core.package_identification:_identify(src) by extensions ['colcon_pkg']
[1.441s] Level 1:colcon.colcon_core.package_identification:_identify(src) by extension 'colcon_pkg'
[1.441s] Level 1:colcon.colcon_core.package_identification:_identify(src) by extensions ['colcon_meta']
[1.441s] Level 1:colcon.colcon_core.package_identification:_identify(src) by extension 'colcon_meta'
[1.441s] Level 1:colcon.colcon_core.package_identification:_identify(src) by extensions ['ros']
[1.442s] Level 1:colcon.colcon_core.package_identification:_identify(src) by extension 'ros'
[1.442s] Level 1:colcon.colcon_core.package_identification:_identify(src) by extensions ['cmake', 'python']
[1.442s] Level 1:colcon.colcon_core.package_identification:_identify(src) by extension 'cmake'
[1.442s] Level 1:colcon.colcon_core.package_identification:_identify(src) by extension 'python'
[1.443s] Level 1:colcon.colcon_core.package_identification:_identify(src) by extensions ['python_setup_py']
[1.443s] Level 1:colcon.colcon_core.package_identification:_identify(src) by extension 'python_setup_py'
[1.443s] Level 1:colcon.colcon_core.package_identification:_identify(src/Aros2duino) by extensions ['ignore', 'ignore_ament_install']
[1.444s] Level 1:colcon.colcon_core.package_identification:_identify(src/Aros2duino) by extension 'ignore'
[1.444s] Level 1:colcon.colcon_core.package_identification:_identify(src/Aros2duino) by extension 'ignore_ament_install'
[1.444s] Level 1:colcon.colcon_core.package_identification:_identify(src/Aros2duino) by extensions ['colcon_pkg']
[1.444s] Level 1:colcon.colcon_core.package_identification:_identify(src/Aros2duino) by extension 'colcon_pkg'
[1.445s] Level 1:colcon.colcon_core.package_identification:_identify(src/Aros2duino) by extensions ['colcon_meta']
[1.445s] Level 1:colcon.colcon_core.package_identification:_identify(src/Aros2duino) by extension 'colcon_meta'
[1.445s] Level 1:colcon.colcon_core.package_identification:_identify(src/Aros2duino) by extensions ['ros']
[1.445s] Level 1:colcon.colcon_core.package_identification:_identify(src/Aros2duino) by extension 'ros'
[1.446s] Level 1:colcon.colcon_core.package_identification:_identify(src/Aros2duino) by extensions ['cmake', 'python']
[1.446s] Level 1:colcon.colcon_core.package_identification:_identify(src/Aros2duino) by extension 'cmake'
[1.446s] Level 1:colcon.colcon_core.package_identification:_identify(src/Aros2duino) by extension 'python'
[1.446s] Level 1:colcon.colcon_core.package_identification:_identify(src/Aros2duino) by extensions ['python_setup_py']
[1.446s] Level 1:colcon.colcon_core.package_identification:_identify(src/Aros2duino) by extension 'python_setup_py'
[1.447s] Level 1:colcon.colcon_core.package_identification:_identify(src/create3_procedures) by extensions ['ignore', 'ignore_ament_install']
[1.447s] Level 1:colcon.colcon_core.package_identification:_identify(src/create3_procedures) by extension 'ignore'
[1.448s] Level 1:colcon.colcon_core.package_identification:_identify(src/create3_procedures) by extension 'ignore_ament_install'
[1.448s] Level 1:colcon.colcon_core.package_identification:_identify(src/create3_procedures) by extensions ['colcon_pkg']
[1.448s] Level 1:colcon.colcon_core.package_identification:_identify(src/create3_procedures) by extension 'colcon_pkg'
[1.448s] Level 1:colcon.colcon_core.package_identification:_identify(src/create3_procedures) by extensions ['colcon_meta']
[1.449s] Level 1:colcon.colcon_core.package_identification:_identify(src/create3_procedures) by extension 'colcon_meta'
[1.449s] Level 1:colcon.colcon_core.package_identification:_identify(src/create3_procedures) by extensions ['ros']
[1.449s] Level 1:colcon.colcon_core.package_identification:_identify(src/create3_procedures) by extension 'ros'
[1.458s] DEBUG:colcon.colcon_core.package_identification:Package 'src/create3_procedures' with type 'ros.ament_python' and name 'create3_procedures'
[1.459s] Level 1:colcon.colcon_core.package_identification:_identify(src/create3_teleop) by extensions ['ignore', 'ignore_ament_install']
[1.460s] Level 1:colcon.colcon_core.package_identification:_identify(src/create3_teleop) by extension 'ignore'
[1.460s] Level 1:colcon.colcon_core.package_identification:_identify(src/create3_teleop) by extension 'ignore_ament_install'
[1.460s] Level 1:colcon.colcon_core.package_identification:_identify(src/create3_teleop) by extensions ['colcon_pkg']
[1.460s] Level 1:colcon.colcon_core.package_identification:_identify(src/create3_teleop) by extension 'colcon_pkg'
[1.461s] Level 1:colcon.colcon_core.package_identification:_identify(src/create3_teleop) by extensions ['colcon_meta']
[1.461s] Level 1:colcon.colcon_core.package_identification:_identify(src/create3_teleop) by extension 'colcon_meta'
[1.461s] Level 1:colcon.colcon_core.package_identification:_identify(src/create3_teleop) by extensions ['ros']
[1.461s] Level 1:colcon.colcon_core.package_identification:_identify(src/create3_teleop) by extension 'ros'
[1.465s] DEBUG:colcon.colcon_core.package_identification:Package 'src/create3_teleop' with type 'ros.ament_python' and name 'create3_teleop'
[1.466s] Level 1:colcon.colcon_core.package_identification:_identify(src/rs_cam) by extensions ['ignore', 'ignore_ament_install']
[1.467s] Level 1:colcon.colcon_core.package_identification:_identify(src/rs_cam) by extension 'ignore'
[1.467s] Level 1:colcon.colcon_core.package_identification:_identify(src/rs_cam) by extension 'ignore_ament_install'
[1.467s] Level 1:colcon.colcon_core.package_identification:_identify(src/rs_cam) by extensions ['colcon_pkg']
[1.468s] Level 1:colcon.colcon_core.package_identification:_identify(src/rs_cam) by extension 'colcon_pkg'
[1.468s] Level 1:colcon.colcon_core.package_identification:_identify(src/rs_cam) by extensions ['colcon_meta']
[1.468s] Level 1:colcon.colcon_core.package_identification:_identify(src/rs_cam) by extension 'colcon_meta'
[1.468s] Level 1:colcon.colcon_core.package_identification:_identify(src/rs_cam) by extensions ['ros']
[1.468s] Level 1:colcon.colcon_core.package_identification:_identify(src/rs_cam) by extension 'ros'
[1.472s] DEBUG:colcon.colcon_core.package_identification:Package 'src/rs_cam' with type 'ros.ament_python' and name 'rs_cam'
[1.472s] Level 1:colcon.colcon_core.package_discovery:discover_packages(recursive) using defaults
[1.472s] Level 1:colcon.colcon_core.package_discovery:discover_packages(ignore) discover
[1.472s] Level 1:colcon.colcon_core.package_discovery:discover_packages(ignore) using defaults
[1.472s] Level 1:colcon.colcon_core.package_discovery:discover_packages(path) discover
[1.472s] Level 1:colcon.colcon_core.package_discovery:discover_packages(path) using defaults
[1.568s] Level 1:colcon.colcon_core.package_discovery:discover_packages(prefix_path) check parameters
[1.568s] Level 1:colcon.colcon_core.package_discovery:discover_packages(prefix_path) discover
[1.579s] DEBUG:colcon.colcon_installed_package_information.package_discovery:Found 3 installed packages in /home/cyros/create3_cyros/install
[1.582s] DEBUG:colcon.colcon_installed_package_information.package_discovery:Found 3 installed packages in /home/cyros/ros2_ws/install
[1.588s] DEBUG:colcon.colcon_installed_package_information.package_discovery:Found 191 installed packages in /opt/ros/humble
[1.594s] Level 1:colcon.colcon_core.package_discovery:discover_packages(prefix_path) using defaults
[1.757s] Level 5:colcon.colcon_core.verb:set package 'create3_procedures' build argument 'cmake_args' from command line to 'None'
[1.757s] Level 5:colcon.colcon_core.verb:set package 'create3_procedures' build argument 'cmake_target' from command line to 'None'
[1.758s] Level 5:colcon.colcon_core.verb:set package 'create3_procedures' build argument 'cmake_target_skip_unavailable' from command line to 'False'
[1.758s] Level 5:colcon.colcon_core.verb:set package 'create3_procedures' build argument 'cmake_clean_cache' from command line to 'False'
[1.758s] Level 5:colcon.colcon_core.verb:set package 'create3_procedures' build argument 'cmake_clean_first' from command line to 'False'
[1.758s] Level 5:colcon.colcon_core.verb:set package 'create3_procedures' build argument 'cmake_force_configure' from command line to 'False'
[1.758s] Level 5:colcon.colcon_core.verb:set package 'create3_procedures' build argument 'ament_cmake_args' from command line to 'None'
[1.758s] Level 5:colcon.colcon_core.verb:set package 'create3_procedures' build argument 'catkin_cmake_args' from command line to 'None'
[1.758s] Level 5:colcon.colcon_core.verb:set package 'create3_procedures' build argument 'catkin_skip_building_tests' from command line to 'False'
[1.759s] DEBUG:colcon.colcon_core.verb:Building package 'create3_procedures' with the following arguments: {'ament_cmake_args': None, 'build_base': '/home/cyros/create3_cyros/build/create3_procedures', 'catkin_cmake_args': None, 'catkin_skip_building_tests': False, 'cmake_args': None, 'cmake_clean_cache': False, 'cmake_clean_first': False, 'cmake_force_configure': False, 'cmake_target': None, 'cmake_target_skip_unavailable': False, 'install_base': '/home/cyros/create3_cyros/install/create3_procedures', 'merge_install': False, 'path': '/home/cyros/create3_cyros/src/create3_procedures', 'symlink_install': True, 'test_result_base': None}
[1.760s] Level 5:colcon.colcon_core.verb:set package 'create3_teleop' build argument 'cmake_args' from command line to 'None'
[1.760s] Level 5:colcon.colcon_core.verb:set package 'create3_teleop' build argument 'cmake_target' from command line to 'None'
[1.760s] Level 5:colcon.colcon_core.verb:set package 'create3_teleop' build argument 'cmake_target_skip_unavailable' from command line to 'False'
[1.761s] Level 5:colcon.colcon_core.verb:set package 'create3_teleop' build argument 'cmake_clean_cache' from command line to 'False'
[1.761s] Level 5:colcon.colcon_core.verb:set package 'create3_teleop' build argument 'cmake_clean_first' from command line to 'False'
[1.761s] Level 5:colcon.colcon_core.verb:set package 'create3_teleop' build argument 'cmake_force_configure' from command line to 'False'
[1.761s] Level 5:colcon.colcon_core.verb:set package 'create3_teleop' build argument 'ament_cmake_args' from command line to 'None'
[1.761s] Level 5:colcon.colcon_core.verb:set package 'create3_teleop' build argument 'catkin_cmake_args' from command line to 'None'
[1.761s] Level 5:colcon.colcon_core.verb:set package 'create3_teleop' build argument 'catkin_skip_building_tests' from command line to 'False'
[1.761s] DEBUG:colcon.colcon_core.verb:Building package 'create3_teleop' with the following arguments: {'ament_cmake_args': None, 'build_base': '/home/cyros/create3_cyros/build/create3_teleop', 'catkin_cmake_args': None, 'catkin_skip_building_tests': False, 'cmake_args': None, 'cmake_clean_cache': False, 'cmake_clean_first': False, 'cmake_force_configure': False, 'cmake_target': None, 'cmake_target_skip_unavailable': False, 'install_base': '/home/cyros/create3_cyros/install/create3_teleop', 'merge_install': False, 'path': '/home/cyros/create3_cyros/src/create3_teleop', 'symlink_install': True, 'test_result_base': None}
[1.763s] Level 5:colcon.colcon_core.verb:set package 'rs_cam' build argument 'cmake_args' from command line to 'None'
[1.763s] Level 5:colcon.colcon_core.verb:set package 'rs_cam' build argument 'cmake_target' from command line to 'None'
[1.763s] Level 5:colcon.colcon_core.verb:set package 'rs_cam' build argument 'cmake_target_skip_unavailable' from command line to 'False'
[1.763s] Level 5:colcon.colcon_core.verb:set package 'rs_cam' build argument 'cmake_clean_cache' from command line to 'False'
[1.763s] Level 5:colcon.colcon_core.verb:set package 'rs_cam' build argument 'cmake_clean_first' from command line to 'False'
[1.764s] Level 5:colcon.colcon_core.verb:set package 'rs_cam' build argument 'cmake_force_configure' from command line to 'False'
[1.764s] Level 5:colcon.colcon_core.verb:set package 'rs_cam' build argument 'ament_cmake_args' from command line to 'None'
[1.764s] Level 5:colcon.colcon_core.verb:set package 'rs_cam' build argument 'catkin_cmake_args' from command line to 'None'
[1.764s] Level 5:colcon.colcon_core.verb:set package 'rs_cam' build argument 'catkin_skip_building_tests' from command line to 'False'
[1.764s] DEBUG:colcon.colcon_core.verb:Building package 'rs_cam' with the following arguments: {'ament_cmake_args': None, 'build_base': '/home/cyros/create3_cyros/build/rs_cam', 'catkin_cmake_args': None, 'catkin_skip_building_tests': False, 'cmake_args': None, 'cmake_clean_cache': False, 'cmake_clean_first': False, 'cmake_force_configure': False, 'cmake_target': None, 'cmake_target_skip_unavailable': False, 'install_base': '/home/cyros/create3_cyros/install/rs_cam', 'merge_install': False, 'path': '/home/cyros/create3_cyros/src/rs_cam', 'symlink_install': True, 'test_result_base': None}
[1.764s] INFO:colcon.colcon_core.executor:Executing jobs using 'parallel' executor
[1.768s] DEBUG:colcon.colcon_parallel_executor.executor.parallel:run_until_complete
[1.769s] INFO:colcon.colcon_ros.task.ament_python.build:Building ROS package in '/home/cyros/create3_cyros/src/create3_procedures' with build type 'ament_python'
[1.770s] Level 1:colcon.colcon_core.shell:create_environment_hook('create3_procedures', 'ament_prefix_path')
[1.780s] INFO:colcon.colcon_core.plugin_system:Skipping extension 'colcon_core.shell.bat': Not used on non-Windows systems
[1.781s] INFO:colcon.colcon_core.shell:Creating environment hook '/home/cyros/create3_cyros/install/create3_procedures/share/create3_procedures/hook/ament_prefix_path.ps1'
[1.784s] INFO:colcon.colcon_core.shell:Creating environment descriptor '/home/cyros/create3_cyros/install/create3_procedures/share/create3_procedures/hook/ament_prefix_path.dsv'
[1.787s] INFO:colcon.colcon_core.shell:Creating environment hook '/home/cyros/create3_cyros/install/create3_procedures/share/create3_procedures/hook/ament_prefix_path.sh'
[1.790s] INFO:colcon.colcon_core.shell:Skip shell extension 'powershell' for command environment: Not usable outside of PowerShell
[1.791s] DEBUG:colcon.colcon_core.shell:Skip shell extension 'dsv' for command environment
[1.810s] INFO:colcon.colcon_ros.task.ament_python.build:Building ROS package in '/home/cyros/create3_cyros/src/create3_teleop' with build type 'ament_python'
[1.810s] Level 1:colcon.colcon_core.shell:create_environment_hook('create3_teleop', 'ament_prefix_path')
[1.812s] INFO:colcon.colcon_core.shell:Creating environment hook '/home/cyros/create3_cyros/install/create3_teleop/share/create3_teleop/hook/ament_prefix_path.ps1'
[1.814s] INFO:colcon.colcon_core.shell:Creating environment descriptor '/home/cyros/create3_cyros/install/create3_teleop/share/create3_teleop/hook/ament_prefix_path.dsv'
[1.817s] INFO:colcon.colcon_core.shell:Creating environment hook '/home/cyros/create3_cyros/install/create3_teleop/share/create3_teleop/hook/ament_prefix_path.sh'
[1.820s] INFO:colcon.colcon_core.shell:Skip shell extension 'powershell' for command environment: Not usable outside of PowerShell
[1.820s] DEBUG:colcon.colcon_core.shell:Skip shell extension 'dsv' for command environment
[1.839s] INFO:colcon.colcon_ros.task.ament_python.build:Building ROS package in '/home/cyros/create3_cyros/src/rs_cam' with build type 'ament_python'
[1.839s] Level 1:colcon.colcon_core.shell:create_environment_hook('rs_cam', 'ament_prefix_path')
[1.841s] INFO:colcon.colcon_core.shell:Creating environment hook '/home/cyros/create3_cyros/install/rs_cam/share/rs_cam/hook/ament_prefix_path.ps1'
[1.843s] INFO:colcon.colcon_core.shell:Creating environment descriptor '/home/cyros/create3_cyros/install/rs_cam/share/rs_cam/hook/ament_prefix_path.dsv'
[1.845s] INFO:colcon.colcon_core.shell:Creating environment hook '/home/cyros/create3_cyros/install/rs_cam/share/rs_cam/hook/ament_prefix_path.sh'
[1.849s] INFO:colcon.colcon_core.shell:Skip shell extension 'powershell' for command environment: Not usable outside of PowerShell
[1.849s] DEBUG:colcon.colcon_core.shell:Skip shell extension 'dsv' for command environment
[3.039s] INFO:colcon.colcon_core.task.python.build:Building Python package in '/home/cyros/create3_cyros/src/create3_procedures'
[3.040s] INFO:colcon.colcon_core.shell:Skip shell extension 'powershell' for command environment: Not usable outside of PowerShell
[3.040s] DEBUG:colcon.colcon_core.shell:Skip shell extension 'dsv' for command environment
[4.197s] INFO:colcon.colcon_core.task.python.build:Building Python package in '/home/cyros/create3_cyros/src/create3_teleop'
[4.198s] INFO:colcon.colcon_core.shell:Skip shell extension 'powershell' for command environment: Not usable outside of PowerShell
[4.198s] DEBUG:colcon.colcon_core.shell:Skip shell extension 'dsv' for command environment
[5.462s] DEBUG:colcon.colcon_parallel_executor.executor.parallel:closing loop
[5.463s] DEBUG:colcon.colcon_parallel_executor.executor.parallel:loop closed
[5.463s] DEBUG:colcon.colcon_parallel_executor.executor.parallel:run_until_complete finished with 'Command '['/usr/bin/python3', '-c', 'import sys;from contextlib import suppress;exec("with suppress(ImportError):    from setuptools.extern.packaging.specifiers    import SpecifierSet");exec("with suppress(ImportError):    from packaging.specifiers import SpecifierSet");from distutils.core import run_setup;dist = run_setup(    \'setup.py\', script_args=(\'--dry-run\',), stop_after=\'config\');skip_keys = (\'cmdclass\', \'distclass\', \'ext_modules\', \'metadata\');data = {    key: value for key, value in dist.__dict__.items()     if (        not key.startswith(\'_\') and         not callable(value) and         key not in skip_keys and         key not in dist.display_option_names    )};data[\'metadata\'] = {    k: v for k, v in dist.metadata.__dict__.items()     if k not in (\'license_files\', \'provides_extras\')};sys.stdout.buffer.write(repr(data).encode(\'utf-8\'))']' returned non-zero exit status 1.'
[5.463s] DEBUG:colcon.colcon_core.event_reactor:joining thread
[5.491s] INFO:colcon.colcon_core.plugin_system:Skipping extension 'colcon_notification.desktop_notification.terminal_notifier': Not used on non-Darwin systems
[5.491s] INFO:colcon.colcon_core.plugin_system:Skipping extension 'colcon_notification.desktop_notification.win32': Not used on non-Windows systems
[5.491s] INFO:colcon.colcon_notification.desktop_notification:Sending desktop notification using 'notify2'
[5.497s] DEBUG:colcon.colcon_notification.desktop_notification.notify2:Failed to initialize notify2: org.freedesktop.DBus.Error.ServiceUnknown: The name org.freedesktop.Notifications was not provided by any .service files
[5.498s] DEBUG:colcon.colcon_core.event_reactor:joined thread
[5.499s] INFO:colcon.colcon_core.shell:Creating prefix script '/home/cyros/create3_cyros/install/local_setup.ps1'
[5.503s] INFO:colcon.colcon_core.shell:Creating prefix util module '/home/cyros/create3_cyros/install/_local_setup_util_ps1.py'
[5.509s] INFO:colcon.colcon_core.shell:Creating prefix chain script '/home/cyros/create3_cyros/install/setup.ps1'
[5.517s] INFO:colcon.colcon_core.shell:Creating prefix script '/home/cyros/create3_cyros/install/local_setup.sh'
[5.520s] INFO:colcon.colcon_core.shell:Creating prefix util module '/home/cyros/create3_cyros/install/_local_setup_util_sh.py'
[5.522s] INFO:colcon.colcon_core.shell:Creating prefix chain script '/home/cyros/create3_cyros/install/setup.sh'
[5.529s] INFO:colcon.colcon_core.shell:Creating prefix script '/home/cyros/create3_cyros/install/local_setup.bash'
[5.531s] INFO:colcon.colcon_core.shell:Creating prefix chain script '/home/cyros/create3_cyros/install/setup.bash'
[5.537s] INFO:colcon.colcon_core.shell:Creating prefix script '/home/cyros/create3_cyros/install/local_setup.zsh'
[5.539s] INFO:colcon.colcon_core.shell:Creating prefix chain script '/home/cyros/create3_cyros/install/setup.zsh'
