[0.675s] DEBUG:colcon:Command line arguments: ['/usr/bin/colcon', 'build', '--symlink-install']
[0.676s] DEBUG:colcon:Parsed command line arguments: Namespace(log_base=None, log_level=None, verb_name='build', build_base='build', install_base='install', merge_install=False, symlink_install=True, test_result_base=None, continue_on_error=False, executor='parallel', parallel_workers=4, event_handlers=None, ignore_user_meta=False, metas=['./colcon.meta'], base_paths=['.'], packages_ignore=None, packages_ignore_regex=None, paths=None, packages_up_to=None, packages_up_to_regex=None, packages_above=None, packages_above_and_dependencies=None, packages_above_depth=None, packages_select_by_dep=None, packages_skip_by_dep=None, packages_skip_up_to=None, packages_select_build_failed=False, packages_skip_build_finished=False, packages_select_test_failures=False, packages_skip_test_passed=False, packages_select=None, packages_skip=None, packages_select_regex=None, packages_skip_regex=None, packages_start=None, packages_end=None, allow_overriding=[], cmake_args=None, cmake_target=None, cmake_target_skip_unavailable=False, cmake_clean_cache=False, cmake_clean_first=False, cmake_force_configure=False, ament_cmake_args=None, catkin_cmake_args=None, catkin_skip_building_tests=False, mixin_files=None, mixin=None, verb_parser=<colcon_mixin.mixin.mixin_argument.MixinArgumentDecorator object at 0xffffb2f2eb60>, verb_extension=<colcon_core.verb.build.BuildVerb object at 0xffffb303bc40>, main=<bound method BuildVerb.main of <colcon_core.verb.build.BuildVerb object at 0xffffb303bc40>>, mixin_verb=('build',))
[1.913s] Level 1:colcon.colcon_core.package_discovery:discover_packages(colcon_meta) check parameters
[1.915s] Level 1:colcon.colcon_core.package_discovery:discover_packages(recursive) check parameters
[1.915s] Level 1:colcon.colcon_core.package_discovery:discover_packages(ignore) check parameters
[1.916s] Level 1:colcon.colcon_core.package_discovery:discover_packages(path) check parameters
[1.917s] Level 1:colcon.colcon_core.package_discovery:discover_packages(colcon_meta) discover
[1.917s] Level 1:colcon.colcon_core.package_discovery:discover_packages(recursive) discover
[1.918s] INFO:colcon.colcon_core.package_discovery:Crawling recursively for packages in '/home/cyros/create3_cyros'
[1.919s] Level 1:colcon.colcon_core.package_identification:_identify(.) by extensions ['ignore', 'ignore_ament_install']
[1.919s] Level 1:colcon.colcon_core.package_identification:_identify(.) by extension 'ignore'
[1.920s] Level 1:colcon.colcon_core.package_identification:_identify(.) by extension 'ignore_ament_install'
[1.921s] Level 1:colcon.colcon_core.package_identification:_identify(.) by extensions ['colcon_pkg']
[1.922s] Level 1:colcon.colcon_core.package_identification:_identify(.) by extension 'colcon_pkg'
[1.923s] Level 1:colcon.colcon_core.package_identification:_identify(.) by extensions ['colcon_meta']
[1.923s] Level 1:colcon.colcon_core.package_identification:_identify(.) by extension 'colcon_meta'
[1.924s] Level 1:colcon.colcon_core.package_identification:_identify(.) by extensions ['ros']
[1.925s] Level 1:colcon.colcon_core.package_identification:_identify(.) by extension 'ros'
[1.977s] Level 1:colcon.colcon_core.package_identification:_identify(.) by extensions ['cmake', 'python']
[1.978s] Level 1:colcon.colcon_core.package_identification:_identify(.) by extension 'cmake'
[1.978s] Level 1:colcon.colcon_core.package_identification:_identify(.) by extension 'python'
[1.979s] Level 1:colcon.colcon_core.package_identification:_identify(.) by extensions ['python_setup_py']
[1.980s] Level 1:colcon.colcon_core.package_identification:_identify(.) by extension 'python_setup_py'
[1.981s] Level 1:colcon.colcon_core.package_identification:_identify(build) by extensions ['ignore', 'ignore_ament_install']
[1.982s] Level 1:colcon.colcon_core.package_identification:_identify(build) by extension 'ignore'
[1.983s] Level 1:colcon.colcon_core.package_identification:_identify(build) ignored
[1.984s] Level 1:colcon.colcon_core.package_identification:_identify(install) by extensions ['ignore', 'ignore_ament_install']
[1.985s] Level 1:colcon.colcon_core.package_identification:_identify(install) by extension 'ignore'
[1.986s] Level 1:colcon.colcon_core.package_identification:_identify(install) ignored
[1.987s] Level 1:colcon.colcon_core.package_identification:_identify(log) by extensions ['ignore', 'ignore_ament_install']
[1.988s] Level 1:colcon.colcon_core.package_identification:_identify(log) by extension 'ignore'
[1.988s] Level 1:colcon.colcon_core.package_identification:_identify(log) ignored
[1.990s] Level 1:colcon.colcon_core.package_identification:_identify(src) by extensions ['ignore', 'ignore_ament_install']
[1.991s] Level 1:colcon.colcon_core.package_identification:_identify(src) by extension 'ignore'
[1.991s] Level 1:colcon.colcon_core.package_identification:_identify(src) by extension 'ignore_ament_install'
[1.992s] Level 1:colcon.colcon_core.package_identification:_identify(src) by extensions ['colcon_pkg']
[1.993s] Level 1:colcon.colcon_core.package_identification:_identify(src) by extension 'colcon_pkg'
[1.994s] Level 1:colcon.colcon_core.package_identification:_identify(src) by extensions ['colcon_meta']
[1.994s] Level 1:colcon.colcon_core.package_identification:_identify(src) by extension 'colcon_meta'
[1.995s] Level 1:colcon.colcon_core.package_identification:_identify(src) by extensions ['ros']
[1.996s] Level 1:colcon.colcon_core.package_identification:_identify(src) by extension 'ros'
[1.997s] Level 1:colcon.colcon_core.package_identification:_identify(src) by extensions ['cmake', 'python']
[1.998s] Level 1:colcon.colcon_core.package_identification:_identify(src) by extension 'cmake'
[1.998s] Level 1:colcon.colcon_core.package_identification:_identify(src) by extension 'python'
[1.999s] Level 1:colcon.colcon_core.package_identification:_identify(src) by extensions ['python_setup_py']
[2.000s] Level 1:colcon.colcon_core.package_identification:_identify(src) by extension 'python_setup_py'
[2.001s] Level 1:colcon.colcon_core.package_identification:_identify(src/build) by extensions ['ignore', 'ignore_ament_install']
[2.002s] Level 1:colcon.colcon_core.package_identification:_identify(src/build) by extension 'ignore'
[2.003s] Level 1:colcon.colcon_core.package_identification:_identify(src/build) ignored
[2.004s] Level 1:colcon.colcon_core.package_identification:_identify(src/create3_image) by extensions ['ignore', 'ignore_ament_install']
[2.005s] Level 1:colcon.colcon_core.package_identification:_identify(src/create3_image) by extension 'ignore'
[2.006s] Level 1:colcon.colcon_core.package_identification:_identify(src/create3_image) by extension 'ignore_ament_install'
[2.007s] Level 1:colcon.colcon_core.package_identification:_identify(src/create3_image) by extensions ['colcon_pkg']
[2.007s] Level 1:colcon.colcon_core.package_identification:_identify(src/create3_image) by extension 'colcon_pkg'
[2.008s] Level 1:colcon.colcon_core.package_identification:_identify(src/create3_image) by extensions ['colcon_meta']
[2.009s] Level 1:colcon.colcon_core.package_identification:_identify(src/create3_image) by extension 'colcon_meta'
[2.010s] Level 1:colcon.colcon_core.package_identification:_identify(src/create3_image) by extensions ['ros']
[2.011s] Level 1:colcon.colcon_core.package_identification:_identify(src/create3_image) by extension 'ros'
[2.026s] DEBUG:colcon.colcon_core.package_identification:Package 'src/create3_image' with type 'ros.ament_python' and name 'create3_image'
[2.028s] Level 1:colcon.colcon_core.package_identification:_identify(src/create3_msgs) by extensions ['ignore', 'ignore_ament_install']
[2.029s] Level 1:colcon.colcon_core.package_identification:_identify(src/create3_msgs) by extension 'ignore'
[2.030s] Level 1:colcon.colcon_core.package_identification:_identify(src/create3_msgs) by extension 'ignore_ament_install'
[2.032s] Level 1:colcon.colcon_core.package_identification:_identify(src/create3_msgs) by extensions ['colcon_pkg']
[2.033s] Level 1:colcon.colcon_core.package_identification:_identify(src/create3_msgs) by extension 'colcon_pkg'
[2.034s] Level 1:colcon.colcon_core.package_identification:_identify(src/create3_msgs) by extensions ['colcon_meta']
[2.035s] Level 1:colcon.colcon_core.package_identification:_identify(src/create3_msgs) by extension 'colcon_meta'
[2.035s] Level 1:colcon.colcon_core.package_identification:_identify(src/create3_msgs) by extensions ['ros']
[2.036s] Level 1:colcon.colcon_core.package_identification:_identify(src/create3_msgs) by extension 'ros'
[2.039s] DEBUG:colcon.colcon_core.package_identification:Package 'src/create3_msgs' with type 'ros.ament_cmake' and name 'create3_msgs'
[2.040s] Level 1:colcon.colcon_core.package_identification:_identify(src/create3_organize) by extensions ['ignore', 'ignore_ament_install']
[2.041s] Level 1:colcon.colcon_core.package_identification:_identify(src/create3_organize) by extension 'ignore'
[2.042s] Level 1:colcon.colcon_core.package_identification:_identify(src/create3_organize) by extension 'ignore_ament_install'
[2.043s] Level 1:colcon.colcon_core.package_identification:_identify(src/create3_organize) by extensions ['colcon_pkg']
[2.043s] Level 1:colcon.colcon_core.package_identification:_identify(src/create3_organize) by extension 'colcon_pkg'
[2.044s] Level 1:colcon.colcon_core.package_identification:_identify(src/create3_organize) by extensions ['colcon_meta']
[2.045s] Level 1:colcon.colcon_core.package_identification:_identify(src/create3_organize) by extension 'colcon_meta'
[2.046s] Level 1:colcon.colcon_core.package_identification:_identify(src/create3_organize) by extensions ['ros']
[2.046s] Level 1:colcon.colcon_core.package_identification:_identify(src/create3_organize) by extension 'ros'
[2.049s] DEBUG:colcon.colcon_core.package_identification:Package 'src/create3_organize' with type 'ros.ament_python' and name 'create3_organize'
[2.050s] Level 1:colcon.colcon_core.package_identification:_identify(src/create3_procedures) by extensions ['ignore', 'ignore_ament_install']
[2.051s] Level 1:colcon.colcon_core.package_identification:_identify(src/create3_procedures) by extension 'ignore'
[2.052s] Level 1:colcon.colcon_core.package_identification:_identify(src/create3_procedures) by extension 'ignore_ament_install'
[2.053s] Level 1:colcon.colcon_core.package_identification:_identify(src/create3_procedures) by extensions ['colcon_pkg']
[2.054s] Level 1:colcon.colcon_core.package_identification:_identify(src/create3_procedures) by extension 'colcon_pkg'
[2.055s] Level 1:colcon.colcon_core.package_identification:_identify(src/create3_procedures) by extensions ['colcon_meta']
[2.055s] Level 1:colcon.colcon_core.package_identification:_identify(src/create3_procedures) by extension 'colcon_meta'
[2.056s] Level 1:colcon.colcon_core.package_identification:_identify(src/create3_procedures) by extensions ['ros']
[2.057s] Level 1:colcon.colcon_core.package_identification:_identify(src/create3_procedures) by extension 'ros'
[2.061s] DEBUG:colcon.colcon_core.package_identification:Package 'src/create3_procedures' with type 'ros.ament_python' and name 'create3_procedures'
[2.062s] Level 1:colcon.colcon_core.package_identification:_identify(src/create3_teleop) by extensions ['ignore', 'ignore_ament_install']
[2.063s] Level 1:colcon.colcon_core.package_identification:_identify(src/create3_teleop) by extension 'ignore'
[2.064s] Level 1:colcon.colcon_core.package_identification:_identify(src/create3_teleop) by extension 'ignore_ament_install'
[2.064s] Level 1:colcon.colcon_core.package_identification:_identify(src/create3_teleop) by extensions ['colcon_pkg']
[2.065s] Level 1:colcon.colcon_core.package_identification:_identify(src/create3_teleop) by extension 'colcon_pkg'
[2.065s] Level 1:colcon.colcon_core.package_identification:_identify(src/create3_teleop) by extensions ['colcon_meta']
[2.066s] Level 1:colcon.colcon_core.package_identification:_identify(src/create3_teleop) by extension 'colcon_meta'
[2.067s] Level 1:colcon.colcon_core.package_identification:_identify(src/create3_teleop) by extensions ['ros']
[2.067s] Level 1:colcon.colcon_core.package_identification:_identify(src/create3_teleop) by extension 'ros'
[2.072s] DEBUG:colcon.colcon_core.package_identification:Package 'src/create3_teleop' with type 'ros.ament_python' and name 'create3_teleop'
[2.074s] Level 1:colcon.colcon_core.package_identification:_identify(src/install) by extensions ['ignore', 'ignore_ament_install']
[2.075s] Level 1:colcon.colcon_core.package_identification:_identify(src/install) by extension 'ignore'
[2.076s] Level 1:colcon.colcon_core.package_identification:_identify(src/install) ignored
[2.077s] Level 1:colcon.colcon_core.package_identification:_identify(src/log) by extensions ['ignore', 'ignore_ament_install']
[2.078s] Level 1:colcon.colcon_core.package_identification:_identify(src/log) by extension 'ignore'
[2.079s] Level 1:colcon.colcon_core.package_identification:_identify(src/log) ignored
[2.079s] Level 1:colcon.colcon_core.package_discovery:discover_packages(recursive) using defaults
[2.080s] Level 1:colcon.colcon_core.package_discovery:discover_packages(ignore) discover
[2.080s] Level 1:colcon.colcon_core.package_discovery:discover_packages(ignore) using defaults
[2.081s] Level 1:colcon.colcon_core.package_discovery:discover_packages(path) discover
[2.081s] Level 1:colcon.colcon_core.package_discovery:discover_packages(path) using defaults
[2.232s] Level 1:colcon.colcon_core.package_discovery:discover_packages(prefix_path) check parameters
[2.232s] Level 1:colcon.colcon_core.package_discovery:discover_packages(prefix_path) discover
[2.237s] WARNING:colcon.colcon_ros.prefix_path.ament:The path '/home/cyros/create3_cyros/install/create3_teleop' in the environment variable AMENT_PREFIX_PATH doesn't exist
[2.238s] WARNING:colcon.colcon_ros.prefix_path.ament:The path '/home/cyros/create3_cyros/install/create3_procedures' in the environment variable AMENT_PREFIX_PATH doesn't exist
[2.239s] WARNING:colcon.colcon_ros.prefix_path.ament:The path '/home/cyros/create3_cyros/install/create3_organize' in the environment variable AMENT_PREFIX_PATH doesn't exist
[2.239s] WARNING:colcon.colcon_ros.prefix_path.ament:The path '/home/cyros/create3_cyros/install/create3_msgs' in the environment variable AMENT_PREFIX_PATH doesn't exist
[2.240s] WARNING:colcon.colcon_ros.prefix_path.ament:The path '/home/cyros/create3_cyros/install/create3_image' in the environment variable AMENT_PREFIX_PATH doesn't exist
[2.241s] WARNING:colcon.colcon_ros.prefix_path.catkin:The path '/home/cyros/create3_cyros/install/create3_msgs' in the environment variable CMAKE_PREFIX_PATH doesn't exist
[2.245s] DEBUG:colcon.colcon_installed_package_information.package_discovery:Found 0 installed packages in /home/cyros/create3_cyros/install
[2.252s] DEBUG:colcon.colcon_installed_package_information.package_discovery:Found 191 installed packages in /opt/ros/humble
[2.257s] Level 1:colcon.colcon_core.package_discovery:discover_packages(prefix_path) using defaults
[2.403s] Level 5:colcon.colcon_core.verb:set package 'create3_image' build argument 'cmake_args' from command line to 'None'
[2.404s] Level 5:colcon.colcon_core.verb:set package 'create3_image' build argument 'cmake_target' from command line to 'None'
[2.404s] Level 5:colcon.colcon_core.verb:set package 'create3_image' build argument 'cmake_target_skip_unavailable' from command line to 'False'
[2.404s] Level 5:colcon.colcon_core.verb:set package 'create3_image' build argument 'cmake_clean_cache' from command line to 'False'
[2.404s] Level 5:colcon.colcon_core.verb:set package 'create3_image' build argument 'cmake_clean_first' from command line to 'False'
[2.404s] Level 5:colcon.colcon_core.verb:set package 'create3_image' build argument 'cmake_force_configure' from command line to 'False'
[2.404s] Level 5:colcon.colcon_core.verb:set package 'create3_image' build argument 'ament_cmake_args' from command line to 'None'
[2.405s] Level 5:colcon.colcon_core.verb:set package 'create3_image' build argument 'catkin_cmake_args' from command line to 'None'
[2.405s] Level 5:colcon.colcon_core.verb:set package 'create3_image' build argument 'catkin_skip_building_tests' from command line to 'False'
[2.405s] DEBUG:colcon.colcon_core.verb:Building package 'create3_image' with the following arguments: {'ament_cmake_args': None, 'build_base': '/home/cyros/create3_cyros/build/create3_image', 'catkin_cmake_args': None, 'catkin_skip_building_tests': False, 'cmake_args': None, 'cmake_clean_cache': False, 'cmake_clean_first': False, 'cmake_force_configure': False, 'cmake_target': None, 'cmake_target_skip_unavailable': False, 'install_base': '/home/cyros/create3_cyros/install/create3_image', 'merge_install': False, 'path': '/home/cyros/create3_cyros/src/create3_image', 'symlink_install': True, 'test_result_base': None}
[2.407s] Level 5:colcon.colcon_core.verb:set package 'create3_msgs' build argument 'cmake_args' from command line to 'None'
[2.407s] Level 5:colcon.colcon_core.verb:set package 'create3_msgs' build argument 'cmake_target' from command line to 'None'
[2.407s] Level 5:colcon.colcon_core.verb:set package 'create3_msgs' build argument 'cmake_target_skip_unavailable' from command line to 'False'
[2.407s] Level 5:colcon.colcon_core.verb:set package 'create3_msgs' build argument 'cmake_clean_cache' from command line to 'False'
[2.407s] Level 5:colcon.colcon_core.verb:set package 'create3_msgs' build argument 'cmake_clean_first' from command line to 'False'
[2.407s] Level 5:colcon.colcon_core.verb:set package 'create3_msgs' build argument 'cmake_force_configure' from command line to 'False'
[2.407s] Level 5:colcon.colcon_core.verb:set package 'create3_msgs' build argument 'ament_cmake_args' from command line to 'None'
[2.408s] Level 5:colcon.colcon_core.verb:set package 'create3_msgs' build argument 'catkin_cmake_args' from command line to 'None'
[2.408s] Level 5:colcon.colcon_core.verb:set package 'create3_msgs' build argument 'catkin_skip_building_tests' from command line to 'False'
[2.408s] DEBUG:colcon.colcon_core.verb:Building package 'create3_msgs' with the following arguments: {'ament_cmake_args': None, 'build_base': '/home/cyros/create3_cyros/build/create3_msgs', 'catkin_cmake_args': None, 'catkin_skip_building_tests': False, 'cmake_args': None, 'cmake_clean_cache': False, 'cmake_clean_first': False, 'cmake_force_configure': False, 'cmake_target': None, 'cmake_target_skip_unavailable': False, 'install_base': '/home/cyros/create3_cyros/install/create3_msgs', 'merge_install': False, 'path': '/home/cyros/create3_cyros/src/create3_msgs', 'symlink_install': True, 'test_result_base': None}
[2.410s] Level 5:colcon.colcon_core.verb:set package 'create3_organize' build argument 'cmake_args' from command line to 'None'
[2.410s] Level 5:colcon.colcon_core.verb:set package 'create3_organize' build argument 'cmake_target' from command line to 'None'
[2.410s] Level 5:colcon.colcon_core.verb:set package 'create3_organize' build argument 'cmake_target_skip_unavailable' from command line to 'False'
[2.410s] Level 5:colcon.colcon_core.verb:set package 'create3_organize' build argument 'cmake_clean_cache' from command line to 'False'
[2.410s] Level 5:colcon.colcon_core.verb:set package 'create3_organize' build argument 'cmake_clean_first' from command line to 'False'
[2.411s] Level 5:colcon.colcon_core.verb:set package 'create3_organize' build argument 'cmake_force_configure' from command line to 'False'
[2.411s] Level 5:colcon.colcon_core.verb:set package 'create3_organize' build argument 'ament_cmake_args' from command line to 'None'
[2.411s] Level 5:colcon.colcon_core.verb:set package 'create3_organize' build argument 'catkin_cmake_args' from command line to 'None'
[2.411s] Level 5:colcon.colcon_core.verb:set package 'create3_organize' build argument 'catkin_skip_building_tests' from command line to 'False'
[2.411s] DEBUG:colcon.colcon_core.verb:Building package 'create3_organize' with the following arguments: {'ament_cmake_args': None, 'build_base': '/home/cyros/create3_cyros/build/create3_organize', 'catkin_cmake_args': None, 'catkin_skip_building_tests': False, 'cmake_args': None, 'cmake_clean_cache': False, 'cmake_clean_first': False, 'cmake_force_configure': False, 'cmake_target': None, 'cmake_target_skip_unavailable': False, 'install_base': '/home/cyros/create3_cyros/install/create3_organize', 'merge_install': False, 'path': '/home/cyros/create3_cyros/src/create3_organize', 'symlink_install': True, 'test_result_base': None}
[2.413s] Level 5:colcon.colcon_core.verb:set package 'create3_procedures' build argument 'cmake_args' from command line to 'None'
[2.413s] Level 5:colcon.colcon_core.verb:set package 'create3_procedures' build argument 'cmake_target' from command line to 'None'
[2.413s] Level 5:colcon.colcon_core.verb:set package 'create3_procedures' build argument 'cmake_target_skip_unavailable' from command line to 'False'
[2.413s] Level 5:colcon.colcon_core.verb:set package 'create3_procedures' build argument 'cmake_clean_cache' from command line to 'False'
[2.413s] Level 5:colcon.colcon_core.verb:set package 'create3_procedures' build argument 'cmake_clean_first' from command line to 'False'
[2.414s] Level 5:colcon.colcon_core.verb:set package 'create3_procedures' build argument 'cmake_force_configure' from command line to 'False'
[2.414s] Level 5:colcon.colcon_core.verb:set package 'create3_procedures' build argument 'ament_cmake_args' from command line to 'None'
[2.414s] Level 5:colcon.colcon_core.verb:set package 'create3_procedures' build argument 'catkin_cmake_args' from command line to 'None'
[2.414s] Level 5:colcon.colcon_core.verb:set package 'create3_procedures' build argument 'catkin_skip_building_tests' from command line to 'False'
[2.414s] DEBUG:colcon.colcon_core.verb:Building package 'create3_procedures' with the following arguments: {'ament_cmake_args': None, 'build_base': '/home/cyros/create3_cyros/build/create3_procedures', 'catkin_cmake_args': None, 'catkin_skip_building_tests': False, 'cmake_args': None, 'cmake_clean_cache': False, 'cmake_clean_first': False, 'cmake_force_configure': False, 'cmake_target': None, 'cmake_target_skip_unavailable': False, 'install_base': '/home/cyros/create3_cyros/install/create3_procedures', 'merge_install': False, 'path': '/home/cyros/create3_cyros/src/create3_procedures', 'symlink_install': True, 'test_result_base': None}
[2.416s] Level 5:colcon.colcon_core.verb:set package 'create3_teleop' build argument 'cmake_args' from command line to 'None'
[2.416s] Level 5:colcon.colcon_core.verb:set package 'create3_teleop' build argument 'cmake_target' from command line to 'None'
[2.416s] Level 5:colcon.colcon_core.verb:set package 'create3_teleop' build argument 'cmake_target_skip_unavailable' from command line to 'False'
[2.416s] Level 5:colcon.colcon_core.verb:set package 'create3_teleop' build argument 'cmake_clean_cache' from command line to 'False'
[2.416s] Level 5:colcon.colcon_core.verb:set package 'create3_teleop' build argument 'cmake_clean_first' from command line to 'False'
[2.416s] Level 5:colcon.colcon_core.verb:set package 'create3_teleop' build argument 'cmake_force_configure' from command line to 'False'
[2.416s] Level 5:colcon.colcon_core.verb:set package 'create3_teleop' build argument 'ament_cmake_args' from command line to 'None'
[2.417s] Level 5:colcon.colcon_core.verb:set package 'create3_teleop' build argument 'catkin_cmake_args' from command line to 'None'
[2.417s] Level 5:colcon.colcon_core.verb:set package 'create3_teleop' build argument 'catkin_skip_building_tests' from command line to 'False'
[2.417s] DEBUG:colcon.colcon_core.verb:Building package 'create3_teleop' with the following arguments: {'ament_cmake_args': None, 'build_base': '/home/cyros/create3_cyros/build/create3_teleop', 'catkin_cmake_args': None, 'catkin_skip_building_tests': False, 'cmake_args': None, 'cmake_clean_cache': False, 'cmake_clean_first': False, 'cmake_force_configure': False, 'cmake_target': None, 'cmake_target_skip_unavailable': False, 'install_base': '/home/cyros/create3_cyros/install/create3_teleop', 'merge_install': False, 'path': '/home/cyros/create3_cyros/src/create3_teleop', 'symlink_install': True, 'test_result_base': None}
[2.418s] INFO:colcon.colcon_core.executor:Executing jobs using 'parallel' executor
[2.422s] DEBUG:colcon.colcon_parallel_executor.executor.parallel:run_until_complete
[2.423s] INFO:colcon.colcon_ros.task.ament_python.build:Building ROS package in '/home/cyros/create3_cyros/src/create3_image' with build type 'ament_python'
[2.424s] Level 1:colcon.colcon_core.shell:create_environment_hook('create3_image', 'ament_prefix_path')
[2.436s] INFO:colcon.colcon_core.plugin_system:Skipping extension 'colcon_core.shell.bat': Not used on non-Windows systems
[2.438s] INFO:colcon.colcon_core.shell:Creating environment hook '/home/cyros/create3_cyros/install/create3_image/share/create3_image/hook/ament_prefix_path.ps1'
[2.444s] INFO:colcon.colcon_core.shell:Creating environment descriptor '/home/cyros/create3_cyros/install/create3_image/share/create3_image/hook/ament_prefix_path.dsv'
[2.446s] INFO:colcon.colcon_core.shell:Creating environment hook '/home/cyros/create3_cyros/install/create3_image/share/create3_image/hook/ament_prefix_path.sh'
[2.450s] INFO:colcon.colcon_core.shell:Skip shell extension 'powershell' for command environment: Not usable outside of PowerShell
[2.451s] DEBUG:colcon.colcon_core.shell:Skip shell extension 'dsv' for command environment
[2.471s] INFO:colcon.colcon_ros.task.ament_cmake.build:Building ROS package in '/home/cyros/create3_cyros/src/create3_msgs' with build type 'ament_cmake'
[2.471s] INFO:colcon.colcon_cmake.task.cmake.build:Building CMake package in '/home/cyros/create3_cyros/src/create3_msgs'
[2.473s] INFO:colcon.colcon_core.shell:Skip shell extension 'powershell' for command environment: Not usable outside of PowerShell
[2.474s] DEBUG:colcon.colcon_core.shell:Skip shell extension 'dsv' for command environment
[2.492s] INFO:colcon.colcon_ros.task.ament_python.build:Building ROS package in '/home/cyros/create3_cyros/src/create3_organize' with build type 'ament_python'
[2.494s] Level 1:colcon.colcon_core.shell:create_environment_hook('create3_organize', 'ament_prefix_path')
[2.495s] INFO:colcon.colcon_core.shell:Creating environment hook '/home/cyros/create3_cyros/install/create3_organize/share/create3_organize/hook/ament_prefix_path.ps1'
[2.499s] INFO:colcon.colcon_core.shell:Creating environment descriptor '/home/cyros/create3_cyros/install/create3_organize/share/create3_organize/hook/ament_prefix_path.dsv'
[2.501s] INFO:colcon.colcon_core.shell:Creating environment hook '/home/cyros/create3_cyros/install/create3_organize/share/create3_organize/hook/ament_prefix_path.sh'
[2.503s] INFO:colcon.colcon_core.shell:Skip shell extension 'powershell' for command environment: Not usable outside of PowerShell
[2.503s] DEBUG:colcon.colcon_core.shell:Skip shell extension 'dsv' for command environment
[2.530s] INFO:colcon.colcon_ros.task.ament_python.build:Building ROS package in '/home/cyros/create3_cyros/src/create3_procedures' with build type 'ament_python'
[2.534s] Level 1:colcon.colcon_core.shell:create_environment_hook('create3_procedures', 'ament_prefix_path')
[2.536s] INFO:colcon.colcon_core.shell:Creating environment hook '/home/cyros/create3_cyros/install/create3_procedures/share/create3_procedures/hook/ament_prefix_path.ps1'
[2.542s] INFO:colcon.colcon_core.shell:Creating environment descriptor '/home/cyros/create3_cyros/install/create3_procedures/share/create3_procedures/hook/ament_prefix_path.dsv'
[2.545s] INFO:colcon.colcon_core.shell:Creating environment hook '/home/cyros/create3_cyros/install/create3_procedures/share/create3_procedures/hook/ament_prefix_path.sh'
[2.549s] INFO:colcon.colcon_core.shell:Skip shell extension 'powershell' for command environment: Not usable outside of PowerShell
[2.550s] DEBUG:colcon.colcon_core.shell:Skip shell extension 'dsv' for command environment
[4.362s] INFO:colcon.colcon_core.task.python.build:Building Python package in '/home/cyros/create3_cyros/src/create3_image'
[4.364s] INFO:colcon.colcon_core.shell:Skip shell extension 'powershell' for command environment: Not usable outside of PowerShell
[4.364s] DEBUG:colcon.colcon_core.shell:Skip shell extension 'dsv' for command environment
[4.396s] DEBUG:colcon.colcon_core.event_handler.log_command:Invoking command in '/home/cyros/create3_cyros/build/create3_msgs': CMAKE_PREFIX_PATH=${CMAKE_PREFIX_PATH}:/home/cyros/create3_cyros/install/create3_teleop:/home/cyros/create3_cyros/install/create3_procedures:/home/cyros/create3_cyros/install/create3_organize:/home/cyros/create3_cyros/install/create3_image:/opt/ros/humble /usr/bin/cmake /home/cyros/create3_cyros/src/create3_msgs -DAMENT_CMAKE_SYMLINK_INSTALL=1 -DCMAKE_INSTALL_PREFIX=/home/cyros/create3_cyros/install/create3_msgs
[6.638s] INFO:colcon.colcon_core.task.python.build:Building Python package in '/home/cyros/create3_cyros/src/create3_organize'
[6.640s] INFO:colcon.colcon_core.shell:Skip shell extension 'powershell' for command environment: Not usable outside of PowerShell
[6.640s] DEBUG:colcon.colcon_core.shell:Skip shell extension 'dsv' for command environment
[8.880s] INFO:colcon.colcon_core.task.python.build:Building Python package in '/home/cyros/create3_cyros/src/create3_procedures'
[8.882s] INFO:colcon.colcon_core.shell:Skip shell extension 'powershell' for command environment: Not usable outside of PowerShell
[8.884s] DEBUG:colcon.colcon_core.shell:Skip shell extension 'dsv' for command environment
[12.790s] DEBUG:colcon.colcon_core.event_handler.log_command:Invoking command in '/home/cyros/create3_cyros/build/create3_procedures': PYTHONPATH=/home/cyros/create3_cyros/build/create3_procedures/prefix_override:/home/cyros/create3_cyros/install/create3_procedures/lib/python3.10/site-packages:${PYTHONPATH} /usr/bin/python3 -W ignore:setup.py install is deprecated setup.py develop --editable --build-directory /home/cyros/create3_cyros/build/create3_procedures/build --no-deps symlink_data
[12.887s] DEBUG:colcon.colcon_core.event_handler.log_command:Invoking command in '/home/cyros/create3_cyros/build/create3_organize': PYTHONPATH=/home/cyros/create3_cyros/build/create3_organize/prefix_override:/home/cyros/create3_cyros/install/create3_organize/lib/python3.10/site-packages:${PYTHONPATH} /usr/bin/python3 -W ignore:setup.py install is deprecated setup.py develop --editable --build-directory /home/cyros/create3_cyros/build/create3_organize/build --no-deps symlink_data
[13.093s] DEBUG:colcon.colcon_core.event_handler.log_command:Invoking command in '/home/cyros/create3_cyros/build/create3_image': PYTHONPATH=/home/cyros/create3_cyros/build/create3_image/prefix_override:/home/cyros/create3_cyros/install/create3_image/lib/python3.10/site-packages:${PYTHONPATH} /usr/bin/python3 -W ignore:setup.py install is deprecated setup.py develop --editable --build-directory /home/cyros/create3_cyros/build/create3_image/build --no-deps symlink_data
[17.274s] Level 1:colcon.colcon_core.shell:create_environment_hook('create3_procedures', 'pythonpath_develop')
[17.275s] INFO:colcon.colcon_core.shell:Creating environment hook '/home/cyros/create3_cyros/build/create3_procedures/share/create3_procedures/hook/pythonpath_develop.ps1'
[17.279s] INFO:colcon.colcon_core.shell:Creating environment descriptor '/home/cyros/create3_cyros/build/create3_procedures/share/create3_procedures/hook/pythonpath_develop.dsv'
[17.281s] INFO:colcon.colcon_core.shell:Creating environment hook '/home/cyros/create3_cyros/build/create3_procedures/share/create3_procedures/hook/pythonpath_develop.sh'
[17.284s] DEBUG:colcon.colcon_core.event_handler.log_command:Invoked command in '/home/cyros/create3_cyros/build/create3_procedures' returned '0': PYTHONPATH=/home/cyros/create3_cyros/build/create3_procedures/prefix_override:/home/cyros/create3_cyros/install/create3_procedures/lib/python3.10/site-packages:${PYTHONPATH} /usr/bin/python3 -W ignore:setup.py install is deprecated setup.py develop --editable --build-directory /home/cyros/create3_cyros/build/create3_procedures/build --no-deps symlink_data
[17.317s] Level 1:colcon.colcon_core.environment:checking '/home/cyros/create3_cyros/install/create3_procedures' for CMake module files
[17.321s] Level 1:colcon.colcon_core.environment:checking '/home/cyros/create3_cyros/install/create3_procedures' for CMake config files
[17.331s] Level 1:colcon.colcon_core.environment:checking '/home/cyros/create3_cyros/install/create3_procedures/lib'
[17.332s] Level 1:colcon.colcon_core.environment:checking '/home/cyros/create3_cyros/install/create3_procedures/bin'
[17.337s] Level 1:colcon.colcon_core.environment:checking '/home/cyros/create3_cyros/install/create3_procedures/lib/pkgconfig/create3_procedures.pc'
[17.339s] Level 1:colcon.colcon_core.environment:checking '/home/cyros/create3_cyros/install/create3_procedures/lib/python3.10/site-packages'
[17.350s] Level 1:colcon.colcon_core.shell:create_environment_hook('create3_procedures', 'pythonpath')
[17.356s] INFO:colcon.colcon_core.shell:Creating environment hook '/home/cyros/create3_cyros/install/create3_procedures/share/create3_procedures/hook/pythonpath.ps1'
[17.366s] INFO:colcon.colcon_core.shell:Creating environment descriptor '/home/cyros/create3_cyros/install/create3_procedures/share/create3_procedures/hook/pythonpath.dsv'
[17.370s] INFO:colcon.colcon_core.shell:Creating environment hook '/home/cyros/create3_cyros/install/create3_procedures/share/create3_procedures/hook/pythonpath.sh'
[17.374s] Level 1:colcon.colcon_core.environment:checking '/home/cyros/create3_cyros/install/create3_procedures/bin'
[17.375s] Level 1:colcon.colcon_core.environment:create_environment_scripts_only(create3_procedures)
[17.377s] INFO:colcon.colcon_core.shell:Creating package script '/home/cyros/create3_cyros/install/create3_procedures/share/create3_procedures/package.ps1'
[17.383s] INFO:colcon.colcon_core.shell:Creating package descriptor '/home/cyros/create3_cyros/install/create3_procedures/share/create3_procedures/package.dsv'
[17.389s] INFO:colcon.colcon_core.shell:Creating package script '/home/cyros/create3_cyros/install/create3_procedures/share/create3_procedures/package.sh'
[17.395s] INFO:colcon.colcon_core.shell:Creating package script '/home/cyros/create3_cyros/install/create3_procedures/share/create3_procedures/package.bash'
[17.403s] INFO:colcon.colcon_core.shell:Creating package script '/home/cyros/create3_cyros/install/create3_procedures/share/create3_procedures/package.zsh'
[17.408s] Level 1:colcon.colcon_core.environment:create_file_with_runtime_dependencies(/home/cyros/create3_cyros/install/create3_procedures/share/colcon-core/packages/create3_procedures)
[17.417s] INFO:colcon.colcon_ros.task.ament_python.build:Building ROS package in '/home/cyros/create3_cyros/src/create3_teleop' with build type 'ament_python'
[17.419s] Level 1:colcon.colcon_core.shell:create_environment_hook('create3_teleop', 'ament_prefix_path')
[17.420s] INFO:colcon.colcon_core.shell:Creating environment hook '/home/cyros/create3_cyros/install/create3_teleop/share/create3_teleop/hook/ament_prefix_path.ps1'
[17.427s] INFO:colcon.colcon_core.shell:Creating environment descriptor '/home/cyros/create3_cyros/install/create3_teleop/share/create3_teleop/hook/ament_prefix_path.dsv'
[17.431s] INFO:colcon.colcon_core.shell:Creating environment hook '/home/cyros/create3_cyros/install/create3_teleop/share/create3_teleop/hook/ament_prefix_path.sh'
[17.439s] INFO:colcon.colcon_core.shell:Skip shell extension 'powershell' for command environment: Not usable outside of PowerShell
[17.440s] DEBUG:colcon.colcon_core.shell:Skip shell extension 'dsv' for command environment
[20.857s] INFO:colcon.colcon_core.task.python.build:Building Python package in '/home/cyros/create3_cyros/src/create3_teleop'
[20.859s] INFO:colcon.colcon_core.shell:Skip shell extension 'powershell' for command environment: Not usable outside of PowerShell
[20.860s] DEBUG:colcon.colcon_core.shell:Skip shell extension 'dsv' for command environment
[20.893s] Level 1:colcon.colcon_core.shell:create_environment_hook('create3_image', 'pythonpath_develop')
[20.897s] INFO:colcon.colcon_core.shell:Creating environment hook '/home/cyros/create3_cyros/build/create3_image/share/create3_image/hook/pythonpath_develop.ps1'
[20.895s] DEBUG:colcon.colcon_core.event_handler.log_command:Invoked command in '/home/cyros/create3_cyros/build/create3_image' returned '0': PYTHONPATH=/home/cyros/create3_cyros/build/create3_image/prefix_override:/home/cyros/create3_cyros/install/create3_image/lib/python3.10/site-packages:${PYTHONPATH} /usr/bin/python3 -W ignore:setup.py install is deprecated setup.py develop --editable --build-directory /home/cyros/create3_cyros/build/create3_image/build --no-deps symlink_data
[20.904s] INFO:colcon.colcon_core.shell:Creating environment descriptor '/home/cyros/create3_cyros/build/create3_image/share/create3_image/hook/pythonpath_develop.dsv'
[20.907s] INFO:colcon.colcon_core.shell:Creating environment hook '/home/cyros/create3_cyros/build/create3_image/share/create3_image/hook/pythonpath_develop.sh'
[20.910s] Level 1:colcon.colcon_core.environment:checking '/home/cyros/create3_cyros/install/create3_image' for CMake module files
[20.913s] Level 1:colcon.colcon_core.environment:checking '/home/cyros/create3_cyros/install/create3_image' for CMake config files
[20.920s] Level 1:colcon.colcon_core.environment:checking '/home/cyros/create3_cyros/install/create3_image/lib'
[20.921s] Level 1:colcon.colcon_core.environment:checking '/home/cyros/create3_cyros/install/create3_image/bin'
[20.923s] Level 1:colcon.colcon_core.environment:checking '/home/cyros/create3_cyros/install/create3_image/lib/pkgconfig/create3_image.pc'
[20.925s] Level 1:colcon.colcon_core.environment:checking '/home/cyros/create3_cyros/install/create3_image/lib/python3.10/site-packages'
[20.927s] Level 1:colcon.colcon_core.shell:create_environment_hook('create3_image', 'pythonpath')
[20.929s] INFO:colcon.colcon_core.shell:Creating environment hook '/home/cyros/create3_cyros/install/create3_image/share/create3_image/hook/pythonpath.ps1'
[20.934s] INFO:colcon.colcon_core.shell:Creating environment descriptor '/home/cyros/create3_cyros/install/create3_image/share/create3_image/hook/pythonpath.dsv'
[20.937s] INFO:colcon.colcon_core.shell:Creating environment hook '/home/cyros/create3_cyros/install/create3_image/share/create3_image/hook/pythonpath.sh'
[20.949s] Level 1:colcon.colcon_core.environment:checking '/home/cyros/create3_cyros/install/create3_image/bin'
[20.958s] Level 1:colcon.colcon_core.environment:create_environment_scripts_only(create3_image)
[20.961s] INFO:colcon.colcon_core.shell:Creating package script '/home/cyros/create3_cyros/install/create3_image/share/create3_image/package.ps1'
[20.981s] INFO:colcon.colcon_core.shell:Creating package descriptor '/home/cyros/create3_cyros/install/create3_image/share/create3_image/package.dsv'
[20.985s] INFO:colcon.colcon_core.shell:Creating package script '/home/cyros/create3_cyros/install/create3_image/share/create3_image/package.sh'
[20.989s] INFO:colcon.colcon_core.shell:Creating package script '/home/cyros/create3_cyros/install/create3_image/share/create3_image/package.bash'
[20.992s] INFO:colcon.colcon_core.shell:Creating package script '/home/cyros/create3_cyros/install/create3_image/share/create3_image/package.zsh'
[20.995s] Level 1:colcon.colcon_core.environment:create_file_with_runtime_dependencies(/home/cyros/create3_cyros/install/create3_image/share/colcon-core/packages/create3_image)
[21.000s] Level 1:colcon.colcon_core.shell:create_environment_hook('create3_organize', 'pythonpath_develop')
[21.002s] DEBUG:colcon.colcon_core.event_handler.log_command:Invoked command in '/home/cyros/create3_cyros/build/create3_organize' returned '0': PYTHONPATH=/home/cyros/create3_cyros/build/create3_organize/prefix_override:/home/cyros/create3_cyros/install/create3_organize/lib/python3.10/site-packages:${PYTHONPATH} /usr/bin/python3 -W ignore:setup.py install is deprecated setup.py develop --editable --build-directory /home/cyros/create3_cyros/build/create3_organize/build --no-deps symlink_data
[21.004s] INFO:colcon.colcon_core.shell:Creating environment hook '/home/cyros/create3_cyros/build/create3_organize/share/create3_organize/hook/pythonpath_develop.ps1'
[21.012s] INFO:colcon.colcon_core.shell:Creating environment descriptor '/home/cyros/create3_cyros/build/create3_organize/share/create3_organize/hook/pythonpath_develop.dsv'
[21.016s] INFO:colcon.colcon_core.shell:Creating environment hook '/home/cyros/create3_cyros/build/create3_organize/share/create3_organize/hook/pythonpath_develop.sh'
[21.021s] Level 1:colcon.colcon_core.environment:checking '/home/cyros/create3_cyros/install/create3_organize' for CMake module files
[21.024s] Level 1:colcon.colcon_core.environment:checking '/home/cyros/create3_cyros/install/create3_organize' for CMake config files
[21.032s] Level 1:colcon.colcon_core.environment:checking '/home/cyros/create3_cyros/install/create3_organize/lib'
[21.033s] Level 1:colcon.colcon_core.environment:checking '/home/cyros/create3_cyros/install/create3_organize/bin'
[21.034s] Level 1:colcon.colcon_core.environment:checking '/home/cyros/create3_cyros/install/create3_organize/lib/pkgconfig/create3_organize.pc'
[21.036s] Level 1:colcon.colcon_core.environment:checking '/home/cyros/create3_cyros/install/create3_organize/lib/python3.10/site-packages'
[21.037s] Level 1:colcon.colcon_core.shell:create_environment_hook('create3_organize', 'pythonpath')
[21.039s] INFO:colcon.colcon_core.shell:Creating environment hook '/home/cyros/create3_cyros/install/create3_organize/share/create3_organize/hook/pythonpath.ps1'
[21.042s] INFO:colcon.colcon_core.shell:Creating environment descriptor '/home/cyros/create3_cyros/install/create3_organize/share/create3_organize/hook/pythonpath.dsv'
[21.045s] INFO:colcon.colcon_core.shell:Creating environment hook '/home/cyros/create3_cyros/install/create3_organize/share/create3_organize/hook/pythonpath.sh'
[21.049s] Level 1:colcon.colcon_core.environment:checking '/home/cyros/create3_cyros/install/create3_organize/bin'
[21.050s] Level 1:colcon.colcon_core.environment:create_environment_scripts_only(create3_organize)
[21.052s] INFO:colcon.colcon_core.shell:Creating package script '/home/cyros/create3_cyros/install/create3_organize/share/create3_organize/package.ps1'
[21.057s] INFO:colcon.colcon_core.shell:Creating package descriptor '/home/cyros/create3_cyros/install/create3_organize/share/create3_organize/package.dsv'
[21.062s] INFO:colcon.colcon_core.shell:Creating package script '/home/cyros/create3_cyros/install/create3_organize/share/create3_organize/package.sh'
[21.067s] INFO:colcon.colcon_core.shell:Creating package script '/home/cyros/create3_cyros/install/create3_organize/share/create3_organize/package.bash'
[21.072s] INFO:colcon.colcon_core.shell:Creating package script '/home/cyros/create3_cyros/install/create3_organize/share/create3_organize/package.zsh'
[21.077s] Level 1:colcon.colcon_core.environment:create_file_with_runtime_dependencies(/home/cyros/create3_cyros/install/create3_organize/share/colcon-core/packages/create3_organize)
[24.021s] DEBUG:colcon.colcon_core.event_handler.log_command:Invoked command in '/home/cyros/create3_cyros/build/create3_msgs' returned '0': CMAKE_PREFIX_PATH=${CMAKE_PREFIX_PATH}:/home/cyros/create3_cyros/install/create3_teleop:/home/cyros/create3_cyros/install/create3_procedures:/home/cyros/create3_cyros/install/create3_organize:/home/cyros/create3_cyros/install/create3_image:/opt/ros/humble /usr/bin/cmake /home/cyros/create3_cyros/src/create3_msgs -DAMENT_CMAKE_SYMLINK_INSTALL=1 -DCMAKE_INSTALL_PREFIX=/home/cyros/create3_cyros/install/create3_msgs
[24.023s] DEBUG:colcon.colcon_core.event_handler.log_command:Invoking command in '/home/cyros/create3_cyros/build/create3_msgs': CMAKE_PREFIX_PATH=${CMAKE_PREFIX_PATH}:/home/cyros/create3_cyros/install/create3_teleop:/home/cyros/create3_cyros/install/create3_procedures:/home/cyros/create3_cyros/install/create3_organize:/home/cyros/create3_cyros/install/create3_image:/opt/ros/humble /usr/bin/cmake --build /home/cyros/create3_cyros/build/create3_msgs -- -j4 -l4
[24.497s] DEBUG:colcon.colcon_core.event_handler.log_command:Invoking command in '/home/cyros/create3_cyros/build/create3_teleop': PYTHONPATH=/home/cyros/create3_cyros/build/create3_teleop/prefix_override:/home/cyros/create3_cyros/install/create3_teleop/lib/python3.10/site-packages:${PYTHONPATH} /usr/bin/python3 -W ignore:setup.py install is deprecated setup.py develop --editable --build-directory /home/cyros/create3_cyros/build/create3_teleop/build --no-deps symlink_data
[28.602s] Level 1:colcon.colcon_core.shell:create_environment_hook('create3_teleop', 'pythonpath_develop')
[28.609s] INFO:colcon.colcon_core.shell:Creating environment hook '/home/cyros/create3_cyros/build/create3_teleop/share/create3_teleop/hook/pythonpath_develop.ps1'
[28.612s] INFO:colcon.colcon_core.shell:Creating environment descriptor '/home/cyros/create3_cyros/build/create3_teleop/share/create3_teleop/hook/pythonpath_develop.dsv'
[28.616s] DEBUG:colcon.colcon_core.event_handler.log_command:Invoked command in '/home/cyros/create3_cyros/build/create3_teleop' returned '0': PYTHONPATH=/home/cyros/create3_cyros/build/create3_teleop/prefix_override:/home/cyros/create3_cyros/install/create3_teleop/lib/python3.10/site-packages:${PYTHONPATH} /usr/bin/python3 -W ignore:setup.py install is deprecated setup.py develop --editable --build-directory /home/cyros/create3_cyros/build/create3_teleop/build --no-deps symlink_data
[28.629s] INFO:colcon.colcon_core.shell:Creating environment hook '/home/cyros/create3_cyros/build/create3_teleop/share/create3_teleop/hook/pythonpath_develop.sh'
[28.636s] Level 1:colcon.colcon_core.environment:checking '/home/cyros/create3_cyros/install/create3_teleop' for CMake module files
[28.641s] Level 1:colcon.colcon_core.environment:checking '/home/cyros/create3_cyros/install/create3_teleop' for CMake config files
[28.645s] Level 1:colcon.colcon_core.environment:checking '/home/cyros/create3_cyros/install/create3_teleop/lib'
[28.646s] Level 1:colcon.colcon_core.environment:checking '/home/cyros/create3_cyros/install/create3_teleop/bin'
[28.646s] Level 1:colcon.colcon_core.environment:checking '/home/cyros/create3_cyros/install/create3_teleop/lib/pkgconfig/create3_teleop.pc'
[28.648s] Level 1:colcon.colcon_core.environment:checking '/home/cyros/create3_cyros/install/create3_teleop/lib/python3.10/site-packages'
[28.649s] Level 1:colcon.colcon_core.shell:create_environment_hook('create3_teleop', 'pythonpath')
[28.650s] INFO:colcon.colcon_core.shell:Creating environment hook '/home/cyros/create3_cyros/install/create3_teleop/share/create3_teleop/hook/pythonpath.ps1'
[28.652s] INFO:colcon.colcon_core.shell:Creating environment descriptor '/home/cyros/create3_cyros/install/create3_teleop/share/create3_teleop/hook/pythonpath.dsv'
[28.655s] INFO:colcon.colcon_core.shell:Creating environment hook '/home/cyros/create3_cyros/install/create3_teleop/share/create3_teleop/hook/pythonpath.sh'
[28.659s] Level 1:colcon.colcon_core.environment:checking '/home/cyros/create3_cyros/install/create3_teleop/bin'
[28.661s] Level 1:colcon.colcon_core.environment:create_environment_scripts_only(create3_teleop)
[28.663s] INFO:colcon.colcon_core.shell:Creating package script '/home/cyros/create3_cyros/install/create3_teleop/share/create3_teleop/package.ps1'
[28.667s] INFO:colcon.colcon_core.shell:Creating package descriptor '/home/cyros/create3_cyros/install/create3_teleop/share/create3_teleop/package.dsv'
[28.684s] INFO:colcon.colcon_core.shell:Creating package script '/home/cyros/create3_cyros/install/create3_teleop/share/create3_teleop/package.sh'
[28.687s] INFO:colcon.colcon_core.shell:Creating package script '/home/cyros/create3_cyros/install/create3_teleop/share/create3_teleop/package.bash'
[28.689s] INFO:colcon.colcon_core.shell:Creating package script '/home/cyros/create3_cyros/install/create3_teleop/share/create3_teleop/package.zsh'
[28.692s] Level 1:colcon.colcon_core.environment:create_file_with_runtime_dependencies(/home/cyros/create3_cyros/install/create3_teleop/share/colcon-core/packages/create3_teleop)
[41.843s] DEBUG:colcon.colcon_core.event_handler.log_command:Invoked command in '/home/cyros/create3_cyros/build/create3_msgs' returned '0': CMAKE_PREFIX_PATH=${CMAKE_PREFIX_PATH}:/home/cyros/create3_cyros/install/create3_teleop:/home/cyros/create3_cyros/install/create3_procedures:/home/cyros/create3_cyros/install/create3_organize:/home/cyros/create3_cyros/install/create3_image:/opt/ros/humble /usr/bin/cmake --build /home/cyros/create3_cyros/build/create3_msgs -- -j4 -l4
[42.264s] DEBUG:colcon.colcon_core.event_handler.log_command:Invoking command in '/home/cyros/create3_cyros/build/create3_msgs': CMAKE_PREFIX_PATH=${CMAKE_PREFIX_PATH}:/home/cyros/create3_cyros/install/create3_teleop:/home/cyros/create3_cyros/install/create3_procedures:/home/cyros/create3_cyros/install/create3_organize:/home/cyros/create3_cyros/install/create3_image:/opt/ros/humble /usr/bin/cmake --install /home/cyros/create3_cyros/build/create3_msgs
[44.835s] Level 1:colcon.colcon_core.environment:create_environment_scripts_only(create3_msgs)
[44.837s] Level 1:colcon.colcon_core.environment:checking '/home/cyros/create3_cyros/install/create3_msgs' for CMake module files
[44.843s] DEBUG:colcon.colcon_core.event_handler.log_command:Invoked command in '/home/cyros/create3_cyros/build/create3_msgs' returned '0': CMAKE_PREFIX_PATH=${CMAKE_PREFIX_PATH}:/home/cyros/create3_cyros/install/create3_teleop:/home/cyros/create3_cyros/install/create3_procedures:/home/cyros/create3_cyros/install/create3_organize:/home/cyros/create3_cyros/install/create3_image:/opt/ros/humble /usr/bin/cmake --install /home/cyros/create3_cyros/build/create3_msgs
[44.844s] Level 1:colcon.colcon_core.environment:checking '/home/cyros/create3_cyros/install/create3_msgs' for CMake config files
[44.853s] Level 1:colcon.colcon_core.shell:create_environment_hook('create3_msgs', 'cmake_prefix_path')
[44.855s] INFO:colcon.colcon_core.shell:Creating environment hook '/home/cyros/create3_cyros/install/create3_msgs/share/create3_msgs/hook/cmake_prefix_path.ps1'
[44.859s] INFO:colcon.colcon_core.shell:Creating environment descriptor '/home/cyros/create3_cyros/install/create3_msgs/share/create3_msgs/hook/cmake_prefix_path.dsv'
[44.861s] INFO:colcon.colcon_core.shell:Creating environment hook '/home/cyros/create3_cyros/install/create3_msgs/share/create3_msgs/hook/cmake_prefix_path.sh'
[44.866s] Level 1:colcon.colcon_core.environment:checking '/home/cyros/create3_cyros/install/create3_msgs/lib'
[44.868s] Level 1:colcon.colcon_core.shell:create_environment_hook('create3_msgs', 'ld_library_path_lib')
[44.871s] INFO:colcon.colcon_core.shell:Creating environment hook '/home/cyros/create3_cyros/install/create3_msgs/share/create3_msgs/hook/ld_library_path_lib.ps1'
[44.874s] INFO:colcon.colcon_core.shell:Creating environment descriptor '/home/cyros/create3_cyros/install/create3_msgs/share/create3_msgs/hook/ld_library_path_lib.dsv'
[44.877s] INFO:colcon.colcon_core.shell:Creating environment hook '/home/cyros/create3_cyros/install/create3_msgs/share/create3_msgs/hook/ld_library_path_lib.sh'
[44.879s] Level 1:colcon.colcon_core.environment:checking '/home/cyros/create3_cyros/install/create3_msgs/bin'
[44.880s] Level 1:colcon.colcon_core.environment:checking '/home/cyros/create3_cyros/install/create3_msgs/lib/pkgconfig/create3_msgs.pc'
[44.883s] Level 1:colcon.colcon_core.environment:checking '/home/cyros/create3_cyros/install/create3_msgs/lib/python3.10/site-packages'
[44.885s] Level 1:colcon.colcon_core.environment:checking '/home/cyros/create3_cyros/install/create3_msgs/bin'
[44.887s] INFO:colcon.colcon_core.shell:Creating package script '/home/cyros/create3_cyros/install/create3_msgs/share/create3_msgs/package.ps1'
[44.891s] INFO:colcon.colcon_core.shell:Creating package descriptor '/home/cyros/create3_cyros/install/create3_msgs/share/create3_msgs/package.dsv'
[44.895s] INFO:colcon.colcon_core.shell:Creating package script '/home/cyros/create3_cyros/install/create3_msgs/share/create3_msgs/package.sh'
[44.898s] INFO:colcon.colcon_core.shell:Creating package script '/home/cyros/create3_cyros/install/create3_msgs/share/create3_msgs/package.bash'
[44.901s] INFO:colcon.colcon_core.shell:Creating package script '/home/cyros/create3_cyros/install/create3_msgs/share/create3_msgs/package.zsh'
[44.904s] Level 1:colcon.colcon_core.environment:create_file_with_runtime_dependencies(/home/cyros/create3_cyros/install/create3_msgs/share/colcon-core/packages/create3_msgs)
[45.314s] Level 1:colcon.colcon_core.environment:create_environment_scripts_only(create3_msgs)
[45.316s] Level 1:colcon.colcon_core.environment:checking '/home/cyros/create3_cyros/install/create3_msgs' for CMake module files
[45.320s] Level 1:colcon.colcon_core.environment:checking '/home/cyros/create3_cyros/install/create3_msgs' for CMake config files
[45.326s] Level 1:colcon.colcon_core.shell:create_environment_hook('create3_msgs', 'cmake_prefix_path')
[45.328s] INFO:colcon.colcon_core.shell:Creating environment hook '/home/cyros/create3_cyros/install/create3_msgs/share/create3_msgs/hook/cmake_prefix_path.ps1'
[45.330s] INFO:colcon.colcon_core.shell:Creating environment descriptor '/home/cyros/create3_cyros/install/create3_msgs/share/create3_msgs/hook/cmake_prefix_path.dsv'
[45.332s] INFO:colcon.colcon_core.shell:Creating environment hook '/home/cyros/create3_cyros/install/create3_msgs/share/create3_msgs/hook/cmake_prefix_path.sh'
[45.335s] Level 1:colcon.colcon_core.environment:checking '/home/cyros/create3_cyros/install/create3_msgs/lib'
[45.336s] Level 1:colcon.colcon_core.shell:create_environment_hook('create3_msgs', 'ld_library_path_lib')
[45.337s] INFO:colcon.colcon_core.shell:Creating environment hook '/home/cyros/create3_cyros/install/create3_msgs/share/create3_msgs/hook/ld_library_path_lib.ps1'
[45.340s] INFO:colcon.colcon_core.shell:Creating environment descriptor '/home/cyros/create3_cyros/install/create3_msgs/share/create3_msgs/hook/ld_library_path_lib.dsv'
[45.342s] INFO:colcon.colcon_core.shell:Creating environment hook '/home/cyros/create3_cyros/install/create3_msgs/share/create3_msgs/hook/ld_library_path_lib.sh'
[45.344s] Level 1:colcon.colcon_core.environment:checking '/home/cyros/create3_cyros/install/create3_msgs/bin'
[45.345s] Level 1:colcon.colcon_core.environment:checking '/home/cyros/create3_cyros/install/create3_msgs/lib/pkgconfig/create3_msgs.pc'
[45.346s] Level 1:colcon.colcon_core.environment:checking '/home/cyros/create3_cyros/install/create3_msgs/lib/python3.10/site-packages'
[45.347s] Level 1:colcon.colcon_core.environment:checking '/home/cyros/create3_cyros/install/create3_msgs/bin'
[45.349s] INFO:colcon.colcon_core.shell:Creating package script '/home/cyros/create3_cyros/install/create3_msgs/share/create3_msgs/package.ps1'
[45.352s] INFO:colcon.colcon_core.shell:Creating package descriptor '/home/cyros/create3_cyros/install/create3_msgs/share/create3_msgs/package.dsv'
[45.356s] INFO:colcon.colcon_core.shell:Creating package script '/home/cyros/create3_cyros/install/create3_msgs/share/create3_msgs/package.sh'
[45.359s] INFO:colcon.colcon_core.shell:Creating package script '/home/cyros/create3_cyros/install/create3_msgs/share/create3_msgs/package.bash'
[45.362s] INFO:colcon.colcon_core.shell:Creating package script '/home/cyros/create3_cyros/install/create3_msgs/share/create3_msgs/package.zsh'
[45.364s] Level 1:colcon.colcon_core.environment:create_file_with_runtime_dependencies(/home/cyros/create3_cyros/install/create3_msgs/share/colcon-core/packages/create3_msgs)
[45.371s] DEBUG:colcon.colcon_parallel_executor.executor.parallel:closing loop
[45.376s] DEBUG:colcon.colcon_parallel_executor.executor.parallel:loop closed
[45.378s] DEBUG:colcon.colcon_parallel_executor.executor.parallel:run_until_complete finished with '0'
[45.379s] DEBUG:colcon.colcon_core.event_reactor:joining thread
[45.427s] INFO:colcon.colcon_core.plugin_system:Skipping extension 'colcon_notification.desktop_notification.terminal_notifier': Not used on non-Darwin systems
[45.427s] INFO:colcon.colcon_core.plugin_system:Skipping extension 'colcon_notification.desktop_notification.win32': Not used on non-Windows systems
[45.428s] INFO:colcon.colcon_notification.desktop_notification:Sending desktop notification using 'notify2'
[45.434s] DEBUG:colcon.colcon_notification.desktop_notification.notify2:Failed to initialize notify2: org.freedesktop.DBus.Error.ServiceUnknown: The name org.freedesktop.Notifications was not provided by any .service files
[45.434s] DEBUG:colcon.colcon_core.event_reactor:joined thread
[45.437s] INFO:colcon.colcon_core.shell:Creating prefix script '/home/cyros/create3_cyros/install/local_setup.ps1'
[45.442s] INFO:colcon.colcon_core.shell:Creating prefix util module '/home/cyros/create3_cyros/install/_local_setup_util_ps1.py'
[45.454s] INFO:colcon.colcon_core.shell:Creating prefix chain script '/home/cyros/create3_cyros/install/setup.ps1'
[45.462s] INFO:colcon.colcon_core.shell:Creating prefix script '/home/cyros/create3_cyros/install/local_setup.sh'
[45.466s] INFO:colcon.colcon_core.shell:Creating prefix util module '/home/cyros/create3_cyros/install/_local_setup_util_sh.py'
[45.469s] INFO:colcon.colcon_core.shell:Creating prefix chain script '/home/cyros/create3_cyros/install/setup.sh'
[45.478s] INFO:colcon.colcon_core.shell:Creating prefix script '/home/cyros/create3_cyros/install/local_setup.bash'
[45.482s] INFO:colcon.colcon_core.shell:Creating prefix chain script '/home/cyros/create3_cyros/install/setup.bash'
[45.488s] INFO:colcon.colcon_core.shell:Creating prefix script '/home/cyros/create3_cyros/install/local_setup.zsh'
[45.492s] INFO:colcon.colcon_core.shell:Creating prefix chain script '/home/cyros/create3_cyros/install/setup.zsh'
