[12.863s] Invoking command in '/home/cyros/create3_cyros/build/teleop_twist_keyboard': PYTHONPATH=/home/cyros/create3_cyros/build/teleop_twist_keyboard/prefix_override:/home/cyros/create3_cyros/install/teleop_twist_keyboard/lib/python3.10/site-packages:${PYTHONPATH} /usr/bin/python3 -W ignore:setup.py install is deprecated setup.py develop --editable --build-directory /home/cyros/create3_cyros/build/teleop_twist_keyboard/build --no-deps
[16.557s] running develop
[16.559s] /usr/lib/python3/dist-packages/setuptools/command/easy_install.py:158: EasyInstallDeprecationWarning: easy_install command is deprecated. Use build and pip and other standards-based tools.
[16.559s]   warnings.warn(
[17.762s] running egg_info
[17.766s] creating teleop_twist_keyboard.egg-info
[17.766s] writing teleop_twist_keyboard.egg-info/PKG-INFO
[17.767s] writing dependency_links to teleop_twist_keyboard.egg-info/dependency_links.txt
[17.772s] writing entry points to teleop_twist_keyboard.egg-info/entry_points.txt
[17.772s] writing requirements to teleop_twist_keyboard.egg-info/requires.txt
[17.773s] writing top-level names to teleop_twist_keyboard.egg-info/top_level.txt
[17.773s] writing manifest file 'teleop_twist_keyboard.egg-info/SOURCES.txt'
[17.775s] reading manifest file 'teleop_twist_keyboard.egg-info/SOURCES.txt'
[17.778s] writing manifest file 'teleop_twist_keyboard.egg-info/SOURCES.txt'
[17.787s] running build_ext
[17.788s] Creating /home/cyros/create3_cyros/install/teleop_twist_keyboard/lib/python3.10/site-packages/teleop-twist-keyboard.egg-link (link to .)
[17.793s] Installing teleop_twist_keyboard script to /home/cyros/create3_cyros/install/teleop_twist_keyboard/bin
[17.795s] 
[17.796s] Installed /home/cyros/create3_cyros/build/teleop_twist_keyboard
[17.996s] Invoked command in '/home/cyros/create3_cyros/build/teleop_twist_keyboard' returned '0': PYTHONPATH=/home/cyros/create3_cyros/build/teleop_twist_keyboard/prefix_override:/home/cyros/create3_cyros/install/teleop_twist_keyboard/lib/python3.10/site-packages:${PYTHONPATH} /usr/bin/python3 -W ignore:setup.py install is deprecated setup.py develop --editable --build-directory /home/cyros/create3_cyros/build/teleop_twist_keyboard/build --no-deps
