running develop
running egg_info
creating create3_image.egg-info
writing create3_image.egg-info/PKG-INFO
writing dependency_links to create3_image.egg-info/dependency_links.txt
writing entry points to create3_image.egg-info/entry_points.txt
writing requirements to create3_image.egg-info/requires.txt
writing top-level names to create3_image.egg-info/top_level.txt
writing manifest file 'create3_image.egg-info/SOURCES.txt'
reading manifest file 'create3_image.egg-info/SOURCES.txt'
writing manifest file 'create3_image.egg-info/SOURCES.txt'
running build_ext
Creating /home/cyros/create3_cyros/install/create3_image/lib/python3.10/site-packages/create3-image.egg-link (link to .)
Installing server script to /home/cyros/create3_cyros/install/create3_image/lib/create3_image
Installing webcam script to /home/cyros/create3_cyros/install/create3_image/lib/create3_image

Installed /home/cyros/create3_cyros/build/create3_image
running symlink_data
creating /home/cyros/create3_cyros/install/create3_image/share/create3_image/launch
symbolically linking /home/cyros/create3_cyros/build/create3_image/launch/st_launch.py -> /home/cyros/create3_cyros/install/create3_image/share/create3_image/launch
symbolically linking /home/cyros/create3_cyros/build/create3_image/launch/launch.py -> /home/cyros/create3_cyros/install/create3_image/share/create3_image/launch
creating /home/cyros/create3_cyros/install/create3_image/share/ament_index
creating /home/cyros/create3_cyros/install/create3_image/share/ament_index/resource_index
creating /home/cyros/create3_cyros/install/create3_image/share/ament_index/resource_index/packages
symbolically linking /home/cyros/create3_cyros/build/create3_image/resource/create3_image -> /home/cyros/create3_cyros/install/create3_image/share/ament_index/resource_index/packages
symbolically linking /home/cyros/create3_cyros/build/create3_image/package.xml -> /home/cyros/create3_cyros/install/create3_image/share/create3_image
