[10.666s] Invoking command in '/home/cyros/create3_cyros/build/create3_image': PYTHONPATH=/home/cyros/create3_cyros/build/create3_image/prefix_override:/home/cyros/create3_cyros/install/create3_image/lib/python3.10/site-packages:${PYTHONPATH} /usr/bin/python3 -W ignore:setup.py install is deprecated setup.py develop --editable --build-directory /home/cyros/create3_cyros/build/create3_image/build --no-deps symlink_data
[14.796s] running develop
[16.211s] running egg_info
[16.216s] creating create3_image.egg-info
[16.217s] writing create3_image.egg-info/PKG-INFO
[16.220s] writing dependency_links to create3_image.egg-info/dependency_links.txt
[16.221s] writing entry points to create3_image.egg-info/entry_points.txt
[16.222s] writing requirements to create3_image.egg-info/requires.txt
[16.223s] writing top-level names to create3_image.egg-info/top_level.txt
[16.224s] writing manifest file 'create3_image.egg-info/SOURCES.txt'
[16.422s] reading manifest file 'create3_image.egg-info/SOURCES.txt'
[16.427s] writing manifest file 'create3_image.egg-info/SOURCES.txt'
[16.435s] running build_ext
[16.437s] Creating /home/cyros/create3_cyros/install/create3_image/lib/python3.10/site-packages/create3-image.egg-link (link to .)
[16.445s] Installing server script to /home/cyros/create3_cyros/install/create3_image/lib/create3_image
[16.446s] Installing webcam script to /home/cyros/create3_cyros/install/create3_image/lib/create3_image
[16.448s] 
[16.452s] Installed /home/cyros/create3_cyros/build/create3_image
[16.453s] running symlink_data
[16.455s] creating /home/cyros/create3_cyros/install/create3_image/share/create3_image/launch
[16.456s] symbolically linking /home/cyros/create3_cyros/build/create3_image/launch/st_launch.py -> /home/cyros/create3_cyros/install/create3_image/share/create3_image/launch
[16.458s] symbolically linking /home/cyros/create3_cyros/build/create3_image/launch/launch.py -> /home/cyros/create3_cyros/install/create3_image/share/create3_image/launch
[16.471s] creating /home/cyros/create3_cyros/install/create3_image/share/ament_index
[16.473s] creating /home/cyros/create3_cyros/install/create3_image/share/ament_index/resource_index
[16.484s] creating /home/cyros/create3_cyros/install/create3_image/share/ament_index/resource_index/packages
[16.486s] symbolically linking /home/cyros/create3_cyros/build/create3_image/resource/create3_image -> /home/cyros/create3_cyros/install/create3_image/share/ament_index/resource_index/packages
[16.488s] symbolically linking /home/cyros/create3_cyros/build/create3_image/package.xml -> /home/cyros/create3_cyros/install/create3_image/share/create3_image
[18.468s] Invoked command in '/home/cyros/create3_cyros/build/create3_image' returned '0': PYTHONPATH=/home/cyros/create3_cyros/build/create3_image/prefix_override:/home/cyros/create3_cyros/install/create3_image/lib/python3.10/site-packages:${PYTHONPATH} /usr/bin/python3 -W ignore:setup.py install is deprecated setup.py develop --editable --build-directory /home/cyros/create3_cyros/build/create3_image/build --no-deps symlink_data
