[0.638s] DEBUG:colcon:Command line arguments: ['/usr/bin/colcon', 'build', '--symlink-install']
[0.639s] DEBUG:colcon:Parsed command line arguments: Namespace(log_base=None, log_level=None, verb_name='build', build_base='build', install_base='install', merge_install=False, symlink_install=True, test_result_base=None, continue_on_error=False, executor='parallel', parallel_workers=4, event_handlers=None, ignore_user_meta=False, metas=['./colcon.meta'], base_paths=['.'], packages_ignore=None, packages_ignore_regex=None, paths=None, packages_up_to=None, packages_up_to_regex=None, packages_above=None, packages_above_and_dependencies=None, packages_above_depth=None, packages_select_by_dep=None, packages_skip_by_dep=None, packages_skip_up_to=None, packages_select_build_failed=False, packages_skip_build_finished=False, packages_select_test_failures=False, packages_skip_test_passed=False, packages_select=None, packages_skip=None, packages_select_regex=None, packages_skip_regex=None, packages_start=None, packages_end=None, allow_overriding=[], cmake_args=None, cmake_target=None, cmake_target_skip_unavailable=False, cmake_clean_cache=False, cmake_clean_first=False, cmake_force_configure=False, ament_cmake_args=None, catkin_cmake_args=None, catkin_skip_building_tests=False, verb_parser=<colcon_defaults.argument_parser.defaults.DefaultArgumentsDecorator object at 0xffffaae2ee00>, verb_extension=<colcon_core.verb.build.BuildVerb object at 0xffffaafbfa00>, main=<bound method BuildVerb.main of <colcon_core.verb.build.BuildVerb object at 0xffffaafbfa00>>)
[1.736s] Level 1:colcon.colcon_core.package_discovery:discover_packages(colcon_meta) check parameters
[1.737s] Level 1:colcon.colcon_core.package_discovery:discover_packages(recursive) check parameters
[1.737s] Level 1:colcon.colcon_core.package_discovery:discover_packages(ignore) check parameters
[1.737s] Level 1:colcon.colcon_core.package_discovery:discover_packages(path) check parameters
[1.737s] Level 1:colcon.colcon_core.package_discovery:discover_packages(colcon_meta) discover
[1.738s] Level 1:colcon.colcon_core.package_discovery:discover_packages(recursive) discover
[1.738s] INFO:colcon.colcon_core.package_discovery:Crawling recursively for packages in '/home/cyros/create3_cyros'
[1.738s] Level 1:colcon.colcon_core.package_identification:_identify(.) by extensions ['ignore', 'ignore_ament_install']
[1.739s] Level 1:colcon.colcon_core.package_identification:_identify(.) by extension 'ignore'
[1.739s] Level 1:colcon.colcon_core.package_identification:_identify(.) by extension 'ignore_ament_install'
[1.740s] Level 1:colcon.colcon_core.package_identification:_identify(.) by extensions ['colcon_pkg']
[1.740s] Level 1:colcon.colcon_core.package_identification:_identify(.) by extension 'colcon_pkg'
[1.740s] Level 1:colcon.colcon_core.package_identification:_identify(.) by extensions ['colcon_meta']
[1.740s] Level 1:colcon.colcon_core.package_identification:_identify(.) by extension 'colcon_meta'
[1.741s] Level 1:colcon.colcon_core.package_identification:_identify(.) by extensions ['ros']
[1.741s] Level 1:colcon.colcon_core.package_identification:_identify(.) by extension 'ros'
[1.811s] Level 1:colcon.colcon_core.package_identification:_identify(.) by extensions ['cmake', 'python']
[1.811s] Level 1:colcon.colcon_core.package_identification:_identify(.) by extension 'cmake'
[1.811s] Level 1:colcon.colcon_core.package_identification:_identify(.) by extension 'python'
[1.812s] Level 1:colcon.colcon_core.package_identification:_identify(.) by extensions ['python_setup_py']
[1.812s] Level 1:colcon.colcon_core.package_identification:_identify(.) by extension 'python_setup_py'
[1.813s] Level 1:colcon.colcon_core.package_identification:_identify(build) by extensions ['ignore', 'ignore_ament_install']
[1.814s] Level 1:colcon.colcon_core.package_identification:_identify(build) by extension 'ignore'
[1.814s] Level 1:colcon.colcon_core.package_identification:_identify(build) ignored
[1.815s] Level 1:colcon.colcon_core.package_identification:_identify(install) by extensions ['ignore', 'ignore_ament_install']
[1.816s] Level 1:colcon.colcon_core.package_identification:_identify(install) by extension 'ignore'
[1.816s] Level 1:colcon.colcon_core.package_identification:_identify(install) ignored
[1.817s] Level 1:colcon.colcon_core.package_identification:_identify(log) by extensions ['ignore', 'ignore_ament_install']
[1.818s] Level 1:colcon.colcon_core.package_identification:_identify(log) by extension 'ignore'
[1.818s] Level 1:colcon.colcon_core.package_identification:_identify(log) ignored
[1.819s] Level 1:colcon.colcon_core.package_identification:_identify(src) by extensions ['ignore', 'ignore_ament_install']
[1.819s] Level 1:colcon.colcon_core.package_identification:_identify(src) by extension 'ignore'
[1.820s] Level 1:colcon.colcon_core.package_identification:_identify(src) by extension 'ignore_ament_install'
[1.820s] Level 1:colcon.colcon_core.package_identification:_identify(src) by extensions ['colcon_pkg']
[1.820s] Level 1:colcon.colcon_core.package_identification:_identify(src) by extension 'colcon_pkg'
[1.821s] Level 1:colcon.colcon_core.package_identification:_identify(src) by extensions ['colcon_meta']
[1.821s] Level 1:colcon.colcon_core.package_identification:_identify(src) by extension 'colcon_meta'
[1.821s] Level 1:colcon.colcon_core.package_identification:_identify(src) by extensions ['ros']
[1.822s] Level 1:colcon.colcon_core.package_identification:_identify(src) by extension 'ros'
[1.822s] Level 1:colcon.colcon_core.package_identification:_identify(src) by extensions ['cmake', 'python']
[1.823s] Level 1:colcon.colcon_core.package_identification:_identify(src) by extension 'cmake'
[1.823s] Level 1:colcon.colcon_core.package_identification:_identify(src) by extension 'python'
[1.824s] Level 1:colcon.colcon_core.package_identification:_identify(src) by extensions ['python_setup_py']
[1.824s] Level 1:colcon.colcon_core.package_identification:_identify(src) by extension 'python_setup_py'
[1.825s] Level 1:colcon.colcon_core.package_identification:_identify(src/Aros2duino) by extensions ['ignore', 'ignore_ament_install']
[1.825s] Level 1:colcon.colcon_core.package_identification:_identify(src/Aros2duino) by extension 'ignore'
[1.826s] Level 1:colcon.colcon_core.package_identification:_identify(src/Aros2duino) by extension 'ignore_ament_install'
[1.826s] Level 1:colcon.colcon_core.package_identification:_identify(src/Aros2duino) by extensions ['colcon_pkg']
[1.827s] Level 1:colcon.colcon_core.package_identification:_identify(src/Aros2duino) by extension 'colcon_pkg'
[1.827s] Level 1:colcon.colcon_core.package_identification:_identify(src/Aros2duino) by extensions ['colcon_meta']
[1.827s] Level 1:colcon.colcon_core.package_identification:_identify(src/Aros2duino) by extension 'colcon_meta'
[1.827s] Level 1:colcon.colcon_core.package_identification:_identify(src/Aros2duino) by extensions ['ros']
[1.827s] Level 1:colcon.colcon_core.package_identification:_identify(src/Aros2duino) by extension 'ros'
[1.828s] Level 1:colcon.colcon_core.package_identification:_identify(src/Aros2duino) by extensions ['cmake', 'python']
[1.828s] Level 1:colcon.colcon_core.package_identification:_identify(src/Aros2duino) by extension 'cmake'
[1.829s] Level 1:colcon.colcon_core.package_identification:_identify(src/Aros2duino) by extension 'python'
[1.829s] Level 1:colcon.colcon_core.package_identification:_identify(src/Aros2duino) by extensions ['python_setup_py']
[1.829s] Level 1:colcon.colcon_core.package_identification:_identify(src/Aros2duino) by extension 'python_setup_py'
[1.830s] Level 1:colcon.colcon_core.package_identification:_identify(src/create3_procedures) by extensions ['ignore', 'ignore_ament_install']
[1.830s] Level 1:colcon.colcon_core.package_identification:_identify(src/create3_procedures) by extension 'ignore'
[1.830s] Level 1:colcon.colcon_core.package_identification:_identify(src/create3_procedures) by extension 'ignore_ament_install'
[1.831s] Level 1:colcon.colcon_core.package_identification:_identify(src/create3_procedures) by extensions ['colcon_pkg']
[1.831s] Level 1:colcon.colcon_core.package_identification:_identify(src/create3_procedures) by extension 'colcon_pkg'
[1.831s] Level 1:colcon.colcon_core.package_identification:_identify(src/create3_procedures) by extensions ['colcon_meta']
[1.831s] Level 1:colcon.colcon_core.package_identification:_identify(src/create3_procedures) by extension 'colcon_meta'
[1.832s] Level 1:colcon.colcon_core.package_identification:_identify(src/create3_procedures) by extensions ['ros']
[1.832s] Level 1:colcon.colcon_core.package_identification:_identify(src/create3_procedures) by extension 'ros'
[1.844s] DEBUG:colcon.colcon_core.package_identification:Package 'src/create3_procedures' with type 'ros.ament_python' and name 'create3_procedures'
[1.845s] Level 1:colcon.colcon_core.package_identification:_identify(src/create3_teleop) by extensions ['ignore', 'ignore_ament_install']
[1.845s] Level 1:colcon.colcon_core.package_identification:_identify(src/create3_teleop) by extension 'ignore'
[1.845s] Level 1:colcon.colcon_core.package_identification:_identify(src/create3_teleop) by extension 'ignore_ament_install'
[1.846s] Level 1:colcon.colcon_core.package_identification:_identify(src/create3_teleop) by extensions ['colcon_pkg']
[1.846s] Level 1:colcon.colcon_core.package_identification:_identify(src/create3_teleop) by extension 'colcon_pkg'
[1.846s] Level 1:colcon.colcon_core.package_identification:_identify(src/create3_teleop) by extensions ['colcon_meta']
[1.847s] Level 1:colcon.colcon_core.package_identification:_identify(src/create3_teleop) by extension 'colcon_meta'
[1.847s] Level 1:colcon.colcon_core.package_identification:_identify(src/create3_teleop) by extensions ['ros']
[1.847s] Level 1:colcon.colcon_core.package_identification:_identify(src/create3_teleop) by extension 'ros'
[1.852s] DEBUG:colcon.colcon_core.package_identification:Package 'src/create3_teleop' with type 'ros.ament_python' and name 'create3_teleop'
[1.853s] Level 1:colcon.colcon_core.package_identification:_identify(src/rs_cam.py) by extensions ['ignore', 'ignore_ament_install']
[1.853s] Level 1:colcon.colcon_core.package_identification:_identify(src/rs_cam.py) by extension 'ignore'
[1.853s] Level 1:colcon.colcon_core.package_identification:_identify(src/rs_cam.py) by extension 'ignore_ament_install'
[1.854s] Level 1:colcon.colcon_core.package_identification:_identify(src/rs_cam.py) by extensions ['colcon_pkg']
[1.854s] Level 1:colcon.colcon_core.package_identification:_identify(src/rs_cam.py) by extension 'colcon_pkg'
[1.854s] Level 1:colcon.colcon_core.package_identification:_identify(src/rs_cam.py) by extensions ['colcon_meta']
[1.854s] Level 1:colcon.colcon_core.package_identification:_identify(src/rs_cam.py) by extension 'colcon_meta'
[1.855s] Level 1:colcon.colcon_core.package_identification:_identify(src/rs_cam.py) by extensions ['ros']
[1.855s] Level 1:colcon.colcon_core.package_identification:_identify(src/rs_cam.py) by extension 'ros'
[1.859s] DEBUG:colcon.colcon_core.package_identification:Package 'src/rs_cam.py' with type 'ros.ament_python' and name 'rs_cam'
[1.859s] Level 1:colcon.colcon_core.package_discovery:discover_packages(recursive) using defaults
[1.859s] Level 1:colcon.colcon_core.package_discovery:discover_packages(ignore) discover
[1.860s] Level 1:colcon.colcon_core.package_discovery:discover_packages(ignore) using defaults
[1.860s] Level 1:colcon.colcon_core.package_discovery:discover_packages(path) discover
[1.860s] Level 1:colcon.colcon_core.package_discovery:discover_packages(path) using defaults
[1.977s] Level 1:colcon.colcon_core.package_discovery:discover_packages(prefix_path) check parameters
[1.977s] Level 1:colcon.colcon_core.package_discovery:discover_packages(prefix_path) discover
[1.993s] DEBUG:colcon.colcon_installed_package_information.package_discovery:Found 3 installed packages in /home/cyros/ros2_ws/install
[1.996s] DEBUG:colcon.colcon_installed_package_information.package_discovery:Found 2 installed packages in /home/cyros/create3_cyros/install
[2.003s] DEBUG:colcon.colcon_installed_package_information.package_discovery:Found 191 installed packages in /opt/ros/humble
[2.009s] Level 1:colcon.colcon_core.package_discovery:discover_packages(prefix_path) using defaults
[2.180s] Level 5:colcon.colcon_core.verb:set package 'create3_procedures' build argument 'cmake_args' from command line to 'None'
[2.180s] Level 5:colcon.colcon_core.verb:set package 'create3_procedures' build argument 'cmake_target' from command line to 'None'
[2.181s] Level 5:colcon.colcon_core.verb:set package 'create3_procedures' build argument 'cmake_target_skip_unavailable' from command line to 'False'
[2.181s] Level 5:colcon.colcon_core.verb:set package 'create3_procedures' build argument 'cmake_clean_cache' from command line to 'False'
[2.181s] Level 5:colcon.colcon_core.verb:set package 'create3_procedures' build argument 'cmake_clean_first' from command line to 'False'
[2.181s] Level 5:colcon.colcon_core.verb:set package 'create3_procedures' build argument 'cmake_force_configure' from command line to 'False'
[2.181s] Level 5:colcon.colcon_core.verb:set package 'create3_procedures' build argument 'ament_cmake_args' from command line to 'None'
[2.181s] Level 5:colcon.colcon_core.verb:set package 'create3_procedures' build argument 'catkin_cmake_args' from command line to 'None'
[2.181s] Level 5:colcon.colcon_core.verb:set package 'create3_procedures' build argument 'catkin_skip_building_tests' from command line to 'False'
[2.181s] DEBUG:colcon.colcon_core.verb:Building package 'create3_procedures' with the following arguments: {'ament_cmake_args': None, 'build_base': '/home/cyros/create3_cyros/build/create3_procedures', 'catkin_cmake_args': None, 'catkin_skip_building_tests': False, 'cmake_args': None, 'cmake_clean_cache': False, 'cmake_clean_first': False, 'cmake_force_configure': False, 'cmake_target': None, 'cmake_target_skip_unavailable': False, 'install_base': '/home/cyros/create3_cyros/install/create3_procedures', 'merge_install': False, 'path': '/home/cyros/create3_cyros/src/create3_procedures', 'symlink_install': True, 'test_result_base': None}
[2.183s] Level 5:colcon.colcon_core.verb:set package 'create3_teleop' build argument 'cmake_args' from command line to 'None'
[2.183s] Level 5:colcon.colcon_core.verb:set package 'create3_teleop' build argument 'cmake_target' from command line to 'None'
[2.183s] Level 5:colcon.colcon_core.verb:set package 'create3_teleop' build argument 'cmake_target_skip_unavailable' from command line to 'False'
[2.183s] Level 5:colcon.colcon_core.verb:set package 'create3_teleop' build argument 'cmake_clean_cache' from command line to 'False'
[2.184s] Level 5:colcon.colcon_core.verb:set package 'create3_teleop' build argument 'cmake_clean_first' from command line to 'False'
[2.184s] Level 5:colcon.colcon_core.verb:set package 'create3_teleop' build argument 'cmake_force_configure' from command line to 'False'
[2.184s] Level 5:colcon.colcon_core.verb:set package 'create3_teleop' build argument 'ament_cmake_args' from command line to 'None'
[2.184s] Level 5:colcon.colcon_core.verb:set package 'create3_teleop' build argument 'catkin_cmake_args' from command line to 'None'
[2.184s] Level 5:colcon.colcon_core.verb:set package 'create3_teleop' build argument 'catkin_skip_building_tests' from command line to 'False'
[2.184s] DEBUG:colcon.colcon_core.verb:Building package 'create3_teleop' with the following arguments: {'ament_cmake_args': None, 'build_base': '/home/cyros/create3_cyros/build/create3_teleop', 'catkin_cmake_args': None, 'catkin_skip_building_tests': False, 'cmake_args': None, 'cmake_clean_cache': False, 'cmake_clean_first': False, 'cmake_force_configure': False, 'cmake_target': None, 'cmake_target_skip_unavailable': False, 'install_base': '/home/cyros/create3_cyros/install/create3_teleop', 'merge_install': False, 'path': '/home/cyros/create3_cyros/src/create3_teleop', 'symlink_install': True, 'test_result_base': None}
[2.186s] Level 5:colcon.colcon_core.verb:set package 'rs_cam' build argument 'cmake_args' from command line to 'None'
[2.186s] Level 5:colcon.colcon_core.verb:set package 'rs_cam' build argument 'cmake_target' from command line to 'None'
[2.186s] Level 5:colcon.colcon_core.verb:set package 'rs_cam' build argument 'cmake_target_skip_unavailable' from command line to 'False'
[2.186s] Level 5:colcon.colcon_core.verb:set package 'rs_cam' build argument 'cmake_clean_cache' from command line to 'False'
[2.186s] Level 5:colcon.colcon_core.verb:set package 'rs_cam' build argument 'cmake_clean_first' from command line to 'False'
[2.186s] Level 5:colcon.colcon_core.verb:set package 'rs_cam' build argument 'cmake_force_configure' from command line to 'False'
[2.186s] Level 5:colcon.colcon_core.verb:set package 'rs_cam' build argument 'ament_cmake_args' from command line to 'None'
[2.187s] Level 5:colcon.colcon_core.verb:set package 'rs_cam' build argument 'catkin_cmake_args' from command line to 'None'
[2.187s] Level 5:colcon.colcon_core.verb:set package 'rs_cam' build argument 'catkin_skip_building_tests' from command line to 'False'
[2.187s] DEBUG:colcon.colcon_core.verb:Building package 'rs_cam' with the following arguments: {'ament_cmake_args': None, 'build_base': '/home/cyros/create3_cyros/build/rs_cam', 'catkin_cmake_args': None, 'catkin_skip_building_tests': False, 'cmake_args': None, 'cmake_clean_cache': False, 'cmake_clean_first': False, 'cmake_force_configure': False, 'cmake_target': None, 'cmake_target_skip_unavailable': False, 'install_base': '/home/cyros/create3_cyros/install/rs_cam', 'merge_install': False, 'path': '/home/cyros/create3_cyros/src/rs_cam.py', 'symlink_install': True, 'test_result_base': None}
[2.187s] INFO:colcon.colcon_core.executor:Executing jobs using 'parallel' executor
[2.191s] DEBUG:colcon.colcon_parallel_executor.executor.parallel:run_until_complete
[2.192s] INFO:colcon.colcon_ros.task.ament_python.build:Building ROS package in '/home/cyros/create3_cyros/src/create3_procedures' with build type 'ament_python'
[2.193s] Level 1:colcon.colcon_core.shell:create_environment_hook('create3_procedures', 'ament_prefix_path')
[2.211s] INFO:colcon.colcon_core.plugin_system:Skipping extension 'colcon_core.shell.bat': Not used on non-Windows systems
[2.212s] INFO:colcon.colcon_core.shell:Creating environment hook '/home/cyros/create3_cyros/install/create3_procedures/share/create3_procedures/hook/ament_prefix_path.ps1'
[2.216s] INFO:colcon.colcon_core.shell:Creating environment descriptor '/home/cyros/create3_cyros/install/create3_procedures/share/create3_procedures/hook/ament_prefix_path.dsv'
[2.219s] INFO:colcon.colcon_core.shell:Creating environment hook '/home/cyros/create3_cyros/install/create3_procedures/share/create3_procedures/hook/ament_prefix_path.sh'
[2.223s] INFO:colcon.colcon_core.shell:Skip shell extension 'powershell' for command environment: Not usable outside of PowerShell
[2.223s] DEBUG:colcon.colcon_core.shell:Skip shell extension 'dsv' for command environment
[2.244s] INFO:colcon.colcon_ros.task.ament_python.build:Building ROS package in '/home/cyros/create3_cyros/src/create3_teleop' with build type 'ament_python'
[2.245s] Level 1:colcon.colcon_core.shell:create_environment_hook('create3_teleop', 'ament_prefix_path')
[2.246s] INFO:colcon.colcon_core.shell:Creating environment hook '/home/cyros/create3_cyros/install/create3_teleop/share/create3_teleop/hook/ament_prefix_path.ps1'
[2.249s] INFO:colcon.colcon_core.shell:Creating environment descriptor '/home/cyros/create3_cyros/install/create3_teleop/share/create3_teleop/hook/ament_prefix_path.dsv'
[2.251s] INFO:colcon.colcon_core.shell:Creating environment hook '/home/cyros/create3_cyros/install/create3_teleop/share/create3_teleop/hook/ament_prefix_path.sh'
[2.254s] INFO:colcon.colcon_core.shell:Skip shell extension 'powershell' for command environment: Not usable outside of PowerShell
[2.255s] DEBUG:colcon.colcon_core.shell:Skip shell extension 'dsv' for command environment
[2.273s] INFO:colcon.colcon_ros.task.ament_python.build:Building ROS package in '/home/cyros/create3_cyros/src/rs_cam.py' with build type 'ament_python'
[2.273s] Level 1:colcon.colcon_core.shell:create_environment_hook('rs_cam', 'ament_prefix_path')
[2.275s] INFO:colcon.colcon_core.shell:Creating environment hook '/home/cyros/create3_cyros/install/rs_cam/share/rs_cam/hook/ament_prefix_path.ps1'
[2.278s] INFO:colcon.colcon_core.shell:Creating environment descriptor '/home/cyros/create3_cyros/install/rs_cam/share/rs_cam/hook/ament_prefix_path.dsv'
[2.280s] INFO:colcon.colcon_core.shell:Creating environment hook '/home/cyros/create3_cyros/install/rs_cam/share/rs_cam/hook/ament_prefix_path.sh'
[2.283s] INFO:colcon.colcon_core.shell:Skip shell extension 'powershell' for command environment: Not usable outside of PowerShell
[2.283s] DEBUG:colcon.colcon_core.shell:Skip shell extension 'dsv' for command environment
[3.486s] INFO:colcon.colcon_core.task.python.build:Building Python package in '/home/cyros/create3_cyros/src/create3_procedures'
[3.488s] INFO:colcon.colcon_core.shell:Skip shell extension 'powershell' for command environment: Not usable outside of PowerShell
[3.488s] DEBUG:colcon.colcon_core.shell:Skip shell extension 'dsv' for command environment
[4.678s] INFO:colcon.colcon_core.task.python.build:Building Python package in '/home/cyros/create3_cyros/src/create3_teleop'
[4.679s] INFO:colcon.colcon_core.shell:Skip shell extension 'powershell' for command environment: Not usable outside of PowerShell
[4.679s] DEBUG:colcon.colcon_core.shell:Skip shell extension 'dsv' for command environment
[5.855s] INFO:colcon.colcon_core.task.python.build:Building Python package in '/home/cyros/create3_cyros/src/rs_cam.py'
[5.856s] INFO:colcon.colcon_core.shell:Skip shell extension 'powershell' for command environment: Not usable outside of PowerShell
[5.857s] DEBUG:colcon.colcon_core.shell:Skip shell extension 'dsv' for command environment
[8.645s] DEBUG:colcon.colcon_core.event_handler.log_command:Invoking command in '/home/cyros/create3_cyros/build/create3_procedures': PYTHONPATH=/home/cyros/create3_cyros/build/create3_procedures/prefix_override:/home/cyros/create3_cyros/install/create3_procedures/lib/python3.10/site-packages:${PYTHONPATH} /usr/bin/python3 -W ignore:setup.py install is deprecated setup.py develop --editable --build-directory /home/cyros/create3_cyros/build/create3_procedures/build --no-deps symlink_data
[8.659s] DEBUG:colcon.colcon_core.event_handler.log_command:Invoking command in '/home/cyros/create3_cyros/build/create3_teleop': PYTHONPATH=/home/cyros/create3_cyros/build/create3_teleop/prefix_override:/home/cyros/create3_cyros/install/create3_teleop/lib/python3.10/site-packages:${PYTHONPATH} /usr/bin/python3 -W ignore:setup.py install is deprecated setup.py develop --editable --build-directory /home/cyros/create3_cyros/build/create3_teleop/build --no-deps symlink_data
[8.677s] DEBUG:colcon.colcon_core.event_handler.log_command:Invoking command in '/home/cyros/create3_cyros/build/rs_cam': PYTHONPATH=/home/cyros/create3_cyros/build/rs_cam/prefix_override:/home/cyros/create3_cyros/install/rs_cam/lib/python3.10/site-packages:${PYTHONPATH} /usr/bin/python3 -W ignore:setup.py install is deprecated setup.py develop --editable --build-directory /home/cyros/create3_cyros/build/rs_cam/build --no-deps symlink_data
[12.103s] Level 1:colcon.colcon_core.shell:create_environment_hook('create3_procedures', 'pythonpath_develop')
[12.105s] INFO:colcon.colcon_core.shell:Creating environment hook '/home/cyros/create3_cyros/build/create3_procedures/share/create3_procedures/hook/pythonpath_develop.ps1'
[12.111s] DEBUG:colcon.colcon_core.event_handler.log_command:Invoked command in '/home/cyros/create3_cyros/build/create3_procedures' returned '0': PYTHONPATH=/home/cyros/create3_cyros/build/create3_procedures/prefix_override:/home/cyros/create3_cyros/install/create3_procedures/lib/python3.10/site-packages:${PYTHONPATH} /usr/bin/python3 -W ignore:setup.py install is deprecated setup.py develop --editable --build-directory /home/cyros/create3_cyros/build/create3_procedures/build --no-deps symlink_data
[12.112s] INFO:colcon.colcon_core.shell:Creating environment descriptor '/home/cyros/create3_cyros/build/create3_procedures/share/create3_procedures/hook/pythonpath_develop.dsv'
[12.116s] INFO:colcon.colcon_core.shell:Creating environment hook '/home/cyros/create3_cyros/build/create3_procedures/share/create3_procedures/hook/pythonpath_develop.sh'
[12.186s] Level 1:colcon.colcon_core.environment:checking '/home/cyros/create3_cyros/install/create3_procedures' for CMake module files
[12.190s] Level 1:colcon.colcon_core.environment:checking '/home/cyros/create3_cyros/install/create3_procedures' for CMake config files
[12.197s] Level 1:colcon.colcon_core.environment:checking '/home/cyros/create3_cyros/install/create3_procedures/lib'
[12.207s] Level 1:colcon.colcon_core.environment:checking '/home/cyros/create3_cyros/install/create3_procedures/bin'
[12.208s] Level 1:colcon.colcon_core.environment:checking '/home/cyros/create3_cyros/install/create3_procedures/lib/pkgconfig/create3_procedures.pc'
[12.211s] Level 1:colcon.colcon_core.environment:checking '/home/cyros/create3_cyros/install/create3_procedures/lib/python3.10/site-packages'
[12.218s] Level 1:colcon.colcon_core.shell:create_environment_hook('create3_procedures', 'pythonpath')
[12.220s] INFO:colcon.colcon_core.shell:Creating environment hook '/home/cyros/create3_cyros/install/create3_procedures/share/create3_procedures/hook/pythonpath.ps1'
[12.232s] INFO:colcon.colcon_core.shell:Creating environment descriptor '/home/cyros/create3_cyros/install/create3_procedures/share/create3_procedures/hook/pythonpath.dsv'
[12.235s] INFO:colcon.colcon_core.shell:Creating environment hook '/home/cyros/create3_cyros/install/create3_procedures/share/create3_procedures/hook/pythonpath.sh'
[12.238s] Level 1:colcon.colcon_core.environment:checking '/home/cyros/create3_cyros/install/create3_procedures/bin'
[12.238s] Level 1:colcon.colcon_core.environment:create_environment_scripts_only(create3_procedures)
[12.240s] INFO:colcon.colcon_core.shell:Creating package script '/home/cyros/create3_cyros/install/create3_procedures/share/create3_procedures/package.ps1'
[12.257s] INFO:colcon.colcon_core.shell:Creating package descriptor '/home/cyros/create3_cyros/install/create3_procedures/share/create3_procedures/package.dsv'
[12.264s] INFO:colcon.colcon_core.shell:Creating package script '/home/cyros/create3_cyros/install/create3_procedures/share/create3_procedures/package.sh'
[12.283s] INFO:colcon.colcon_core.shell:Creating package script '/home/cyros/create3_cyros/install/create3_procedures/share/create3_procedures/package.bash'
[12.289s] INFO:colcon.colcon_core.shell:Creating package script '/home/cyros/create3_cyros/install/create3_procedures/share/create3_procedures/package.zsh'
[12.293s] Level 1:colcon.colcon_core.environment:create_file_with_runtime_dependencies(/home/cyros/create3_cyros/install/create3_procedures/share/colcon-core/packages/create3_procedures)
[13.045s] Level 1:colcon.colcon_core.shell:create_environment_hook('rs_cam', 'pythonpath_develop')
[13.047s] INFO:colcon.colcon_core.shell:Creating environment hook '/home/cyros/create3_cyros/build/rs_cam/share/rs_cam/hook/pythonpath_develop.ps1'
[13.058s] DEBUG:colcon.colcon_core.event_handler.log_command:Invoked command in '/home/cyros/create3_cyros/build/rs_cam' returned '0': PYTHONPATH=/home/cyros/create3_cyros/build/rs_cam/prefix_override:/home/cyros/create3_cyros/install/rs_cam/lib/python3.10/site-packages:${PYTHONPATH} /usr/bin/python3 -W ignore:setup.py install is deprecated setup.py develop --editable --build-directory /home/cyros/create3_cyros/build/rs_cam/build --no-deps symlink_data
[13.068s] INFO:colcon.colcon_core.shell:Creating environment descriptor '/home/cyros/create3_cyros/build/rs_cam/share/rs_cam/hook/pythonpath_develop.dsv'
[13.071s] INFO:colcon.colcon_core.shell:Creating environment hook '/home/cyros/create3_cyros/build/rs_cam/share/rs_cam/hook/pythonpath_develop.sh'
[13.076s] Level 1:colcon.colcon_core.environment:checking '/home/cyros/create3_cyros/install/rs_cam' for CMake module files
[13.079s] Level 1:colcon.colcon_core.environment:checking '/home/cyros/create3_cyros/install/rs_cam' for CMake config files
[13.083s] Level 1:colcon.colcon_core.environment:checking '/home/cyros/create3_cyros/install/rs_cam/lib'
[13.084s] Level 1:colcon.colcon_core.environment:checking '/home/cyros/create3_cyros/install/rs_cam/bin'
[13.084s] Level 1:colcon.colcon_core.environment:checking '/home/cyros/create3_cyros/install/rs_cam/lib/pkgconfig/rs_cam.pc'
[13.086s] Level 1:colcon.colcon_core.environment:checking '/home/cyros/create3_cyros/install/rs_cam/lib/python3.10/site-packages'
[13.087s] Level 1:colcon.colcon_core.shell:create_environment_hook('rs_cam', 'pythonpath')
[13.088s] INFO:colcon.colcon_core.shell:Creating environment hook '/home/cyros/create3_cyros/install/rs_cam/share/rs_cam/hook/pythonpath.ps1'
[13.091s] INFO:colcon.colcon_core.shell:Creating environment descriptor '/home/cyros/create3_cyros/install/rs_cam/share/rs_cam/hook/pythonpath.dsv'
[13.093s] INFO:colcon.colcon_core.shell:Creating environment hook '/home/cyros/create3_cyros/install/rs_cam/share/rs_cam/hook/pythonpath.sh'
[13.096s] Level 1:colcon.colcon_core.environment:checking '/home/cyros/create3_cyros/install/rs_cam/bin'
[13.097s] Level 1:colcon.colcon_core.environment:create_environment_scripts_only(rs_cam)
[13.099s] INFO:colcon.colcon_core.shell:Creating package script '/home/cyros/create3_cyros/install/rs_cam/share/rs_cam/package.ps1'
[13.103s] INFO:colcon.colcon_core.shell:Creating package descriptor '/home/cyros/create3_cyros/install/rs_cam/share/rs_cam/package.dsv'
[13.106s] INFO:colcon.colcon_core.shell:Creating package script '/home/cyros/create3_cyros/install/rs_cam/share/rs_cam/package.sh'
[13.109s] INFO:colcon.colcon_core.shell:Creating package script '/home/cyros/create3_cyros/install/rs_cam/share/rs_cam/package.bash'
[13.111s] INFO:colcon.colcon_core.shell:Creating package script '/home/cyros/create3_cyros/install/rs_cam/share/rs_cam/package.zsh'
[13.113s] Level 1:colcon.colcon_core.environment:create_file_with_runtime_dependencies(/home/cyros/create3_cyros/install/rs_cam/share/colcon-core/packages/rs_cam)
[13.118s] Level 1:colcon.colcon_core.shell:create_environment_hook('create3_teleop', 'pythonpath_develop')
[13.120s] DEBUG:colcon.colcon_core.event_handler.log_command:Invoked command in '/home/cyros/create3_cyros/build/create3_teleop' returned '0': PYTHONPATH=/home/cyros/create3_cyros/build/create3_teleop/prefix_override:/home/cyros/create3_cyros/install/create3_teleop/lib/python3.10/site-packages:${PYTHONPATH} /usr/bin/python3 -W ignore:setup.py install is deprecated setup.py develop --editable --build-directory /home/cyros/create3_cyros/build/create3_teleop/build --no-deps symlink_data
[13.121s] INFO:colcon.colcon_core.shell:Creating environment hook '/home/cyros/create3_cyros/build/create3_teleop/share/create3_teleop/hook/pythonpath_develop.ps1'
[13.125s] INFO:colcon.colcon_core.shell:Creating environment descriptor '/home/cyros/create3_cyros/build/create3_teleop/share/create3_teleop/hook/pythonpath_develop.dsv'
[13.128s] INFO:colcon.colcon_core.shell:Creating environment hook '/home/cyros/create3_cyros/build/create3_teleop/share/create3_teleop/hook/pythonpath_develop.sh'
[13.132s] Level 1:colcon.colcon_core.environment:checking '/home/cyros/create3_cyros/install/create3_teleop' for CMake module files
[13.135s] Level 1:colcon.colcon_core.environment:checking '/home/cyros/create3_cyros/install/create3_teleop' for CMake config files
[13.139s] Level 1:colcon.colcon_core.environment:checking '/home/cyros/create3_cyros/install/create3_teleop/lib'
[13.140s] Level 1:colcon.colcon_core.environment:checking '/home/cyros/create3_cyros/install/create3_teleop/bin'
[13.141s] Level 1:colcon.colcon_core.environment:checking '/home/cyros/create3_cyros/install/create3_teleop/lib/pkgconfig/create3_teleop.pc'
[13.143s] Level 1:colcon.colcon_core.environment:checking '/home/cyros/create3_cyros/install/create3_teleop/lib/python3.10/site-packages'
[13.143s] Level 1:colcon.colcon_core.shell:create_environment_hook('create3_teleop', 'pythonpath')
[13.145s] INFO:colcon.colcon_core.shell:Creating environment hook '/home/cyros/create3_cyros/install/create3_teleop/share/create3_teleop/hook/pythonpath.ps1'
[13.148s] INFO:colcon.colcon_core.shell:Creating environment descriptor '/home/cyros/create3_cyros/install/create3_teleop/share/create3_teleop/hook/pythonpath.dsv'
[13.151s] INFO:colcon.colcon_core.shell:Creating environment hook '/home/cyros/create3_cyros/install/create3_teleop/share/create3_teleop/hook/pythonpath.sh'
[13.155s] Level 1:colcon.colcon_core.environment:checking '/home/cyros/create3_cyros/install/create3_teleop/bin'
[13.156s] Level 1:colcon.colcon_core.environment:create_environment_scripts_only(create3_teleop)
[13.158s] INFO:colcon.colcon_core.shell:Creating package script '/home/cyros/create3_cyros/install/create3_teleop/share/create3_teleop/package.ps1'
[13.162s] INFO:colcon.colcon_core.shell:Creating package descriptor '/home/cyros/create3_cyros/install/create3_teleop/share/create3_teleop/package.dsv'
[13.166s] INFO:colcon.colcon_core.shell:Creating package script '/home/cyros/create3_cyros/install/create3_teleop/share/create3_teleop/package.sh'
[13.170s] INFO:colcon.colcon_core.shell:Creating package script '/home/cyros/create3_cyros/install/create3_teleop/share/create3_teleop/package.bash'
[13.173s] INFO:colcon.colcon_core.shell:Creating package script '/home/cyros/create3_cyros/install/create3_teleop/share/create3_teleop/package.zsh'
[13.176s] Level 1:colcon.colcon_core.environment:create_file_with_runtime_dependencies(/home/cyros/create3_cyros/install/create3_teleop/share/colcon-core/packages/create3_teleop)
[13.181s] DEBUG:colcon.colcon_parallel_executor.executor.parallel:closing loop
[13.182s] DEBUG:colcon.colcon_parallel_executor.executor.parallel:loop closed
[13.182s] DEBUG:colcon.colcon_parallel_executor.executor.parallel:run_until_complete finished with '0'
[13.183s] DEBUG:colcon.colcon_core.event_reactor:joining thread
[13.216s] INFO:colcon.colcon_core.plugin_system:Skipping extension 'colcon_notification.desktop_notification.terminal_notifier': Not used on non-Darwin systems
[13.217s] INFO:colcon.colcon_core.plugin_system:Skipping extension 'colcon_notification.desktop_notification.win32': Not used on non-Windows systems
[13.217s] INFO:colcon.colcon_notification.desktop_notification:Sending desktop notification using 'notify2'
[13.224s] DEBUG:colcon.colcon_notification.desktop_notification.notify2:Failed to initialize notify2: org.freedesktop.DBus.Error.ServiceUnknown: The name org.freedesktop.Notifications was not provided by any .service files
[13.225s] DEBUG:colcon.colcon_core.event_reactor:joined thread
[13.227s] INFO:colcon.colcon_core.shell:Creating prefix script '/home/cyros/create3_cyros/install/local_setup.ps1'
[13.231s] INFO:colcon.colcon_core.shell:Creating prefix util module '/home/cyros/create3_cyros/install/_local_setup_util_ps1.py'
[13.237s] INFO:colcon.colcon_core.shell:Creating prefix chain script '/home/cyros/create3_cyros/install/setup.ps1'
[13.244s] INFO:colcon.colcon_core.shell:Creating prefix script '/home/cyros/create3_cyros/install/local_setup.sh'
[13.248s] INFO:colcon.colcon_core.shell:Creating prefix util module '/home/cyros/create3_cyros/install/_local_setup_util_sh.py'
[13.251s] INFO:colcon.colcon_core.shell:Creating prefix chain script '/home/cyros/create3_cyros/install/setup.sh'
[13.259s] INFO:colcon.colcon_core.shell:Creating prefix script '/home/cyros/create3_cyros/install/local_setup.bash'
[13.262s] INFO:colcon.colcon_core.shell:Creating prefix chain script '/home/cyros/create3_cyros/install/setup.bash'
[13.270s] INFO:colcon.colcon_core.shell:Creating prefix script '/home/cyros/create3_cyros/install/local_setup.zsh'
[13.274s] INFO:colcon.colcon_core.shell:Creating prefix chain script '/home/cyros/create3_cyros/install/setup.zsh'
