running develop
running egg_info
creating create3_organize.egg-info
writing create3_organize.egg-info/PKG-INFO
writing dependency_links to create3_organize.egg-info/dependency_links.txt
writing entry points to create3_organize.egg-info/entry_points.txt
writing requirements to create3_organize.egg-info/requires.txt
writing top-level names to create3_organize.egg-info/top_level.txt
writing manifest file 'create3_organize.egg-info/SOURCES.txt'
reading manifest file 'create3_organize.egg-info/SOURCES.txt'
writing manifest file 'create3_organize.egg-info/SOURCES.txt'
running build_ext
Creating /home/cyros/create3_cyros/install/create3_organize/lib/python3.10/site-packages/create3-organize.egg-link (link to .)
Installing organize script to /home/cyros/create3_cyros/install/create3_organize/lib/create3_organize

Installed /home/cyros/create3_cyros/build/create3_organize
running symlink_data
creating /home/cyros/create3_cyros/install/create3_organize/share/ament_index
creating /home/cyros/create3_cyros/install/create3_organize/share/ament_index/resource_index
creating /home/cyros/create3_cyros/install/create3_organize/share/ament_index/resource_index/packages
symbolically linking /home/cyros/create3_cyros/build/create3_organize/resource/create3_organize -> /home/cyros/create3_cyros/install/create3_organize/share/ament_index/resource_index/packages
symbolically linking /home/cyros/create3_cyros/build/create3_organize/package.xml -> /home/cyros/create3_cyros/install/create3_organize/share/create3_organize
creating /home/cyros/create3_cyros/install/create3_organize/share/create3_organize/launch
symbolically linking /home/cyros/create3_cyros/build/create3_organize/launch/launch.py -> /home/cyros/create3_cyros/install/create3_organize/share/create3_organize/launch
