[10.395s] Invoking command in '/home/cyros/create3_cyros/build/create3_organize': PYTHONPATH=/home/cyros/create3_cyros/build/create3_organize/prefix_override:/home/cyros/create3_cyros/install/create3_organize/lib/python3.10/site-packages:${PYTHONPATH} /usr/bin/python3 -W ignore:setup.py install is deprecated setup.py develop --editable --build-directory /home/cyros/create3_cyros/build/create3_organize/build --no-deps symlink_data
[14.144s] running develop
[16.908s] running egg_info
[16.911s] creating create3_organize.egg-info
[16.912s] writing create3_organize.egg-info/PKG-INFO
[16.912s] writing dependency_links to create3_organize.egg-info/dependency_links.txt
[16.913s] writing entry points to create3_organize.egg-info/entry_points.txt
[16.913s] writing requirements to create3_organize.egg-info/requires.txt
[16.914s] writing top-level names to create3_organize.egg-info/top_level.txt
[16.914s] writing manifest file 'create3_organize.egg-info/SOURCES.txt'
[17.209s] reading manifest file 'create3_organize.egg-info/SOURCES.txt'
[17.214s] writing manifest file 'create3_organize.egg-info/SOURCES.txt'
[17.226s] running build_ext
[17.228s] Creating /home/cyros/create3_cyros/install/create3_organize/lib/python3.10/site-packages/create3-organize.egg-link (link to .)
[17.235s] Installing organize script to /home/cyros/create3_cyros/install/create3_organize/lib/create3_organize
[17.242s] 
[17.242s] Installed /home/cyros/create3_cyros/build/create3_organize
[17.246s] running symlink_data
[17.249s] creating /home/cyros/create3_cyros/install/create3_organize/share/ament_index
[17.251s] creating /home/cyros/create3_cyros/install/create3_organize/share/ament_index/resource_index
[17.254s] creating /home/cyros/create3_cyros/install/create3_organize/share/ament_index/resource_index/packages
[17.259s] symbolically linking /home/cyros/create3_cyros/build/create3_organize/resource/create3_organize -> /home/cyros/create3_cyros/install/create3_organize/share/ament_index/resource_index/packages
[17.262s] symbolically linking /home/cyros/create3_cyros/build/create3_organize/package.xml -> /home/cyros/create3_cyros/install/create3_organize/share/create3_organize
[17.266s] creating /home/cyros/create3_cyros/install/create3_organize/share/create3_organize/launch
[17.270s] symbolically linking /home/cyros/create3_cyros/build/create3_organize/launch/launch.py -> /home/cyros/create3_cyros/install/create3_organize/share/create3_organize/launch
[18.509s] Invoked command in '/home/cyros/create3_cyros/build/create3_organize' returned '0': PYTHONPATH=/home/cyros/create3_cyros/build/create3_organize/prefix_override:/home/cyros/create3_cyros/install/create3_organize/lib/python3.10/site-packages:${PYTHONPATH} /usr/bin/python3 -W ignore:setup.py install is deprecated setup.py develop --editable --build-directory /home/cyros/create3_cyros/build/create3_organize/build --no-deps symlink_data
