running develop
running egg_info
creating rs_cam.egg-info
writing rs_cam.egg-info/PKG-INFO
writing dependency_links to rs_cam.egg-info/dependency_links.txt
writing entry points to rs_cam.egg-info/entry_points.txt
writing requirements to rs_cam.egg-info/requires.txt
writing top-level names to rs_cam.egg-info/top_level.txt
writing manifest file 'rs_cam.egg-info/SOURCES.txt'
reading manifest file 'rs_cam.egg-info/SOURCES.txt'
writing manifest file 'rs_cam.egg-info/SOURCES.txt'
running build_ext
Creating /home/cyros/create3_cyros/install/rs_cam/lib/python3.10/site-packages/rs-cam.egg-link (link to .)
Installing stream script to /home/cyros/create3_cyros/install/rs_cam/lib/rs_cam

Installed /home/cyros/create3_cyros/build/rs_cam
running symlink_data
creating /home/cyros/create3_cyros/install/rs_cam/share/ament_index
creating /home/cyros/create3_cyros/install/rs_cam/share/ament_index/resource_index
creating /home/cyros/create3_cyros/install/rs_cam/share/ament_index/resource_index/packages
symbolically linking /home/cyros/create3_cyros/build/rs_cam/resource/rs_cam -> /home/cyros/create3_cyros/install/rs_cam/share/ament_index/resource_index/packages
symbolically linking /home/cyros/create3_cyros/build/rs_cam/package.xml -> /home/cyros/create3_cyros/install/rs_cam/share/rs_cam
