[6.403s] Invoking command in '/home/cyros/create3_cyros/build/rs_cam': PYTHONPATH=/home/cyros/create3_cyros/build/rs_cam/prefix_override:/home/cyros/create3_cyros/install/rs_cam/lib/python3.10/site-packages:${PYTHONPATH} /usr/bin/python3 -W ignore:setup.py install is deprecated setup.py develop --editable --build-directory /home/cyros/create3_cyros/build/rs_cam/build --no-deps symlink_data
[8.379s] running develop
[8.383s] /usr/lib/python3/dist-packages/setuptools/command/easy_install.py:158: EasyInstallDeprecationWarning: easy_install command is deprecated. Use build and pip and other standards-based tools.
[8.383s]   warnings.warn(
[10.478s] running egg_info
[10.479s] creating rs_cam.egg-info
[10.482s] writing rs_cam.egg-info/PKG-INFO
[10.485s] writing dependency_links to rs_cam.egg-info/dependency_links.txt
[10.486s] writing entry points to rs_cam.egg-info/entry_points.txt
[10.486s] writing requirements to rs_cam.egg-info/requires.txt
[10.487s] writing top-level names to rs_cam.egg-info/top_level.txt
[10.487s] writing manifest file 'rs_cam.egg-info/SOURCES.txt'
[10.501s] reading manifest file 'rs_cam.egg-info/SOURCES.txt'
[10.502s] writing manifest file 'rs_cam.egg-info/SOURCES.txt'
[10.517s] running build_ext
[10.519s] Creating /home/cyros/create3_cyros/install/rs_cam/lib/python3.10/site-packages/rs-cam.egg-link (link to .)
[10.521s] Installing stream script to /home/cyros/create3_cyros/install/rs_cam/lib/rs_cam
[10.528s] 
[10.535s] Installed /home/cyros/create3_cyros/build/rs_cam
[10.538s] running symlink_data
[10.568s] creating /home/cyros/create3_cyros/install/rs_cam/share/ament_index
[10.571s] creating /home/cyros/create3_cyros/install/rs_cam/share/ament_index/resource_index
[10.571s] creating /home/cyros/create3_cyros/install/rs_cam/share/ament_index/resource_index/packages
[10.572s] symbolically linking /home/cyros/create3_cyros/build/rs_cam/resource/rs_cam -> /home/cyros/create3_cyros/install/rs_cam/share/ament_index/resource_index/packages
[10.573s] symbolically linking /home/cyros/create3_cyros/build/rs_cam/package.xml -> /home/cyros/create3_cyros/install/rs_cam/share/rs_cam
[10.784s] Invoked command in '/home/cyros/create3_cyros/build/rs_cam' returned '0': PYTHONPATH=/home/cyros/create3_cyros/build/rs_cam/prefix_override:/home/cyros/create3_cyros/install/rs_cam/lib/python3.10/site-packages:${PYTHONPATH} /usr/bin/python3 -W ignore:setup.py install is deprecated setup.py develop --editable --build-directory /home/cyros/create3_cyros/build/rs_cam/build --no-deps symlink_data
