running develop
running egg_info
creating create3_teleop.egg-info
writing create3_teleop.egg-info/PKG-INFO
writing dependency_links to create3_teleop.egg-info/dependency_links.txt
writing entry points to create3_teleop.egg-info/entry_points.txt
writing requirements to create3_teleop.egg-info/requires.txt
writing top-level names to create3_teleop.egg-info/top_level.txt
writing manifest file 'create3_teleop.egg-info/SOURCES.txt'
reading manifest file 'create3_teleop.egg-info/SOURCES.txt'
writing manifest file 'create3_teleop.egg-info/SOURCES.txt'
running build_ext
Creating /home/cyros/create3_cyros/install/create3_teleop/lib/python3.10/site-packages/create3-teleop.egg-link (link to .)
Installing teleop script to /home/cyros/create3_cyros/install/create3_teleop/lib/create3_teleop

Installed /home/cyros/create3_cyros/build/create3_teleop
running symlink_data
creating /home/cyros/create3_cyros/install/create3_teleop/share/ament_index
creating /home/cyros/create3_cyros/install/create3_teleop/share/ament_index/resource_index
creating /home/cyros/create3_cyros/install/create3_teleop/share/ament_index/resource_index/packages
symbolically linking /home/cyros/create3_cyros/build/create3_teleop/resource/create3_teleop -> /home/cyros/create3_cyros/install/create3_teleop/share/ament_index/resource_index/packages
symbolically linking /home/cyros/create3_cyros/build/create3_teleop/package.xml -> /home/cyros/create3_cyros/install/create3_teleop/share/create3_teleop
