[7.079s] Invoking command in '/home/cyros/create3_cyros/build/create3_teleop': PYTHONPATH=/home/cyros/create3_cyros/build/create3_teleop/prefix_override:/home/cyros/create3_cyros/install/create3_teleop/lib/python3.10/site-packages:${PYTHONPATH} /usr/bin/python3 -W ignore:setup.py install is deprecated setup.py develop --editable --build-directory /home/cyros/create3_cyros/build/create3_teleop/build --no-deps symlink_data
[9.193s] running develop
[10.711s] running egg_info
[10.718s] creating create3_teleop.egg-info
[10.718s] writing create3_teleop.egg-info/PKG-INFO
[10.719s] writing dependency_links to create3_teleop.egg-info/dependency_links.txt
[10.720s] writing entry points to create3_teleop.egg-info/entry_points.txt
[10.720s] writing requirements to create3_teleop.egg-info/requires.txt
[10.728s] writing top-level names to create3_teleop.egg-info/top_level.txt
[10.728s] writing manifest file 'create3_teleop.egg-info/SOURCES.txt'
[10.922s] reading manifest file 'create3_teleop.egg-info/SOURCES.txt'
[10.926s] writing manifest file 'create3_teleop.egg-info/SOURCES.txt'
[10.934s] running build_ext
[10.936s] Creating /home/cyros/create3_cyros/install/create3_teleop/lib/python3.10/site-packages/create3-teleop.egg-link (link to .)
[10.940s] Installing teleop script to /home/cyros/create3_cyros/install/create3_teleop/lib/create3_teleop
[10.942s] 
[10.942s] Installed /home/cyros/create3_cyros/build/create3_teleop
[10.943s] running symlink_data
[10.943s] creating /home/cyros/create3_cyros/install/create3_teleop/share/ament_index
[10.945s] creating /home/cyros/create3_cyros/install/create3_teleop/share/ament_index/resource_index
[10.947s] creating /home/cyros/create3_cyros/install/create3_teleop/share/ament_index/resource_index/packages
[10.948s] symbolically linking /home/cyros/create3_cyros/build/create3_teleop/resource/create3_teleop -> /home/cyros/create3_cyros/install/create3_teleop/share/ament_index/resource_index/packages
[10.956s] symbolically linking /home/cyros/create3_cyros/build/create3_teleop/package.xml -> /home/cyros/create3_cyros/install/create3_teleop/share/create3_teleop
[11.198s] Invoked command in '/home/cyros/create3_cyros/build/create3_teleop' returned '0': PYTHONPATH=/home/cyros/create3_cyros/build/create3_teleop/prefix_override:/home/cyros/create3_cyros/install/create3_teleop/lib/python3.10/site-packages:${PYTHONPATH} /usr/bin/python3 -W ignore:setup.py install is deprecated setup.py develop --editable --build-directory /home/cyros/create3_cyros/build/create3_teleop/build --no-deps symlink_data
