[3.290s] Invoking command in '/home/cyros/create3_cyros/build/create3_procedures': PYTHONPATH=/home/cyros/create3_cyros/build/create3_procedures/prefix_override:/home/cyros/create3_cyros/install/create3_procedures/lib/python3.10/site-packages:${PYTHONPATH} /usr/bin/python3 -W ignore:setup.py install is deprecated setup.py develop --editable --build-directory /home/cyros/create3_cyros/build/create3_procedures/build --no-deps symlink_data
[4.776s] running develop
[4.782s] /usr/lib/python3/dist-packages/setuptools/command/easy_install.py:158: EasyInstallDeprecationWarning: easy_install command is deprecated. Use build and pip and other standards-based tools.
[4.783s]   warnings.warn(
[5.769s] running egg_info
[5.772s] creating create3_procedures.egg-info
[5.786s] writing create3_procedures.egg-info/PKG-INFO
[5.787s] writing dependency_links to create3_procedures.egg-info/dependency_links.txt
[5.788s] writing entry points to create3_procedures.egg-info/entry_points.txt
[5.789s] writing requirements to create3_procedures.egg-info/requires.txt
[5.790s] writing top-level names to create3_procedures.egg-info/top_level.txt
[5.791s] writing manifest file 'create3_procedures.egg-info/SOURCES.txt'
[5.793s] reading manifest file 'create3_procedures.egg-info/SOURCES.txt'
[5.794s] writing manifest file 'create3_procedures.egg-info/SOURCES.txt'
[5.795s] running build_ext
[5.796s] Creating /home/cyros/create3_cyros/install/create3_procedures/lib/python3.10/site-packages/create3-procedures.egg-link (link to .)
[5.798s] Installing move script to /home/cyros/create3_cyros/install/create3_procedures/lib/create3_procedures
[5.799s] 
[5.799s] Installed /home/cyros/create3_cyros/build/create3_procedures
[5.800s] running symlink_data
[5.802s] creating /home/cyros/create3_cyros/install/create3_procedures/share/ament_index
[5.810s] creating /home/cyros/create3_cyros/install/create3_procedures/share/ament_index/resource_index
[5.812s] creating /home/cyros/create3_cyros/install/create3_procedures/share/ament_index/resource_index/packages
[5.814s] symbolically linking /home/cyros/create3_cyros/build/create3_procedures/resource/create3_procedures -> /home/cyros/create3_cyros/install/create3_procedures/share/ament_index/resource_index/packages
[5.816s] symbolically linking /home/cyros/create3_cyros/build/create3_procedures/package.xml -> /home/cyros/create3_cyros/install/create3_procedures/share/create3_procedures
[5.970s] Invoked command in '/home/cyros/create3_cyros/build/create3_procedures' returned '0': PYTHONPATH=/home/cyros/create3_cyros/build/create3_procedures/prefix_override:/home/cyros/create3_cyros/install/create3_procedures/lib/python3.10/site-packages:${PYTHONPATH} /usr/bin/python3 -W ignore:setup.py install is deprecated setup.py develop --editable --build-directory /home/cyros/create3_cyros/build/create3_procedures/build --no-deps symlink_data
