[1.264s] DEBUG:colcon:Command line arguments: ['/usr/bin/colcon', 'build', '--symlink-install']
[1.265s] DEBUG:colcon:Parsed command line arguments: Namespace(log_base=None, log_level=None, verb_name='build', build_base='build', install_base='install', merge_install=False, symlink_install=True, test_result_base=None, continue_on_error=False, executor='parallel', parallel_workers=4, event_handlers=None, ignore_user_meta=False, metas=['./colcon.meta'], base_paths=['.'], packages_ignore=None, packages_ignore_regex=None, paths=None, packages_up_to=None, packages_up_to_regex=None, packages_above=None, packages_above_and_dependencies=None, packages_above_depth=None, packages_select_by_dep=None, packages_skip_by_dep=None, packages_skip_up_to=None, packages_select_build_failed=False, packages_skip_build_finished=False, packages_select_test_failures=False, packages_skip_test_passed=False, packages_select=None, packages_skip=None, packages_select_regex=None, packages_skip_regex=None, packages_start=None, packages_end=None, allow_overriding=[], cmake_args=None, cmake_target=None, cmake_target_skip_unavailable=False, cmake_clean_cache=False, cmake_clean_first=False, cmake_force_configure=False, ament_cmake_args=None, catkin_cmake_args=None, catkin_skip_building_tests=False, verb_parser=<colcon_defaults.argument_parser.defaults.DefaultArgumentsDecorator object at 0xffff8f906b30>, verb_extension=<colcon_core.verb.build.BuildVerb object at 0xffff8fcdb6a0>, main=<bound method BuildVerb.main of <colcon_core.verb.build.BuildVerb object at 0xffff8fcdb6a0>>)
[4.134s] Level 1:colcon.colcon_core.package_discovery:discover_packages(colcon_meta) check parameters
[4.136s] Level 1:colcon.colcon_core.package_discovery:discover_packages(recursive) check parameters
[4.136s] Level 1:colcon.colcon_core.package_discovery:discover_packages(ignore) check parameters
[4.136s] Level 1:colcon.colcon_core.package_discovery:discover_packages(path) check parameters
[4.136s] Level 1:colcon.colcon_core.package_discovery:discover_packages(colcon_meta) discover
[4.137s] Level 1:colcon.colcon_core.package_discovery:discover_packages(recursive) discover
[4.137s] INFO:colcon.colcon_core.package_discovery:Crawling recursively for packages in '/home/cyros/create3_cyros'
[4.140s] Level 1:colcon.colcon_core.package_identification:_identify(.) by extensions ['ignore', 'ignore_ament_install']
[4.141s] Level 1:colcon.colcon_core.package_identification:_identify(.) by extension 'ignore'
[4.142s] Level 1:colcon.colcon_core.package_identification:_identify(.) by extension 'ignore_ament_install'
[4.144s] Level 1:colcon.colcon_core.package_identification:_identify(.) by extensions ['colcon_pkg']
[4.146s] Level 1:colcon.colcon_core.package_identification:_identify(.) by extension 'colcon_pkg'
[4.148s] Level 1:colcon.colcon_core.package_identification:_identify(.) by extensions ['colcon_meta']
[4.148s] Level 1:colcon.colcon_core.package_identification:_identify(.) by extension 'colcon_meta'
[4.150s] Level 1:colcon.colcon_core.package_identification:_identify(.) by extensions ['ros']
[4.150s] Level 1:colcon.colcon_core.package_identification:_identify(.) by extension 'ros'
[4.292s] Level 1:colcon.colcon_core.package_identification:_identify(.) by extensions ['cmake', 'python']
[4.292s] Level 1:colcon.colcon_core.package_identification:_identify(.) by extension 'cmake'
[4.293s] Level 1:colcon.colcon_core.package_identification:_identify(.) by extension 'python'
[4.294s] Level 1:colcon.colcon_core.package_identification:_identify(.) by extensions ['python_setup_py']
[4.294s] Level 1:colcon.colcon_core.package_identification:_identify(.) by extension 'python_setup_py'
[4.295s] Level 1:colcon.colcon_core.package_identification:_identify(build) by extensions ['ignore', 'ignore_ament_install']
[4.296s] Level 1:colcon.colcon_core.package_identification:_identify(build) by extension 'ignore'
[4.296s] Level 1:colcon.colcon_core.package_identification:_identify(build) ignored
[4.297s] Level 1:colcon.colcon_core.package_identification:_identify(install) by extensions ['ignore', 'ignore_ament_install']
[4.298s] Level 1:colcon.colcon_core.package_identification:_identify(install) by extension 'ignore'
[4.298s] Level 1:colcon.colcon_core.package_identification:_identify(install) ignored
[4.299s] Level 1:colcon.colcon_core.package_identification:_identify(log) by extensions ['ignore', 'ignore_ament_install']
[4.300s] Level 1:colcon.colcon_core.package_identification:_identify(log) by extension 'ignore'
[4.300s] Level 1:colcon.colcon_core.package_identification:_identify(log) ignored
[4.301s] Level 1:colcon.colcon_core.package_identification:_identify(src) by extensions ['ignore', 'ignore_ament_install']
[4.302s] Level 1:colcon.colcon_core.package_identification:_identify(src) by extension 'ignore'
[4.302s] Level 1:colcon.colcon_core.package_identification:_identify(src) by extension 'ignore_ament_install'
[4.303s] Level 1:colcon.colcon_core.package_identification:_identify(src) by extensions ['colcon_pkg']
[4.303s] Level 1:colcon.colcon_core.package_identification:_identify(src) by extension 'colcon_pkg'
[4.304s] Level 1:colcon.colcon_core.package_identification:_identify(src) by extensions ['colcon_meta']
[4.304s] Level 1:colcon.colcon_core.package_identification:_identify(src) by extension 'colcon_meta'
[4.304s] Level 1:colcon.colcon_core.package_identification:_identify(src) by extensions ['ros']
[4.305s] Level 1:colcon.colcon_core.package_identification:_identify(src) by extension 'ros'
[4.305s] Level 1:colcon.colcon_core.package_identification:_identify(src) by extensions ['cmake', 'python']
[4.306s] Level 1:colcon.colcon_core.package_identification:_identify(src) by extension 'cmake'
[4.306s] Level 1:colcon.colcon_core.package_identification:_identify(src) by extension 'python'
[4.307s] Level 1:colcon.colcon_core.package_identification:_identify(src) by extensions ['python_setup_py']
[4.308s] Level 1:colcon.colcon_core.package_identification:_identify(src) by extension 'python_setup_py'
[4.310s] Level 1:colcon.colcon_core.package_identification:_identify(src/Aros2duino) by extensions ['ignore', 'ignore_ament_install']
[4.312s] Level 1:colcon.colcon_core.package_identification:_identify(src/Aros2duino) by extension 'ignore'
[4.314s] Level 1:colcon.colcon_core.package_identification:_identify(src/Aros2duino) by extension 'ignore_ament_install'
[4.315s] Level 1:colcon.colcon_core.package_identification:_identify(src/Aros2duino) by extensions ['colcon_pkg']
[4.316s] Level 1:colcon.colcon_core.package_identification:_identify(src/Aros2duino) by extension 'colcon_pkg'
[4.316s] Level 1:colcon.colcon_core.package_identification:_identify(src/Aros2duino) by extensions ['colcon_meta']
[4.316s] Level 1:colcon.colcon_core.package_identification:_identify(src/Aros2duino) by extension 'colcon_meta'
[4.317s] Level 1:colcon.colcon_core.package_identification:_identify(src/Aros2duino) by extensions ['ros']
[4.317s] Level 1:colcon.colcon_core.package_identification:_identify(src/Aros2duino) by extension 'ros'
[4.317s] Level 1:colcon.colcon_core.package_identification:_identify(src/Aros2duino) by extensions ['cmake', 'python']
[4.318s] Level 1:colcon.colcon_core.package_identification:_identify(src/Aros2duino) by extension 'cmake'
[4.318s] Level 1:colcon.colcon_core.package_identification:_identify(src/Aros2duino) by extension 'python'
[4.318s] Level 1:colcon.colcon_core.package_identification:_identify(src/Aros2duino) by extensions ['python_setup_py']
[4.319s] Level 1:colcon.colcon_core.package_identification:_identify(src/Aros2duino) by extension 'python_setup_py'
[4.320s] Level 1:colcon.colcon_core.package_identification:_identify(src/create3_procedures) by extensions ['ignore', 'ignore_ament_install']
[4.321s] Level 1:colcon.colcon_core.package_identification:_identify(src/create3_procedures) by extension 'ignore'
[4.322s] Level 1:colcon.colcon_core.package_identification:_identify(src/create3_procedures) by extension 'ignore_ament_install'
[4.323s] Level 1:colcon.colcon_core.package_identification:_identify(src/create3_procedures) by extensions ['colcon_pkg']
[4.323s] Level 1:colcon.colcon_core.package_identification:_identify(src/create3_procedures) by extension 'colcon_pkg'
[4.325s] Level 1:colcon.colcon_core.package_identification:_identify(src/create3_procedures) by extensions ['colcon_meta']
[4.326s] Level 1:colcon.colcon_core.package_identification:_identify(src/create3_procedures) by extension 'colcon_meta'
[4.326s] Level 1:colcon.colcon_core.package_identification:_identify(src/create3_procedures) by extensions ['ros']
[4.327s] Level 1:colcon.colcon_core.package_identification:_identify(src/create3_procedures) by extension 'ros'
[4.355s] DEBUG:colcon.colcon_core.package_identification:Package 'src/create3_procedures' with type 'ros.ament_python' and name 'create3_procedures'
[4.356s] Level 1:colcon.colcon_core.package_identification:_identify(src/create3_procedures copy) by extensions ['ignore', 'ignore_ament_install']
[4.357s] Level 1:colcon.colcon_core.package_identification:_identify(src/create3_procedures copy) by extension 'ignore'
[4.357s] Level 1:colcon.colcon_core.package_identification:_identify(src/create3_procedures copy) by extension 'ignore_ament_install'
[4.358s] Level 1:colcon.colcon_core.package_identification:_identify(src/create3_procedures copy) by extensions ['colcon_pkg']
[4.359s] Level 1:colcon.colcon_core.package_identification:_identify(src/create3_procedures copy) by extension 'colcon_pkg'
[4.360s] Level 1:colcon.colcon_core.package_identification:_identify(src/create3_procedures copy) by extensions ['colcon_meta']
[4.360s] Level 1:colcon.colcon_core.package_identification:_identify(src/create3_procedures copy) by extension 'colcon_meta'
[4.361s] Level 1:colcon.colcon_core.package_identification:_identify(src/create3_procedures copy) by extensions ['ros']
[4.361s] Level 1:colcon.colcon_core.package_identification:_identify(src/create3_procedures copy) by extension 'ros'
[4.362s] Level 1:colcon.colcon_core.package_identification:_identify(src/create3_procedures copy) by extensions ['cmake', 'python']
[4.362s] Level 1:colcon.colcon_core.package_identification:_identify(src/create3_procedures copy) by extension 'cmake'
[4.362s] Level 1:colcon.colcon_core.package_identification:_identify(src/create3_procedures copy) by extension 'python'
[4.362s] Level 1:colcon.colcon_core.package_identification:_identify(src/create3_procedures copy) by extensions ['python_setup_py']
[4.363s] Level 1:colcon.colcon_core.package_identification:_identify(src/create3_procedures copy) by extension 'python_setup_py'
[4.364s] Level 1:colcon.colcon_core.package_identification:_identify(src/create3_teleop) by extensions ['ignore', 'ignore_ament_install']
[4.364s] Level 1:colcon.colcon_core.package_identification:_identify(src/create3_teleop) by extension 'ignore'
[4.364s] Level 1:colcon.colcon_core.package_identification:_identify(src/create3_teleop) by extension 'ignore_ament_install'
[4.365s] Level 1:colcon.colcon_core.package_identification:_identify(src/create3_teleop) by extensions ['colcon_pkg']
[4.365s] Level 1:colcon.colcon_core.package_identification:_identify(src/create3_teleop) by extension 'colcon_pkg'
[4.366s] Level 1:colcon.colcon_core.package_identification:_identify(src/create3_teleop) by extensions ['colcon_meta']
[4.366s] Level 1:colcon.colcon_core.package_identification:_identify(src/create3_teleop) by extension 'colcon_meta'
[4.366s] Level 1:colcon.colcon_core.package_identification:_identify(src/create3_teleop) by extensions ['ros']
[4.367s] Level 1:colcon.colcon_core.package_identification:_identify(src/create3_teleop) by extension 'ros'
[4.372s] DEBUG:colcon.colcon_core.package_identification:Package 'src/create3_teleop' with type 'ros.ament_python' and name 'create3_teleop'
[4.375s] Level 1:colcon.colcon_core.package_identification:_identify(src/real_sense_read) by extensions ['ignore', 'ignore_ament_install']
[4.378s] Level 1:colcon.colcon_core.package_identification:_identify(src/real_sense_read) by extension 'ignore'
[4.380s] Level 1:colcon.colcon_core.package_identification:_identify(src/real_sense_read) by extension 'ignore_ament_install'
[4.382s] Level 1:colcon.colcon_core.package_identification:_identify(src/real_sense_read) by extensions ['colcon_pkg']
[4.383s] Level 1:colcon.colcon_core.package_identification:_identify(src/real_sense_read) by extension 'colcon_pkg'
[4.384s] Level 1:colcon.colcon_core.package_identification:_identify(src/real_sense_read) by extensions ['colcon_meta']
[4.384s] Level 1:colcon.colcon_core.package_identification:_identify(src/real_sense_read) by extension 'colcon_meta'
[4.386s] Level 1:colcon.colcon_core.package_identification:_identify(src/real_sense_read) by extensions ['ros']
[4.386s] Level 1:colcon.colcon_core.package_identification:_identify(src/real_sense_read) by extension 'ros'
[4.387s] Level 1:colcon.colcon_core.package_identification:_identify(src/real_sense_read) by extensions ['cmake', 'python']
[4.388s] Level 1:colcon.colcon_core.package_identification:_identify(src/real_sense_read) by extension 'cmake'
[4.388s] Level 1:colcon.colcon_core.package_identification:_identify(src/real_sense_read) by extension 'python'
[4.389s] Level 1:colcon.colcon_core.package_identification:_identify(src/real_sense_read) by extensions ['python_setup_py']
[4.389s] Level 1:colcon.colcon_core.package_identification:_identify(src/real_sense_read) by extension 'python_setup_py'
[4.390s] Level 1:colcon.colcon_core.package_discovery:discover_packages(recursive) using defaults
[4.390s] Level 1:colcon.colcon_core.package_discovery:discover_packages(ignore) discover
[4.390s] Level 1:colcon.colcon_core.package_discovery:discover_packages(ignore) using defaults
[4.390s] Level 1:colcon.colcon_core.package_discovery:discover_packages(path) discover
[4.391s] Level 1:colcon.colcon_core.package_discovery:discover_packages(path) using defaults
[4.628s] Level 1:colcon.colcon_core.package_discovery:discover_packages(prefix_path) check parameters
[4.629s] Level 1:colcon.colcon_core.package_discovery:discover_packages(prefix_path) discover
[4.669s] DEBUG:colcon.colcon_installed_package_information.package_discovery:Found 191 installed packages in /opt/ros/humble
[4.675s] Level 1:colcon.colcon_core.package_discovery:discover_packages(prefix_path) using defaults
[6.220s] Level 5:colcon.colcon_core.verb:set package 'create3_procedures' build argument 'cmake_args' from command line to 'None'
[6.220s] Level 5:colcon.colcon_core.verb:set package 'create3_procedures' build argument 'cmake_target' from command line to 'None'
[6.221s] Level 5:colcon.colcon_core.verb:set package 'create3_procedures' build argument 'cmake_target_skip_unavailable' from command line to 'False'
[6.221s] Level 5:colcon.colcon_core.verb:set package 'create3_procedures' build argument 'cmake_clean_cache' from command line to 'False'
[6.221s] Level 5:colcon.colcon_core.verb:set package 'create3_procedures' build argument 'cmake_clean_first' from command line to 'False'
[6.221s] Level 5:colcon.colcon_core.verb:set package 'create3_procedures' build argument 'cmake_force_configure' from command line to 'False'
[6.221s] Level 5:colcon.colcon_core.verb:set package 'create3_procedures' build argument 'ament_cmake_args' from command line to 'None'
[6.221s] Level 5:colcon.colcon_core.verb:set package 'create3_procedures' build argument 'catkin_cmake_args' from command line to 'None'
[6.221s] Level 5:colcon.colcon_core.verb:set package 'create3_procedures' build argument 'catkin_skip_building_tests' from command line to 'False'
[6.222s] DEBUG:colcon.colcon_core.verb:Building package 'create3_procedures' with the following arguments: {'ament_cmake_args': None, 'build_base': '/home/cyros/create3_cyros/build/create3_procedures', 'catkin_cmake_args': None, 'catkin_skip_building_tests': False, 'cmake_args': None, 'cmake_clean_cache': False, 'cmake_clean_first': False, 'cmake_force_configure': False, 'cmake_target': None, 'cmake_target_skip_unavailable': False, 'install_base': '/home/cyros/create3_cyros/install/create3_procedures', 'merge_install': False, 'path': '/home/cyros/create3_cyros/src/create3_procedures', 'symlink_install': True, 'test_result_base': None}
[6.224s] Level 5:colcon.colcon_core.verb:set package 'create3_teleop' build argument 'cmake_args' from command line to 'None'
[6.225s] Level 5:colcon.colcon_core.verb:set package 'create3_teleop' build argument 'cmake_target' from command line to 'None'
[6.225s] Level 5:colcon.colcon_core.verb:set package 'create3_teleop' build argument 'cmake_target_skip_unavailable' from command line to 'False'
[6.225s] Level 5:colcon.colcon_core.verb:set package 'create3_teleop' build argument 'cmake_clean_cache' from command line to 'False'
[6.225s] Level 5:colcon.colcon_core.verb:set package 'create3_teleop' build argument 'cmake_clean_first' from command line to 'False'
[6.226s] Level 5:colcon.colcon_core.verb:set package 'create3_teleop' build argument 'cmake_force_configure' from command line to 'False'
[6.226s] Level 5:colcon.colcon_core.verb:set package 'create3_teleop' build argument 'ament_cmake_args' from command line to 'None'
[6.226s] Level 5:colcon.colcon_core.verb:set package 'create3_teleop' build argument 'catkin_cmake_args' from command line to 'None'
[6.226s] Level 5:colcon.colcon_core.verb:set package 'create3_teleop' build argument 'catkin_skip_building_tests' from command line to 'False'
[6.226s] DEBUG:colcon.colcon_core.verb:Building package 'create3_teleop' with the following arguments: {'ament_cmake_args': None, 'build_base': '/home/cyros/create3_cyros/build/create3_teleop', 'catkin_cmake_args': None, 'catkin_skip_building_tests': False, 'cmake_args': None, 'cmake_clean_cache': False, 'cmake_clean_first': False, 'cmake_force_configure': False, 'cmake_target': None, 'cmake_target_skip_unavailable': False, 'install_base': '/home/cyros/create3_cyros/install/create3_teleop', 'merge_install': False, 'path': '/home/cyros/create3_cyros/src/create3_teleop', 'symlink_install': True, 'test_result_base': None}
[6.227s] INFO:colcon.colcon_core.executor:Executing jobs using 'parallel' executor
[6.233s] DEBUG:colcon.colcon_parallel_executor.executor.parallel:run_until_complete
[6.236s] INFO:colcon.colcon_ros.task.ament_python.build:Building ROS package in '/home/cyros/create3_cyros/src/create3_procedures' with build type 'ament_python'
[6.236s] Level 1:colcon.colcon_core.shell:create_environment_hook('create3_procedures', 'ament_prefix_path')
[6.268s] INFO:colcon.colcon_core.plugin_system:Skipping extension 'colcon_core.shell.bat': Not used on non-Windows systems
[6.270s] INFO:colcon.colcon_core.shell:Creating environment hook '/home/cyros/create3_cyros/install/create3_procedures/share/create3_procedures/hook/ament_prefix_path.ps1'
[6.278s] INFO:colcon.colcon_core.shell:Creating environment descriptor '/home/cyros/create3_cyros/install/create3_procedures/share/create3_procedures/hook/ament_prefix_path.dsv'
[6.282s] INFO:colcon.colcon_core.shell:Creating environment hook '/home/cyros/create3_cyros/install/create3_procedures/share/create3_procedures/hook/ament_prefix_path.sh'
[6.287s] INFO:colcon.colcon_core.shell:Skip shell extension 'powershell' for command environment: Not usable outside of PowerShell
[6.287s] DEBUG:colcon.colcon_core.shell:Skip shell extension 'dsv' for command environment
[6.307s] INFO:colcon.colcon_ros.task.ament_python.build:Building ROS package in '/home/cyros/create3_cyros/src/create3_teleop' with build type 'ament_python'
[6.308s] Level 1:colcon.colcon_core.shell:create_environment_hook('create3_teleop', 'ament_prefix_path')
[6.310s] INFO:colcon.colcon_core.shell:Creating environment hook '/home/cyros/create3_cyros/install/create3_teleop/share/create3_teleop/hook/ament_prefix_path.ps1'
[6.316s] INFO:colcon.colcon_core.shell:Creating environment descriptor '/home/cyros/create3_cyros/install/create3_teleop/share/create3_teleop/hook/ament_prefix_path.dsv'
[6.318s] INFO:colcon.colcon_core.shell:Creating environment hook '/home/cyros/create3_cyros/install/create3_teleop/share/create3_teleop/hook/ament_prefix_path.sh'
[6.321s] INFO:colcon.colcon_core.shell:Skip shell extension 'powershell' for command environment: Not usable outside of PowerShell
[6.322s] DEBUG:colcon.colcon_core.shell:Skip shell extension 'dsv' for command environment
[8.270s] INFO:colcon.colcon_core.task.python.build:Building Python package in '/home/cyros/create3_cyros/src/create3_procedures'
[8.272s] INFO:colcon.colcon_core.shell:Skip shell extension 'powershell' for command environment: Not usable outside of PowerShell
[8.273s] DEBUG:colcon.colcon_core.shell:Skip shell extension 'dsv' for command environment
[9.784s] INFO:colcon.colcon_core.task.python.build:Building Python package in '/home/cyros/create3_cyros/src/create3_teleop'
[9.786s] INFO:colcon.colcon_core.shell:Skip shell extension 'powershell' for command environment: Not usable outside of PowerShell
[9.786s] DEBUG:colcon.colcon_core.shell:Skip shell extension 'dsv' for command environment
[13.613s] DEBUG:colcon.colcon_core.event_handler.log_command:Invoking command in '/home/cyros/create3_cyros/build/create3_procedures': PYTHONPATH=/home/cyros/create3_cyros/build/create3_procedures/prefix_override:/home/cyros/create3_cyros/install/create3_procedures/lib/python3.10/site-packages:${PYTHONPATH} /usr/bin/python3 -W ignore:setup.py install is deprecated setup.py develop --editable --build-directory /home/cyros/create3_cyros/build/create3_procedures/build --no-deps symlink_data
[13.652s] DEBUG:colcon.colcon_core.event_handler.log_command:Invoking command in '/home/cyros/create3_cyros/build/create3_teleop': PYTHONPATH=/home/cyros/create3_cyros/build/create3_teleop/prefix_override:/home/cyros/create3_cyros/install/create3_teleop/lib/python3.10/site-packages:${PYTHONPATH} /usr/bin/python3 -W ignore:setup.py install is deprecated setup.py develop --editable --build-directory /home/cyros/create3_cyros/build/create3_teleop/build --no-deps symlink_data
[17.778s] Level 1:colcon.colcon_core.shell:create_environment_hook('create3_teleop', 'pythonpath_develop')
[17.780s] INFO:colcon.colcon_core.shell:Creating environment hook '/home/cyros/create3_cyros/build/create3_teleop/share/create3_teleop/hook/pythonpath_develop.ps1'
[17.783s] DEBUG:colcon.colcon_core.event_handler.log_command:Invoked command in '/home/cyros/create3_cyros/build/create3_teleop' returned '0': PYTHONPATH=/home/cyros/create3_cyros/build/create3_teleop/prefix_override:/home/cyros/create3_cyros/install/create3_teleop/lib/python3.10/site-packages:${PYTHONPATH} /usr/bin/python3 -W ignore:setup.py install is deprecated setup.py develop --editable --build-directory /home/cyros/create3_cyros/build/create3_teleop/build --no-deps symlink_data
[17.791s] INFO:colcon.colcon_core.shell:Creating environment descriptor '/home/cyros/create3_cyros/build/create3_teleop/share/create3_teleop/hook/pythonpath_develop.dsv'
[17.794s] INFO:colcon.colcon_core.shell:Creating environment hook '/home/cyros/create3_cyros/build/create3_teleop/share/create3_teleop/hook/pythonpath_develop.sh'
[17.839s] Level 1:colcon.colcon_core.environment:checking '/home/cyros/create3_cyros/install/create3_teleop' for CMake module files
[17.842s] Level 1:colcon.colcon_core.environment:checking '/home/cyros/create3_cyros/install/create3_teleop' for CMake config files
[17.851s] Level 1:colcon.colcon_core.environment:checking '/home/cyros/create3_cyros/install/create3_teleop/lib'
[17.855s] Level 1:colcon.colcon_core.environment:checking '/home/cyros/create3_cyros/install/create3_teleop/bin'
[17.857s] Level 1:colcon.colcon_core.environment:checking '/home/cyros/create3_cyros/install/create3_teleop/lib/pkgconfig/create3_teleop.pc'
[17.859s] Level 1:colcon.colcon_core.environment:checking '/home/cyros/create3_cyros/install/create3_teleop/lib/python3.10/site-packages'
[17.861s] Level 1:colcon.colcon_core.shell:create_environment_hook('create3_teleop', 'pythonpath')
[17.865s] INFO:colcon.colcon_core.shell:Creating environment hook '/home/cyros/create3_cyros/install/create3_teleop/share/create3_teleop/hook/pythonpath.ps1'
[17.869s] INFO:colcon.colcon_core.shell:Creating environment descriptor '/home/cyros/create3_cyros/install/create3_teleop/share/create3_teleop/hook/pythonpath.dsv'
[17.872s] INFO:colcon.colcon_core.shell:Creating environment hook '/home/cyros/create3_cyros/install/create3_teleop/share/create3_teleop/hook/pythonpath.sh'
[17.876s] Level 1:colcon.colcon_core.environment:checking '/home/cyros/create3_cyros/install/create3_teleop/bin'
[17.878s] Level 1:colcon.colcon_core.environment:create_environment_scripts_only(create3_teleop)
[17.883s] INFO:colcon.colcon_core.shell:Creating package script '/home/cyros/create3_cyros/install/create3_teleop/share/create3_teleop/package.ps1'
[17.893s] INFO:colcon.colcon_core.shell:Creating package descriptor '/home/cyros/create3_cyros/install/create3_teleop/share/create3_teleop/package.dsv'
[17.901s] INFO:colcon.colcon_core.shell:Creating package script '/home/cyros/create3_cyros/install/create3_teleop/share/create3_teleop/package.sh'
[17.907s] INFO:colcon.colcon_core.shell:Creating package script '/home/cyros/create3_cyros/install/create3_teleop/share/create3_teleop/package.bash'
[17.914s] INFO:colcon.colcon_core.shell:Creating package script '/home/cyros/create3_cyros/install/create3_teleop/share/create3_teleop/package.zsh'
[17.932s] Level 1:colcon.colcon_core.environment:create_file_with_runtime_dependencies(/home/cyros/create3_cyros/install/create3_teleop/share/colcon-core/packages/create3_teleop)
[18.281s] Level 1:colcon.colcon_core.shell:create_environment_hook('create3_procedures', 'pythonpath_develop')
[18.282s] INFO:colcon.colcon_core.shell:Creating environment hook '/home/cyros/create3_cyros/build/create3_procedures/share/create3_procedures/hook/pythonpath_develop.ps1'
[18.285s] DEBUG:colcon.colcon_core.event_handler.log_command:Invoked command in '/home/cyros/create3_cyros/build/create3_procedures' returned '0': PYTHONPATH=/home/cyros/create3_cyros/build/create3_procedures/prefix_override:/home/cyros/create3_cyros/install/create3_procedures/lib/python3.10/site-packages:${PYTHONPATH} /usr/bin/python3 -W ignore:setup.py install is deprecated setup.py develop --editable --build-directory /home/cyros/create3_cyros/build/create3_procedures/build --no-deps symlink_data
[18.292s] INFO:colcon.colcon_core.shell:Creating environment descriptor '/home/cyros/create3_cyros/build/create3_procedures/share/create3_procedures/hook/pythonpath_develop.dsv'
[18.295s] INFO:colcon.colcon_core.shell:Creating environment hook '/home/cyros/create3_cyros/build/create3_procedures/share/create3_procedures/hook/pythonpath_develop.sh'
[18.299s] Level 1:colcon.colcon_core.environment:checking '/home/cyros/create3_cyros/install/create3_procedures' for CMake module files
[18.303s] Level 1:colcon.colcon_core.environment:checking '/home/cyros/create3_cyros/install/create3_procedures' for CMake config files
[18.308s] Level 1:colcon.colcon_core.environment:checking '/home/cyros/create3_cyros/install/create3_procedures/lib'
[18.309s] Level 1:colcon.colcon_core.environment:checking '/home/cyros/create3_cyros/install/create3_procedures/bin'
[18.309s] Level 1:colcon.colcon_core.environment:checking '/home/cyros/create3_cyros/install/create3_procedures/lib/pkgconfig/create3_procedures.pc'
[18.311s] Level 1:colcon.colcon_core.environment:checking '/home/cyros/create3_cyros/install/create3_procedures/lib/python3.10/site-packages'
[18.311s] Level 1:colcon.colcon_core.shell:create_environment_hook('create3_procedures', 'pythonpath')
[18.312s] INFO:colcon.colcon_core.shell:Creating environment hook '/home/cyros/create3_cyros/install/create3_procedures/share/create3_procedures/hook/pythonpath.ps1'
[18.315s] INFO:colcon.colcon_core.shell:Creating environment descriptor '/home/cyros/create3_cyros/install/create3_procedures/share/create3_procedures/hook/pythonpath.dsv'
[18.319s] INFO:colcon.colcon_core.shell:Creating environment hook '/home/cyros/create3_cyros/install/create3_procedures/share/create3_procedures/hook/pythonpath.sh'
[18.324s] Level 1:colcon.colcon_core.environment:checking '/home/cyros/create3_cyros/install/create3_procedures/bin'
[18.325s] Level 1:colcon.colcon_core.environment:create_environment_scripts_only(create3_procedures)
[18.328s] INFO:colcon.colcon_core.shell:Creating package script '/home/cyros/create3_cyros/install/create3_procedures/share/create3_procedures/package.ps1'
[18.334s] INFO:colcon.colcon_core.shell:Creating package descriptor '/home/cyros/create3_cyros/install/create3_procedures/share/create3_procedures/package.dsv'
[18.338s] INFO:colcon.colcon_core.shell:Creating package script '/home/cyros/create3_cyros/install/create3_procedures/share/create3_procedures/package.sh'
[18.341s] INFO:colcon.colcon_core.shell:Creating package script '/home/cyros/create3_cyros/install/create3_procedures/share/create3_procedures/package.bash'
[18.343s] INFO:colcon.colcon_core.shell:Creating package script '/home/cyros/create3_cyros/install/create3_procedures/share/create3_procedures/package.zsh'
[18.346s] Level 1:colcon.colcon_core.environment:create_file_with_runtime_dependencies(/home/cyros/create3_cyros/install/create3_procedures/share/colcon-core/packages/create3_procedures)
[18.350s] DEBUG:colcon.colcon_parallel_executor.executor.parallel:closing loop
[18.352s] DEBUG:colcon.colcon_parallel_executor.executor.parallel:loop closed
[18.353s] DEBUG:colcon.colcon_parallel_executor.executor.parallel:run_until_complete finished with '0'
[18.353s] DEBUG:colcon.colcon_core.event_reactor:joining thread
[18.471s] INFO:colcon.colcon_core.plugin_system:Skipping extension 'colcon_notification.desktop_notification.terminal_notifier': Not used on non-Darwin systems
[18.472s] INFO:colcon.colcon_core.plugin_system:Skipping extension 'colcon_notification.desktop_notification.win32': Not used on non-Windows systems
[18.473s] INFO:colcon.colcon_notification.desktop_notification:Sending desktop notification using 'notify2'
[18.504s] DEBUG:colcon.colcon_notification.desktop_notification.notify2:Failed to initialize notify2: org.freedesktop.DBus.Error.ServiceUnknown: The name org.freedesktop.Notifications was not provided by any .service files
[18.506s] DEBUG:colcon.colcon_core.event_reactor:joined thread
[18.507s] INFO:colcon.colcon_core.shell:Creating prefix script '/home/cyros/create3_cyros/install/local_setup.ps1'
[18.513s] INFO:colcon.colcon_core.shell:Creating prefix util module '/home/cyros/create3_cyros/install/_local_setup_util_ps1.py'
[18.523s] INFO:colcon.colcon_core.shell:Creating prefix chain script '/home/cyros/create3_cyros/install/setup.ps1'
[18.531s] INFO:colcon.colcon_core.shell:Creating prefix script '/home/cyros/create3_cyros/install/local_setup.sh'
[18.536s] INFO:colcon.colcon_core.shell:Creating prefix util module '/home/cyros/create3_cyros/install/_local_setup_util_sh.py'
[18.540s] INFO:colcon.colcon_core.shell:Creating prefix chain script '/home/cyros/create3_cyros/install/setup.sh'
[18.546s] INFO:colcon.colcon_core.shell:Creating prefix script '/home/cyros/create3_cyros/install/local_setup.bash'
[18.550s] INFO:colcon.colcon_core.shell:Creating prefix chain script '/home/cyros/create3_cyros/install/setup.bash'
[18.558s] INFO:colcon.colcon_core.shell:Creating prefix script '/home/cyros/create3_cyros/install/local_setup.zsh'
[18.563s] INFO:colcon.colcon_core.shell:Creating prefix chain script '/home/cyros/create3_cyros/install/setup.zsh'
