[0.448s] DEBUG:colcon:Command line arguments: ['/usr/bin/colcon', 'build', '--symlink-install']
[0.449s] DEBUG:colcon:Parsed command line arguments: Namespace(log_base=None, log_level=None, verb_name='build', build_base='build', install_base='install', merge_install=False, symlink_install=True, test_result_base=None, continue_on_error=False, executor='parallel', parallel_workers=4, event_handlers=None, ignore_user_meta=False, metas=['./colcon.meta'], base_paths=['.'], packages_ignore=None, packages_ignore_regex=None, paths=None, packages_up_to=None, packages_up_to_regex=None, packages_above=None, packages_above_and_dependencies=None, packages_above_depth=None, packages_select_by_dep=None, packages_skip_by_dep=None, packages_skip_up_to=None, packages_select_build_failed=False, packages_skip_build_finished=False, packages_select_test_failures=False, packages_skip_test_passed=False, packages_select=None, packages_skip=None, packages_select_regex=None, packages_skip_regex=None, packages_start=None, packages_end=None, allow_overriding=[], cmake_args=None, cmake_target=None, cmake_target_skip_unavailable=False, cmake_clean_cache=False, cmake_clean_first=False, cmake_force_configure=False, ament_cmake_args=None, catkin_cmake_args=None, catkin_skip_building_tests=False, verb_parser=<colcon_defaults.argument_parser.defaults.DefaultArgumentsDecorator object at 0xffffa4c7b340>, verb_extension=<colcon_core.verb.build.BuildVerb object at 0xffffa4e03f40>, main=<bound method BuildVerb.main of <colcon_core.verb.build.BuildVerb object at 0xffffa4e03f40>>)
[1.197s] Level 1:colcon.colcon_core.package_discovery:discover_packages(colcon_meta) check parameters
[1.198s] Level 1:colcon.colcon_core.package_discovery:discover_packages(recursive) check parameters
[1.198s] Level 1:colcon.colcon_core.package_discovery:discover_packages(ignore) check parameters
[1.198s] Level 1:colcon.colcon_core.package_discovery:discover_packages(path) check parameters
[1.198s] Level 1:colcon.colcon_core.package_discovery:discover_packages(colcon_meta) discover
[1.198s] Level 1:colcon.colcon_core.package_discovery:discover_packages(recursive) discover
[1.199s] INFO:colcon.colcon_core.package_discovery:Crawling recursively for packages in '/home/cyros/create3_cyros'
[1.199s] Level 1:colcon.colcon_core.package_identification:_identify(.) by extensions ['ignore', 'ignore_ament_install']
[1.200s] Level 1:colcon.colcon_core.package_identification:_identify(.) by extension 'ignore'
[1.200s] Level 1:colcon.colcon_core.package_identification:_identify(.) by extension 'ignore_ament_install'
[1.200s] Level 1:colcon.colcon_core.package_identification:_identify(.) by extensions ['colcon_pkg']
[1.200s] Level 1:colcon.colcon_core.package_identification:_identify(.) by extension 'colcon_pkg'
[1.200s] Level 1:colcon.colcon_core.package_identification:_identify(.) by extensions ['colcon_meta']
[1.201s] Level 1:colcon.colcon_core.package_identification:_identify(.) by extension 'colcon_meta'
[1.201s] Level 1:colcon.colcon_core.package_identification:_identify(.) by extensions ['ros']
[1.201s] Level 1:colcon.colcon_core.package_identification:_identify(.) by extension 'ros'
[1.250s] Level 1:colcon.colcon_core.package_identification:_identify(.) by extensions ['cmake', 'python']
[1.251s] Level 1:colcon.colcon_core.package_identification:_identify(.) by extension 'cmake'
[1.251s] Level 1:colcon.colcon_core.package_identification:_identify(.) by extension 'python'
[1.251s] Level 1:colcon.colcon_core.package_identification:_identify(.) by extensions ['python_setup_py']
[1.251s] Level 1:colcon.colcon_core.package_identification:_identify(.) by extension 'python_setup_py'
[1.252s] Level 1:colcon.colcon_core.package_identification:_identify(build) by extensions ['ignore', 'ignore_ament_install']
[1.253s] Level 1:colcon.colcon_core.package_identification:_identify(build) by extension 'ignore'
[1.253s] Level 1:colcon.colcon_core.package_identification:_identify(build) ignored
[1.254s] Level 1:colcon.colcon_core.package_identification:_identify(install) by extensions ['ignore', 'ignore_ament_install']
[1.254s] Level 1:colcon.colcon_core.package_identification:_identify(install) by extension 'ignore'
[1.254s] Level 1:colcon.colcon_core.package_identification:_identify(install) ignored
[1.255s] Level 1:colcon.colcon_core.package_identification:_identify(log) by extensions ['ignore', 'ignore_ament_install']
[1.255s] Level 1:colcon.colcon_core.package_identification:_identify(log) by extension 'ignore'
[1.256s] Level 1:colcon.colcon_core.package_identification:_identify(log) ignored
[1.256s] Level 1:colcon.colcon_core.package_identification:_identify(src) by extensions ['ignore', 'ignore_ament_install']
[1.256s] Level 1:colcon.colcon_core.package_identification:_identify(src) by extension 'ignore'
[1.257s] Level 1:colcon.colcon_core.package_identification:_identify(src) by extension 'ignore_ament_install'
[1.257s] Level 1:colcon.colcon_core.package_identification:_identify(src) by extensions ['colcon_pkg']
[1.257s] Level 1:colcon.colcon_core.package_identification:_identify(src) by extension 'colcon_pkg'
[1.257s] Level 1:colcon.colcon_core.package_identification:_identify(src) by extensions ['colcon_meta']
[1.257s] Level 1:colcon.colcon_core.package_identification:_identify(src) by extension 'colcon_meta'
[1.258s] Level 1:colcon.colcon_core.package_identification:_identify(src) by extensions ['ros']
[1.258s] Level 1:colcon.colcon_core.package_identification:_identify(src) by extension 'ros'
[1.258s] Level 1:colcon.colcon_core.package_identification:_identify(src) by extensions ['cmake', 'python']
[1.258s] Level 1:colcon.colcon_core.package_identification:_identify(src) by extension 'cmake'
[1.258s] Level 1:colcon.colcon_core.package_identification:_identify(src) by extension 'python'
[1.259s] Level 1:colcon.colcon_core.package_identification:_identify(src) by extensions ['python_setup_py']
[1.259s] Level 1:colcon.colcon_core.package_identification:_identify(src) by extension 'python_setup_py'
[1.259s] Level 1:colcon.colcon_core.package_identification:_identify(src/Aros2duino) by extensions ['ignore', 'ignore_ament_install']
[1.260s] Level 1:colcon.colcon_core.package_identification:_identify(src/Aros2duino) by extension 'ignore'
[1.260s] Level 1:colcon.colcon_core.package_identification:_identify(src/Aros2duino) by extension 'ignore_ament_install'
[1.260s] Level 1:colcon.colcon_core.package_identification:_identify(src/Aros2duino) by extensions ['colcon_pkg']
[1.260s] Level 1:colcon.colcon_core.package_identification:_identify(src/Aros2duino) by extension 'colcon_pkg'
[1.260s] Level 1:colcon.colcon_core.package_identification:_identify(src/Aros2duino) by extensions ['colcon_meta']
[1.261s] Level 1:colcon.colcon_core.package_identification:_identify(src/Aros2duino) by extension 'colcon_meta'
[1.261s] Level 1:colcon.colcon_core.package_identification:_identify(src/Aros2duino) by extensions ['ros']
[1.261s] Level 1:colcon.colcon_core.package_identification:_identify(src/Aros2duino) by extension 'ros'
[1.261s] Level 1:colcon.colcon_core.package_identification:_identify(src/Aros2duino) by extensions ['cmake', 'python']
[1.261s] Level 1:colcon.colcon_core.package_identification:_identify(src/Aros2duino) by extension 'cmake'
[1.262s] Level 1:colcon.colcon_core.package_identification:_identify(src/Aros2duino) by extension 'python'
[1.262s] Level 1:colcon.colcon_core.package_identification:_identify(src/Aros2duino) by extensions ['python_setup_py']
[1.262s] Level 1:colcon.colcon_core.package_identification:_identify(src/Aros2duino) by extension 'python_setup_py'
[1.263s] Level 1:colcon.colcon_core.package_identification:_identify(src/create3_procedures) by extensions ['ignore', 'ignore_ament_install']
[1.263s] Level 1:colcon.colcon_core.package_identification:_identify(src/create3_procedures) by extension 'ignore'
[1.263s] Level 1:colcon.colcon_core.package_identification:_identify(src/create3_procedures) by extension 'ignore_ament_install'
[1.263s] Level 1:colcon.colcon_core.package_identification:_identify(src/create3_procedures) by extensions ['colcon_pkg']
[1.264s] Level 1:colcon.colcon_core.package_identification:_identify(src/create3_procedures) by extension 'colcon_pkg'
[1.264s] Level 1:colcon.colcon_core.package_identification:_identify(src/create3_procedures) by extensions ['colcon_meta']
[1.264s] Level 1:colcon.colcon_core.package_identification:_identify(src/create3_procedures) by extension 'colcon_meta'
[1.264s] Level 1:colcon.colcon_core.package_identification:_identify(src/create3_procedures) by extensions ['ros']
[1.264s] Level 1:colcon.colcon_core.package_identification:_identify(src/create3_procedures) by extension 'ros'
[1.274s] DEBUG:colcon.colcon_core.package_identification:Package 'src/create3_procedures' with type 'ros.ament_python' and name 'create3_procedures'
[1.275s] Level 1:colcon.colcon_core.package_identification:_identify(src/create3_teleop) by extensions ['ignore', 'ignore_ament_install']
[1.276s] Level 1:colcon.colcon_core.package_identification:_identify(src/create3_teleop) by extension 'ignore'
[1.276s] Level 1:colcon.colcon_core.package_identification:_identify(src/create3_teleop) by extension 'ignore_ament_install'
[1.276s] Level 1:colcon.colcon_core.package_identification:_identify(src/create3_teleop) by extensions ['colcon_pkg']
[1.277s] Level 1:colcon.colcon_core.package_identification:_identify(src/create3_teleop) by extension 'colcon_pkg'
[1.277s] Level 1:colcon.colcon_core.package_identification:_identify(src/create3_teleop) by extensions ['colcon_meta']
[1.277s] Level 1:colcon.colcon_core.package_identification:_identify(src/create3_teleop) by extension 'colcon_meta'
[1.277s] Level 1:colcon.colcon_core.package_identification:_identify(src/create3_teleop) by extensions ['ros']
[1.277s] Level 1:colcon.colcon_core.package_identification:_identify(src/create3_teleop) by extension 'ros'
[1.281s] DEBUG:colcon.colcon_core.package_identification:Package 'src/create3_teleop' with type 'ros.ament_python' and name 'create3_teleop'
[1.282s] Level 1:colcon.colcon_core.package_identification:_identify(src/rs_cam) by extensions ['ignore', 'ignore_ament_install']
[1.282s] Level 1:colcon.colcon_core.package_identification:_identify(src/rs_cam) by extension 'ignore'
[1.283s] Level 1:colcon.colcon_core.package_identification:_identify(src/rs_cam) by extension 'ignore_ament_install'
[1.283s] Level 1:colcon.colcon_core.package_identification:_identify(src/rs_cam) by extensions ['colcon_pkg']
[1.283s] Level 1:colcon.colcon_core.package_identification:_identify(src/rs_cam) by extension 'colcon_pkg'
[1.283s] Level 1:colcon.colcon_core.package_identification:_identify(src/rs_cam) by extensions ['colcon_meta']
[1.284s] Level 1:colcon.colcon_core.package_identification:_identify(src/rs_cam) by extension 'colcon_meta'
[1.284s] Level 1:colcon.colcon_core.package_identification:_identify(src/rs_cam) by extensions ['ros']
[1.284s] Level 1:colcon.colcon_core.package_identification:_identify(src/rs_cam) by extension 'ros'
[1.287s] DEBUG:colcon.colcon_core.package_identification:Package 'src/rs_cam' with type 'ros.ament_python' and name 'rs_cam'
[1.287s] Level 1:colcon.colcon_core.package_discovery:discover_packages(recursive) using defaults
[1.288s] Level 1:colcon.colcon_core.package_discovery:discover_packages(ignore) discover
[1.288s] Level 1:colcon.colcon_core.package_discovery:discover_packages(ignore) using defaults
[1.288s] Level 1:colcon.colcon_core.package_discovery:discover_packages(path) discover
[1.288s] Level 1:colcon.colcon_core.package_discovery:discover_packages(path) using defaults
[1.372s] Level 1:colcon.colcon_core.package_discovery:discover_packages(prefix_path) check parameters
[1.372s] Level 1:colcon.colcon_core.package_discovery:discover_packages(prefix_path) discover
[1.382s] DEBUG:colcon.colcon_installed_package_information.package_discovery:Found 3 installed packages in /home/cyros/create3_cyros/install
[1.385s] DEBUG:colcon.colcon_installed_package_information.package_discovery:Found 3 installed packages in /home/cyros/ros2_ws/install
[1.391s] DEBUG:colcon.colcon_installed_package_information.package_discovery:Found 191 installed packages in /opt/ros/humble
[1.397s] Level 1:colcon.colcon_core.package_discovery:discover_packages(prefix_path) using defaults
[1.552s] Level 5:colcon.colcon_core.verb:set package 'create3_procedures' build argument 'cmake_args' from command line to 'None'
[1.552s] Level 5:colcon.colcon_core.verb:set package 'create3_procedures' build argument 'cmake_target' from command line to 'None'
[1.552s] Level 5:colcon.colcon_core.verb:set package 'create3_procedures' build argument 'cmake_target_skip_unavailable' from command line to 'False'
[1.552s] Level 5:colcon.colcon_core.verb:set package 'create3_procedures' build argument 'cmake_clean_cache' from command line to 'False'
[1.552s] Level 5:colcon.colcon_core.verb:set package 'create3_procedures' build argument 'cmake_clean_first' from command line to 'False'
[1.553s] Level 5:colcon.colcon_core.verb:set package 'create3_procedures' build argument 'cmake_force_configure' from command line to 'False'
[1.553s] Level 5:colcon.colcon_core.verb:set package 'create3_procedures' build argument 'ament_cmake_args' from command line to 'None'
[1.553s] Level 5:colcon.colcon_core.verb:set package 'create3_procedures' build argument 'catkin_cmake_args' from command line to 'None'
[1.553s] Level 5:colcon.colcon_core.verb:set package 'create3_procedures' build argument 'catkin_skip_building_tests' from command line to 'False'
[1.553s] DEBUG:colcon.colcon_core.verb:Building package 'create3_procedures' with the following arguments: {'ament_cmake_args': None, 'build_base': '/home/cyros/create3_cyros/build/create3_procedures', 'catkin_cmake_args': None, 'catkin_skip_building_tests': False, 'cmake_args': None, 'cmake_clean_cache': False, 'cmake_clean_first': False, 'cmake_force_configure': False, 'cmake_target': None, 'cmake_target_skip_unavailable': False, 'install_base': '/home/cyros/create3_cyros/install/create3_procedures', 'merge_install': False, 'path': '/home/cyros/create3_cyros/src/create3_procedures', 'symlink_install': True, 'test_result_base': None}
[1.555s] Level 5:colcon.colcon_core.verb:set package 'create3_teleop' build argument 'cmake_args' from command line to 'None'
[1.555s] Level 5:colcon.colcon_core.verb:set package 'create3_teleop' build argument 'cmake_target' from command line to 'None'
[1.555s] Level 5:colcon.colcon_core.verb:set package 'create3_teleop' build argument 'cmake_target_skip_unavailable' from command line to 'False'
[1.555s] Level 5:colcon.colcon_core.verb:set package 'create3_teleop' build argument 'cmake_clean_cache' from command line to 'False'
[1.555s] Level 5:colcon.colcon_core.verb:set package 'create3_teleop' build argument 'cmake_clean_first' from command line to 'False'
[1.555s] Level 5:colcon.colcon_core.verb:set package 'create3_teleop' build argument 'cmake_force_configure' from command line to 'False'
[1.555s] Level 5:colcon.colcon_core.verb:set package 'create3_teleop' build argument 'ament_cmake_args' from command line to 'None'
[1.556s] Level 5:colcon.colcon_core.verb:set package 'create3_teleop' build argument 'catkin_cmake_args' from command line to 'None'
[1.556s] Level 5:colcon.colcon_core.verb:set package 'create3_teleop' build argument 'catkin_skip_building_tests' from command line to 'False'
[1.556s] DEBUG:colcon.colcon_core.verb:Building package 'create3_teleop' with the following arguments: {'ament_cmake_args': None, 'build_base': '/home/cyros/create3_cyros/build/create3_teleop', 'catkin_cmake_args': None, 'catkin_skip_building_tests': False, 'cmake_args': None, 'cmake_clean_cache': False, 'cmake_clean_first': False, 'cmake_force_configure': False, 'cmake_target': None, 'cmake_target_skip_unavailable': False, 'install_base': '/home/cyros/create3_cyros/install/create3_teleop', 'merge_install': False, 'path': '/home/cyros/create3_cyros/src/create3_teleop', 'symlink_install': True, 'test_result_base': None}
[1.557s] Level 5:colcon.colcon_core.verb:set package 'rs_cam' build argument 'cmake_args' from command line to 'None'
[1.557s] Level 5:colcon.colcon_core.verb:set package 'rs_cam' build argument 'cmake_target' from command line to 'None'
[1.558s] Level 5:colcon.colcon_core.verb:set package 'rs_cam' build argument 'cmake_target_skip_unavailable' from command line to 'False'
[1.558s] Level 5:colcon.colcon_core.verb:set package 'rs_cam' build argument 'cmake_clean_cache' from command line to 'False'
[1.558s] Level 5:colcon.colcon_core.verb:set package 'rs_cam' build argument 'cmake_clean_first' from command line to 'False'
[1.558s] Level 5:colcon.colcon_core.verb:set package 'rs_cam' build argument 'cmake_force_configure' from command line to 'False'
[1.558s] Level 5:colcon.colcon_core.verb:set package 'rs_cam' build argument 'ament_cmake_args' from command line to 'None'
[1.558s] Level 5:colcon.colcon_core.verb:set package 'rs_cam' build argument 'catkin_cmake_args' from command line to 'None'
[1.558s] Level 5:colcon.colcon_core.verb:set package 'rs_cam' build argument 'catkin_skip_building_tests' from command line to 'False'
[1.558s] DEBUG:colcon.colcon_core.verb:Building package 'rs_cam' with the following arguments: {'ament_cmake_args': None, 'build_base': '/home/cyros/create3_cyros/build/rs_cam', 'catkin_cmake_args': None, 'catkin_skip_building_tests': False, 'cmake_args': None, 'cmake_clean_cache': False, 'cmake_clean_first': False, 'cmake_force_configure': False, 'cmake_target': None, 'cmake_target_skip_unavailable': False, 'install_base': '/home/cyros/create3_cyros/install/rs_cam', 'merge_install': False, 'path': '/home/cyros/create3_cyros/src/rs_cam', 'symlink_install': True, 'test_result_base': None}
[1.559s] INFO:colcon.colcon_core.executor:Executing jobs using 'parallel' executor
[1.562s] DEBUG:colcon.colcon_parallel_executor.executor.parallel:run_until_complete
[1.564s] INFO:colcon.colcon_ros.task.ament_python.build:Building ROS package in '/home/cyros/create3_cyros/src/create3_procedures' with build type 'ament_python'
[1.564s] Level 1:colcon.colcon_core.shell:create_environment_hook('create3_procedures', 'ament_prefix_path')
[1.577s] INFO:colcon.colcon_core.plugin_system:Skipping extension 'colcon_core.shell.bat': Not used on non-Windows systems
[1.579s] INFO:colcon.colcon_core.shell:Creating environment hook '/home/cyros/create3_cyros/install/create3_procedures/share/create3_procedures/hook/ament_prefix_path.ps1'
[1.582s] INFO:colcon.colcon_core.shell:Creating environment descriptor '/home/cyros/create3_cyros/install/create3_procedures/share/create3_procedures/hook/ament_prefix_path.dsv'
[1.584s] INFO:colcon.colcon_core.shell:Creating environment hook '/home/cyros/create3_cyros/install/create3_procedures/share/create3_procedures/hook/ament_prefix_path.sh'
[1.588s] INFO:colcon.colcon_core.shell:Skip shell extension 'powershell' for command environment: Not usable outside of PowerShell
[1.588s] DEBUG:colcon.colcon_core.shell:Skip shell extension 'dsv' for command environment
[1.607s] INFO:colcon.colcon_ros.task.ament_python.build:Building ROS package in '/home/cyros/create3_cyros/src/create3_teleop' with build type 'ament_python'
[1.607s] Level 1:colcon.colcon_core.shell:create_environment_hook('create3_teleop', 'ament_prefix_path')
[1.609s] INFO:colcon.colcon_core.shell:Creating environment hook '/home/cyros/create3_cyros/install/create3_teleop/share/create3_teleop/hook/ament_prefix_path.ps1'
[1.611s] INFO:colcon.colcon_core.shell:Creating environment descriptor '/home/cyros/create3_cyros/install/create3_teleop/share/create3_teleop/hook/ament_prefix_path.dsv'
[1.613s] INFO:colcon.colcon_core.shell:Creating environment hook '/home/cyros/create3_cyros/install/create3_teleop/share/create3_teleop/hook/ament_prefix_path.sh'
[1.617s] INFO:colcon.colcon_core.shell:Skip shell extension 'powershell' for command environment: Not usable outside of PowerShell
[1.617s] DEBUG:colcon.colcon_core.shell:Skip shell extension 'dsv' for command environment
[1.635s] INFO:colcon.colcon_ros.task.ament_python.build:Building ROS package in '/home/cyros/create3_cyros/src/rs_cam' with build type 'ament_python'
[1.636s] Level 1:colcon.colcon_core.shell:create_environment_hook('rs_cam', 'ament_prefix_path')
[1.637s] INFO:colcon.colcon_core.shell:Creating environment hook '/home/cyros/create3_cyros/install/rs_cam/share/rs_cam/hook/ament_prefix_path.ps1'
[1.640s] INFO:colcon.colcon_core.shell:Creating environment descriptor '/home/cyros/create3_cyros/install/rs_cam/share/rs_cam/hook/ament_prefix_path.dsv'
[1.642s] INFO:colcon.colcon_core.shell:Creating environment hook '/home/cyros/create3_cyros/install/rs_cam/share/rs_cam/hook/ament_prefix_path.sh'
[1.645s] INFO:colcon.colcon_core.shell:Skip shell extension 'powershell' for command environment: Not usable outside of PowerShell
[1.645s] DEBUG:colcon.colcon_core.shell:Skip shell extension 'dsv' for command environment
[2.838s] INFO:colcon.colcon_core.task.python.build:Building Python package in '/home/cyros/create3_cyros/src/create3_procedures'
[2.839s] INFO:colcon.colcon_core.shell:Skip shell extension 'powershell' for command environment: Not usable outside of PowerShell
[2.839s] DEBUG:colcon.colcon_core.shell:Skip shell extension 'dsv' for command environment
[4.005s] INFO:colcon.colcon_core.task.python.build:Building Python package in '/home/cyros/create3_cyros/src/create3_teleop'
[4.006s] INFO:colcon.colcon_core.shell:Skip shell extension 'powershell' for command environment: Not usable outside of PowerShell
[4.006s] DEBUG:colcon.colcon_core.shell:Skip shell extension 'dsv' for command environment
[5.189s] INFO:colcon.colcon_core.task.python.build:Building Python package in '/home/cyros/create3_cyros/src/rs_cam'
[5.190s] INFO:colcon.colcon_core.shell:Skip shell extension 'powershell' for command environment: Not usable outside of PowerShell
[5.190s] DEBUG:colcon.colcon_core.shell:Skip shell extension 'dsv' for command environment
[7.468s] DEBUG:colcon.colcon_core.event_handler.log_command:Invoking command in '/home/cyros/create3_cyros/build/create3_procedures': PYTHONPATH=/home/cyros/create3_cyros/build/create3_procedures/prefix_override:/home/cyros/create3_cyros/install/create3_procedures/lib/python3.10/site-packages:${PYTHONPATH} /usr/bin/python3 -W ignore:setup.py install is deprecated setup.py develop --editable --build-directory /home/cyros/create3_cyros/build/create3_procedures/build --no-deps symlink_data
[7.606s] DEBUG:colcon.colcon_core.event_handler.log_command:Invoking command in '/home/cyros/create3_cyros/build/create3_teleop': PYTHONPATH=/home/cyros/create3_cyros/build/create3_teleop/prefix_override:/home/cyros/create3_cyros/install/create3_teleop/lib/python3.10/site-packages:${PYTHONPATH} /usr/bin/python3 -W ignore:setup.py install is deprecated setup.py develop --editable --build-directory /home/cyros/create3_cyros/build/create3_teleop/build --no-deps symlink_data
[7.726s] DEBUG:colcon.colcon_core.event_handler.log_command:Invoking command in '/home/cyros/create3_cyros/build/rs_cam': PYTHONPATH=/home/cyros/create3_cyros/build/rs_cam/prefix_override:/home/cyros/create3_cyros/install/rs_cam/lib/python3.10/site-packages:${PYTHONPATH} /usr/bin/python3 -W ignore:setup.py install is deprecated setup.py develop --editable --build-directory /home/cyros/create3_cyros/build/rs_cam/build --no-deps symlink_data
[10.375s] Level 1:colcon.colcon_core.shell:create_environment_hook('create3_procedures', 'pythonpath_develop')
[10.377s] INFO:colcon.colcon_core.shell:Creating environment hook '/home/cyros/create3_cyros/build/create3_procedures/share/create3_procedures/hook/pythonpath_develop.ps1'
[10.382s] INFO:colcon.colcon_core.shell:Creating environment descriptor '/home/cyros/create3_cyros/build/create3_procedures/share/create3_procedures/hook/pythonpath_develop.dsv'
[10.385s] DEBUG:colcon.colcon_core.event_handler.log_command:Invoked command in '/home/cyros/create3_cyros/build/create3_procedures' returned '0': PYTHONPATH=/home/cyros/create3_cyros/build/create3_procedures/prefix_override:/home/cyros/create3_cyros/install/create3_procedures/lib/python3.10/site-packages:${PYTHONPATH} /usr/bin/python3 -W ignore:setup.py install is deprecated setup.py develop --editable --build-directory /home/cyros/create3_cyros/build/create3_procedures/build --no-deps symlink_data
[10.392s] INFO:colcon.colcon_core.shell:Creating environment hook '/home/cyros/create3_cyros/build/create3_procedures/share/create3_procedures/hook/pythonpath_develop.sh'
[10.423s] Level 1:colcon.colcon_core.environment:checking '/home/cyros/create3_cyros/install/create3_procedures' for CMake module files
[10.428s] Level 1:colcon.colcon_core.environment:checking '/home/cyros/create3_cyros/install/create3_procedures' for CMake config files
[10.437s] Level 1:colcon.colcon_core.environment:checking '/home/cyros/create3_cyros/install/create3_procedures/lib'
[10.441s] Level 1:colcon.colcon_core.environment:checking '/home/cyros/create3_cyros/install/create3_procedures/bin'
[10.444s] Level 1:colcon.colcon_core.environment:checking '/home/cyros/create3_cyros/install/create3_procedures/lib/pkgconfig/create3_procedures.pc'
[10.447s] Level 1:colcon.colcon_core.environment:checking '/home/cyros/create3_cyros/install/create3_procedures/lib/python3.10/site-packages'
[10.449s] Level 1:colcon.colcon_core.shell:create_environment_hook('create3_procedures', 'pythonpath')
[10.452s] INFO:colcon.colcon_core.shell:Creating environment hook '/home/cyros/create3_cyros/install/create3_procedures/share/create3_procedures/hook/pythonpath.ps1'
[10.461s] INFO:colcon.colcon_core.shell:Creating environment descriptor '/home/cyros/create3_cyros/install/create3_procedures/share/create3_procedures/hook/pythonpath.dsv'
[10.464s] INFO:colcon.colcon_core.shell:Creating environment hook '/home/cyros/create3_cyros/install/create3_procedures/share/create3_procedures/hook/pythonpath.sh'
[10.469s] Level 1:colcon.colcon_core.environment:checking '/home/cyros/create3_cyros/install/create3_procedures/bin'
[10.469s] Level 1:colcon.colcon_core.environment:create_environment_scripts_only(create3_procedures)
[10.472s] INFO:colcon.colcon_core.shell:Creating package script '/home/cyros/create3_cyros/install/create3_procedures/share/create3_procedures/package.ps1'
[10.479s] INFO:colcon.colcon_core.shell:Creating package descriptor '/home/cyros/create3_cyros/install/create3_procedures/share/create3_procedures/package.dsv'
[10.484s] INFO:colcon.colcon_core.shell:Creating package script '/home/cyros/create3_cyros/install/create3_procedures/share/create3_procedures/package.sh'
[10.490s] INFO:colcon.colcon_core.shell:Creating package script '/home/cyros/create3_cyros/install/create3_procedures/share/create3_procedures/package.bash'
[10.503s] INFO:colcon.colcon_core.shell:Creating package script '/home/cyros/create3_cyros/install/create3_procedures/share/create3_procedures/package.zsh'
[10.516s] Level 1:colcon.colcon_core.environment:create_file_with_runtime_dependencies(/home/cyros/create3_cyros/install/create3_procedures/share/colcon-core/packages/create3_procedures)
[10.550s] Level 1:colcon.colcon_core.shell:create_environment_hook('create3_teleop', 'pythonpath_develop')
[10.552s] INFO:colcon.colcon_core.shell:Creating environment hook '/home/cyros/create3_cyros/build/create3_teleop/share/create3_teleop/hook/pythonpath_develop.ps1'
[10.555s] INFO:colcon.colcon_core.shell:Creating environment descriptor '/home/cyros/create3_cyros/build/create3_teleop/share/create3_teleop/hook/pythonpath_develop.dsv'
[10.556s] DEBUG:colcon.colcon_core.event_handler.log_command:Invoked command in '/home/cyros/create3_cyros/build/create3_teleop' returned '0': PYTHONPATH=/home/cyros/create3_cyros/build/create3_teleop/prefix_override:/home/cyros/create3_cyros/install/create3_teleop/lib/python3.10/site-packages:${PYTHONPATH} /usr/bin/python3 -W ignore:setup.py install is deprecated setup.py develop --editable --build-directory /home/cyros/create3_cyros/build/create3_teleop/build --no-deps symlink_data
[10.559s] INFO:colcon.colcon_core.shell:Creating environment hook '/home/cyros/create3_cyros/build/create3_teleop/share/create3_teleop/hook/pythonpath_develop.sh'
[10.563s] Level 1:colcon.colcon_core.environment:checking '/home/cyros/create3_cyros/install/create3_teleop' for CMake module files
[10.565s] Level 1:colcon.colcon_core.environment:checking '/home/cyros/create3_cyros/install/create3_teleop' for CMake config files
[10.570s] Level 1:colcon.colcon_core.environment:checking '/home/cyros/create3_cyros/install/create3_teleop/lib'
[10.571s] Level 1:colcon.colcon_core.environment:checking '/home/cyros/create3_cyros/install/create3_teleop/bin'
[10.571s] Level 1:colcon.colcon_core.environment:checking '/home/cyros/create3_cyros/install/create3_teleop/lib/pkgconfig/create3_teleop.pc'
[10.572s] Level 1:colcon.colcon_core.environment:checking '/home/cyros/create3_cyros/install/create3_teleop/lib/python3.10/site-packages'
[10.574s] Level 1:colcon.colcon_core.shell:create_environment_hook('create3_teleop', 'pythonpath')
[10.578s] INFO:colcon.colcon_core.shell:Creating environment hook '/home/cyros/create3_cyros/install/create3_teleop/share/create3_teleop/hook/pythonpath.ps1'
[10.582s] INFO:colcon.colcon_core.shell:Creating environment descriptor '/home/cyros/create3_cyros/install/create3_teleop/share/create3_teleop/hook/pythonpath.dsv'
[10.586s] INFO:colcon.colcon_core.shell:Creating environment hook '/home/cyros/create3_cyros/install/create3_teleop/share/create3_teleop/hook/pythonpath.sh'
[10.591s] Level 1:colcon.colcon_core.environment:checking '/home/cyros/create3_cyros/install/create3_teleop/bin'
[10.592s] Level 1:colcon.colcon_core.environment:create_environment_scripts_only(create3_teleop)
[10.595s] INFO:colcon.colcon_core.shell:Creating package script '/home/cyros/create3_cyros/install/create3_teleop/share/create3_teleop/package.ps1'
[10.601s] INFO:colcon.colcon_core.shell:Creating package descriptor '/home/cyros/create3_cyros/install/create3_teleop/share/create3_teleop/package.dsv'
[10.606s] INFO:colcon.colcon_core.shell:Creating package script '/home/cyros/create3_cyros/install/create3_teleop/share/create3_teleop/package.sh'
[10.609s] INFO:colcon.colcon_core.shell:Creating package script '/home/cyros/create3_cyros/install/create3_teleop/share/create3_teleop/package.bash'
[10.613s] INFO:colcon.colcon_core.shell:Creating package script '/home/cyros/create3_cyros/install/create3_teleop/share/create3_teleop/package.zsh'
[10.617s] Level 1:colcon.colcon_core.environment:create_file_with_runtime_dependencies(/home/cyros/create3_cyros/install/create3_teleop/share/colcon-core/packages/create3_teleop)
[10.721s] Level 1:colcon.colcon_core.shell:create_environment_hook('rs_cam', 'pythonpath_develop')
[10.722s] DEBUG:colcon.colcon_core.event_handler.log_command:Invoked command in '/home/cyros/create3_cyros/build/rs_cam' returned '0': PYTHONPATH=/home/cyros/create3_cyros/build/rs_cam/prefix_override:/home/cyros/create3_cyros/install/rs_cam/lib/python3.10/site-packages:${PYTHONPATH} /usr/bin/python3 -W ignore:setup.py install is deprecated setup.py develop --editable --build-directory /home/cyros/create3_cyros/build/rs_cam/build --no-deps symlink_data
[10.723s] INFO:colcon.colcon_core.shell:Creating environment hook '/home/cyros/create3_cyros/build/rs_cam/share/rs_cam/hook/pythonpath_develop.ps1'
[10.726s] INFO:colcon.colcon_core.shell:Creating environment descriptor '/home/cyros/create3_cyros/build/rs_cam/share/rs_cam/hook/pythonpath_develop.dsv'
[10.728s] INFO:colcon.colcon_core.shell:Creating environment hook '/home/cyros/create3_cyros/build/rs_cam/share/rs_cam/hook/pythonpath_develop.sh'
[10.731s] Level 1:colcon.colcon_core.environment:checking '/home/cyros/create3_cyros/install/rs_cam' for CMake module files
[10.734s] Level 1:colcon.colcon_core.environment:checking '/home/cyros/create3_cyros/install/rs_cam' for CMake config files
[10.737s] Level 1:colcon.colcon_core.environment:checking '/home/cyros/create3_cyros/install/rs_cam/lib'
[10.737s] Level 1:colcon.colcon_core.environment:checking '/home/cyros/create3_cyros/install/rs_cam/bin'
[10.738s] Level 1:colcon.colcon_core.environment:checking '/home/cyros/create3_cyros/install/rs_cam/lib/pkgconfig/rs_cam.pc'
[10.739s] Level 1:colcon.colcon_core.environment:checking '/home/cyros/create3_cyros/install/rs_cam/lib/python3.10/site-packages'
[10.739s] Level 1:colcon.colcon_core.shell:create_environment_hook('rs_cam', 'pythonpath')
[10.740s] INFO:colcon.colcon_core.shell:Creating environment hook '/home/cyros/create3_cyros/install/rs_cam/share/rs_cam/hook/pythonpath.ps1'
[10.742s] INFO:colcon.colcon_core.shell:Creating environment descriptor '/home/cyros/create3_cyros/install/rs_cam/share/rs_cam/hook/pythonpath.dsv'
[10.744s] INFO:colcon.colcon_core.shell:Creating environment hook '/home/cyros/create3_cyros/install/rs_cam/share/rs_cam/hook/pythonpath.sh'
[10.746s] Level 1:colcon.colcon_core.environment:checking '/home/cyros/create3_cyros/install/rs_cam/bin'
[10.747s] Level 1:colcon.colcon_core.environment:create_environment_scripts_only(rs_cam)
[10.748s] INFO:colcon.colcon_core.shell:Creating package script '/home/cyros/create3_cyros/install/rs_cam/share/rs_cam/package.ps1'
[10.751s] INFO:colcon.colcon_core.shell:Creating package descriptor '/home/cyros/create3_cyros/install/rs_cam/share/rs_cam/package.dsv'
[10.753s] INFO:colcon.colcon_core.shell:Creating package script '/home/cyros/create3_cyros/install/rs_cam/share/rs_cam/package.sh'
[10.756s] INFO:colcon.colcon_core.shell:Creating package script '/home/cyros/create3_cyros/install/rs_cam/share/rs_cam/package.bash'
[10.758s] INFO:colcon.colcon_core.shell:Creating package script '/home/cyros/create3_cyros/install/rs_cam/share/rs_cam/package.zsh'
[10.761s] Level 1:colcon.colcon_core.environment:create_file_with_runtime_dependencies(/home/cyros/create3_cyros/install/rs_cam/share/colcon-core/packages/rs_cam)
[10.762s] DEBUG:colcon.colcon_parallel_executor.executor.parallel:closing loop
[10.764s] DEBUG:colcon.colcon_parallel_executor.executor.parallel:loop closed
[10.765s] DEBUG:colcon.colcon_parallel_executor.executor.parallel:run_until_complete finished with '0'
[10.765s] DEBUG:colcon.colcon_core.event_reactor:joining thread
[10.791s] INFO:colcon.colcon_core.plugin_system:Skipping extension 'colcon_notification.desktop_notification.terminal_notifier': Not used on non-Darwin systems
[10.791s] INFO:colcon.colcon_core.plugin_system:Skipping extension 'colcon_notification.desktop_notification.win32': Not used on non-Windows systems
[10.791s] INFO:colcon.colcon_notification.desktop_notification:Sending desktop notification using 'notify2'
[10.796s] DEBUG:colcon.colcon_notification.desktop_notification.notify2:Failed to initialize notify2: org.freedesktop.DBus.Error.ServiceUnknown: The name org.freedesktop.Notifications was not provided by any .service files
[10.797s] DEBUG:colcon.colcon_core.event_reactor:joined thread
[10.798s] INFO:colcon.colcon_core.shell:Creating prefix script '/home/cyros/create3_cyros/install/local_setup.ps1'
[10.802s] INFO:colcon.colcon_core.shell:Creating prefix util module '/home/cyros/create3_cyros/install/_local_setup_util_ps1.py'
[10.808s] INFO:colcon.colcon_core.shell:Creating prefix chain script '/home/cyros/create3_cyros/install/setup.ps1'
[10.815s] INFO:colcon.colcon_core.shell:Creating prefix script '/home/cyros/create3_cyros/install/local_setup.sh'
[10.818s] INFO:colcon.colcon_core.shell:Creating prefix util module '/home/cyros/create3_cyros/install/_local_setup_util_sh.py'
[10.820s] INFO:colcon.colcon_core.shell:Creating prefix chain script '/home/cyros/create3_cyros/install/setup.sh'
[10.826s] INFO:colcon.colcon_core.shell:Creating prefix script '/home/cyros/create3_cyros/install/local_setup.bash'
[10.828s] INFO:colcon.colcon_core.shell:Creating prefix chain script '/home/cyros/create3_cyros/install/setup.bash'
[10.835s] INFO:colcon.colcon_core.shell:Creating prefix script '/home/cyros/create3_cyros/install/local_setup.zsh'
[10.837s] INFO:colcon.colcon_core.shell:Creating prefix chain script '/home/cyros/create3_cyros/install/setup.zsh'
