[7.343s] Invoking command in '/home/cyros/create3_cyros/build/create3_teleop': PYTHONPATH=/home/cyros/create3_cyros/build/create3_teleop/prefix_override:/home/cyros/create3_cyros/install/create3_teleop/lib/python3.10/site-packages:${PYTHONPATH} /usr/bin/python3 -W ignore:setup.py install is deprecated setup.py develop --editable --build-directory /home/cyros/create3_cyros/build/create3_teleop/build --no-deps symlink_data
[9.417s] running develop
[9.419s] /usr/lib/python3/dist-packages/setuptools/command/easy_install.py:158: EasyInstallDeprecationWarning: easy_install command is deprecated. Use build and pip and other standards-based tools.
[9.420s]   warnings.warn(
[10.993s] running egg_info
[10.993s] creating create3_teleop.egg-info
[10.994s] writing create3_teleop.egg-info/PKG-INFO
[10.996s] writing dependency_links to create3_teleop.egg-info/dependency_links.txt
[10.997s] writing entry points to create3_teleop.egg-info/entry_points.txt
[10.998s] writing requirements to create3_teleop.egg-info/requires.txt
[10.999s] writing top-level names to create3_teleop.egg-info/top_level.txt
[11.000s] writing manifest file 'create3_teleop.egg-info/SOURCES.txt'
[11.022s] reading manifest file 'create3_teleop.egg-info/SOURCES.txt'
[11.027s] writing manifest file 'create3_teleop.egg-info/SOURCES.txt'
[11.049s] running build_ext
[11.051s] Creating /home/cyros/create3_cyros/install/create3_teleop/lib/python3.10/site-packages/create3-teleop.egg-link (link to .)
[11.059s] Installing teleop script to /home/cyros/create3_cyros/install/create3_teleop/lib/create3_teleop
[11.062s] 
[11.063s] Installed /home/cyros/create3_cyros/build/create3_teleop
[11.064s] running symlink_data
[11.066s] creating /home/cyros/create3_cyros/install/create3_teleop/share/ament_index
[11.067s] creating /home/cyros/create3_cyros/install/create3_teleop/share/ament_index/resource_index
[11.078s] creating /home/cyros/create3_cyros/install/create3_teleop/share/ament_index/resource_index/packages
[11.080s] symbolically linking /home/cyros/create3_cyros/build/create3_teleop/resource/create3_teleop -> /home/cyros/create3_cyros/install/create3_teleop/share/ament_index/resource_index/packages
[11.082s] symbolically linking /home/cyros/create3_cyros/build/create3_teleop/package.xml -> /home/cyros/create3_cyros/install/create3_teleop/share/create3_teleop
[11.474s] Invoked command in '/home/cyros/create3_cyros/build/create3_teleop' returned '0': PYTHONPATH=/home/cyros/create3_cyros/build/create3_teleop/prefix_override:/home/cyros/create3_cyros/install/create3_teleop/lib/python3.10/site-packages:${PYTHONPATH} /usr/bin/python3 -W ignore:setup.py install is deprecated setup.py develop --editable --build-directory /home/cyros/create3_cyros/build/create3_teleop/build --no-deps symlink_data
