[0.448s] DEBUG:colcon:Command line arguments: ['/usr/bin/colcon', 'build', '--symlink-install']
[0.448s] DEBUG:colcon:Parsed command line arguments: Namespace(log_base=None, log_level=None, verb_name='build', build_base='build', install_base='install', merge_install=False, symlink_install=True, test_result_base=None, continue_on_error=False, executor='parallel', parallel_workers=4, event_handlers=None, ignore_user_meta=False, metas=['./colcon.meta'], base_paths=['.'], packages_ignore=None, packages_ignore_regex=None, paths=None, packages_up_to=None, packages_up_to_regex=None, packages_above=None, packages_above_and_dependencies=None, packages_above_depth=None, packages_select_by_dep=None, packages_skip_by_dep=None, packages_skip_up_to=None, packages_select_build_failed=False, packages_skip_build_finished=False, packages_select_test_failures=False, packages_skip_test_passed=False, packages_select=None, packages_skip=None, packages_select_regex=None, packages_skip_regex=None, packages_start=None, packages_end=None, allow_overriding=[], cmake_args=None, cmake_target=None, cmake_target_skip_unavailable=False, cmake_clean_cache=False, cmake_clean_first=False, cmake_force_configure=False, ament_cmake_args=None, catkin_cmake_args=None, catkin_skip_building_tests=False, verb_parser=<colcon_defaults.argument_parser.defaults.DefaultArgumentsDecorator object at 0xffffa826f370>, verb_extension=<colcon_core.verb.build.BuildVerb object at 0xffffa83fbf70>, main=<bound method BuildVerb.main of <colcon_core.verb.build.BuildVerb object at 0xffffa83fbf70>>)
[1.207s] Level 1:colcon.colcon_core.package_discovery:discover_packages(colcon_meta) check parameters
[1.207s] Level 1:colcon.colcon_core.package_discovery:discover_packages(recursive) check parameters
[1.208s] Level 1:colcon.colcon_core.package_discovery:discover_packages(ignore) check parameters
[1.208s] Level 1:colcon.colcon_core.package_discovery:discover_packages(path) check parameters
[1.208s] Level 1:colcon.colcon_core.package_discovery:discover_packages(colcon_meta) discover
[1.208s] Level 1:colcon.colcon_core.package_discovery:discover_packages(recursive) discover
[1.209s] INFO:colcon.colcon_core.package_discovery:Crawling recursively for packages in '/home/cyros/create3_cyros'
[1.209s] Level 1:colcon.colcon_core.package_identification:_identify(.) by extensions ['ignore', 'ignore_ament_install']
[1.209s] Level 1:colcon.colcon_core.package_identification:_identify(.) by extension 'ignore'
[1.210s] Level 1:colcon.colcon_core.package_identification:_identify(.) by extension 'ignore_ament_install'
[1.210s] Level 1:colcon.colcon_core.package_identification:_identify(.) by extensions ['colcon_pkg']
[1.210s] Level 1:colcon.colcon_core.package_identification:_identify(.) by extension 'colcon_pkg'
[1.210s] Level 1:colcon.colcon_core.package_identification:_identify(.) by extensions ['colcon_meta']
[1.211s] Level 1:colcon.colcon_core.package_identification:_identify(.) by extension 'colcon_meta'
[1.211s] Level 1:colcon.colcon_core.package_identification:_identify(.) by extensions ['ros']
[1.211s] Level 1:colcon.colcon_core.package_identification:_identify(.) by extension 'ros'
[1.260s] Level 1:colcon.colcon_core.package_identification:_identify(.) by extensions ['cmake', 'python']
[1.261s] Level 1:colcon.colcon_core.package_identification:_identify(.) by extension 'cmake'
[1.261s] Level 1:colcon.colcon_core.package_identification:_identify(.) by extension 'python'
[1.261s] Level 1:colcon.colcon_core.package_identification:_identify(.) by extensions ['python_setup_py']
[1.261s] Level 1:colcon.colcon_core.package_identification:_identify(.) by extension 'python_setup_py'
[1.262s] Level 1:colcon.colcon_core.package_identification:_identify(build) by extensions ['ignore', 'ignore_ament_install']
[1.263s] Level 1:colcon.colcon_core.package_identification:_identify(build) by extension 'ignore'
[1.263s] Level 1:colcon.colcon_core.package_identification:_identify(build) ignored
[1.264s] Level 1:colcon.colcon_core.package_identification:_identify(install) by extensions ['ignore', 'ignore_ament_install']
[1.264s] Level 1:colcon.colcon_core.package_identification:_identify(install) by extension 'ignore'
[1.264s] Level 1:colcon.colcon_core.package_identification:_identify(install) ignored
[1.265s] Level 1:colcon.colcon_core.package_identification:_identify(log) by extensions ['ignore', 'ignore_ament_install']
[1.266s] Level 1:colcon.colcon_core.package_identification:_identify(log) by extension 'ignore'
[1.266s] Level 1:colcon.colcon_core.package_identification:_identify(log) ignored
[1.266s] Level 1:colcon.colcon_core.package_identification:_identify(src) by extensions ['ignore', 'ignore_ament_install']
[1.267s] Level 1:colcon.colcon_core.package_identification:_identify(src) by extension 'ignore'
[1.267s] Level 1:colcon.colcon_core.package_identification:_identify(src) by extension 'ignore_ament_install'
[1.268s] Level 1:colcon.colcon_core.package_identification:_identify(src) by extensions ['colcon_pkg']
[1.268s] Level 1:colcon.colcon_core.package_identification:_identify(src) by extension 'colcon_pkg'
[1.269s] Level 1:colcon.colcon_core.package_identification:_identify(src) by extensions ['colcon_meta']
[1.269s] Level 1:colcon.colcon_core.package_identification:_identify(src) by extension 'colcon_meta'
[1.269s] Level 1:colcon.colcon_core.package_identification:_identify(src) by extensions ['ros']
[1.270s] Level 1:colcon.colcon_core.package_identification:_identify(src) by extension 'ros'
[1.270s] Level 1:colcon.colcon_core.package_identification:_identify(src) by extensions ['cmake', 'python']
[1.270s] Level 1:colcon.colcon_core.package_identification:_identify(src) by extension 'cmake'
[1.271s] Level 1:colcon.colcon_core.package_identification:_identify(src) by extension 'python'
[1.271s] Level 1:colcon.colcon_core.package_identification:_identify(src) by extensions ['python_setup_py']
[1.271s] Level 1:colcon.colcon_core.package_identification:_identify(src) by extension 'python_setup_py'
[1.272s] Level 1:colcon.colcon_core.package_identification:_identify(src/Aros2duino) by extensions ['ignore', 'ignore_ament_install']
[1.273s] Level 1:colcon.colcon_core.package_identification:_identify(src/Aros2duino) by extension 'ignore'
[1.273s] Level 1:colcon.colcon_core.package_identification:_identify(src/Aros2duino) by extension 'ignore_ament_install'
[1.274s] Level 1:colcon.colcon_core.package_identification:_identify(src/Aros2duino) by extensions ['colcon_pkg']
[1.274s] Level 1:colcon.colcon_core.package_identification:_identify(src/Aros2duino) by extension 'colcon_pkg'
[1.274s] Level 1:colcon.colcon_core.package_identification:_identify(src/Aros2duino) by extensions ['colcon_meta']
[1.274s] Level 1:colcon.colcon_core.package_identification:_identify(src/Aros2duino) by extension 'colcon_meta'
[1.275s] Level 1:colcon.colcon_core.package_identification:_identify(src/Aros2duino) by extensions ['ros']
[1.275s] Level 1:colcon.colcon_core.package_identification:_identify(src/Aros2duino) by extension 'ros'
[1.275s] Level 1:colcon.colcon_core.package_identification:_identify(src/Aros2duino) by extensions ['cmake', 'python']
[1.276s] Level 1:colcon.colcon_core.package_identification:_identify(src/Aros2duino) by extension 'cmake'
[1.276s] Level 1:colcon.colcon_core.package_identification:_identify(src/Aros2duino) by extension 'python'
[1.277s] Level 1:colcon.colcon_core.package_identification:_identify(src/Aros2duino) by extensions ['python_setup_py']
[1.277s] Level 1:colcon.colcon_core.package_identification:_identify(src/Aros2duino) by extension 'python_setup_py'
[1.277s] Level 1:colcon.colcon_core.package_identification:_identify(src/create3_procedures) by extensions ['ignore', 'ignore_ament_install']
[1.278s] Level 1:colcon.colcon_core.package_identification:_identify(src/create3_procedures) by extension 'ignore'
[1.278s] Level 1:colcon.colcon_core.package_identification:_identify(src/create3_procedures) by extension 'ignore_ament_install'
[1.279s] Level 1:colcon.colcon_core.package_identification:_identify(src/create3_procedures) by extensions ['colcon_pkg']
[1.279s] Level 1:colcon.colcon_core.package_identification:_identify(src/create3_procedures) by extension 'colcon_pkg'
[1.279s] Level 1:colcon.colcon_core.package_identification:_identify(src/create3_procedures) by extensions ['colcon_meta']
[1.279s] Level 1:colcon.colcon_core.package_identification:_identify(src/create3_procedures) by extension 'colcon_meta'
[1.280s] Level 1:colcon.colcon_core.package_identification:_identify(src/create3_procedures) by extensions ['ros']
[1.280s] Level 1:colcon.colcon_core.package_identification:_identify(src/create3_procedures) by extension 'ros'
[1.290s] DEBUG:colcon.colcon_core.package_identification:Package 'src/create3_procedures' with type 'ros.ament_python' and name 'create3_procedures'
[1.291s] Level 1:colcon.colcon_core.package_identification:_identify(src/create3_teleop) by extensions ['ignore', 'ignore_ament_install']
[1.292s] Level 1:colcon.colcon_core.package_identification:_identify(src/create3_teleop) by extension 'ignore'
[1.292s] Level 1:colcon.colcon_core.package_identification:_identify(src/create3_teleop) by extension 'ignore_ament_install'
[1.292s] Level 1:colcon.colcon_core.package_identification:_identify(src/create3_teleop) by extensions ['colcon_pkg']
[1.292s] Level 1:colcon.colcon_core.package_identification:_identify(src/create3_teleop) by extension 'colcon_pkg'
[1.293s] Level 1:colcon.colcon_core.package_identification:_identify(src/create3_teleop) by extensions ['colcon_meta']
[1.293s] Level 1:colcon.colcon_core.package_identification:_identify(src/create3_teleop) by extension 'colcon_meta'
[1.293s] Level 1:colcon.colcon_core.package_identification:_identify(src/create3_teleop) by extensions ['ros']
[1.293s] Level 1:colcon.colcon_core.package_identification:_identify(src/create3_teleop) by extension 'ros'
[1.297s] DEBUG:colcon.colcon_core.package_identification:Package 'src/create3_teleop' with type 'ros.ament_python' and name 'create3_teleop'
[1.298s] Level 1:colcon.colcon_core.package_identification:_identify(src/rs_cam) by extensions ['ignore', 'ignore_ament_install']
[1.299s] Level 1:colcon.colcon_core.package_identification:_identify(src/rs_cam) by extension 'ignore'
[1.299s] Level 1:colcon.colcon_core.package_identification:_identify(src/rs_cam) by extension 'ignore_ament_install'
[1.299s] Level 1:colcon.colcon_core.package_identification:_identify(src/rs_cam) by extensions ['colcon_pkg']
[1.300s] Level 1:colcon.colcon_core.package_identification:_identify(src/rs_cam) by extension 'colcon_pkg'
[1.300s] Level 1:colcon.colcon_core.package_identification:_identify(src/rs_cam) by extensions ['colcon_meta']
[1.300s] Level 1:colcon.colcon_core.package_identification:_identify(src/rs_cam) by extension 'colcon_meta'
[1.300s] Level 1:colcon.colcon_core.package_identification:_identify(src/rs_cam) by extensions ['ros']
[1.300s] Level 1:colcon.colcon_core.package_identification:_identify(src/rs_cam) by extension 'ros'
[1.304s] DEBUG:colcon.colcon_core.package_identification:Package 'src/rs_cam' with type 'ros.ament_python' and name 'rs_cam'
[1.304s] Level 1:colcon.colcon_core.package_discovery:discover_packages(recursive) using defaults
[1.304s] Level 1:colcon.colcon_core.package_discovery:discover_packages(ignore) discover
[1.304s] Level 1:colcon.colcon_core.package_discovery:discover_packages(ignore) using defaults
[1.305s] Level 1:colcon.colcon_core.package_discovery:discover_packages(path) discover
[1.305s] Level 1:colcon.colcon_core.package_discovery:discover_packages(path) using defaults
[1.385s] Level 1:colcon.colcon_core.package_discovery:discover_packages(prefix_path) check parameters
[1.385s] Level 1:colcon.colcon_core.package_discovery:discover_packages(prefix_path) discover
[1.394s] DEBUG:colcon.colcon_installed_package_information.package_discovery:Found 3 installed packages in /home/cyros/create3_cyros/install
[1.397s] DEBUG:colcon.colcon_installed_package_information.package_discovery:Found 3 installed packages in /home/cyros/ros2_ws/install
[1.403s] DEBUG:colcon.colcon_installed_package_information.package_discovery:Found 191 installed packages in /opt/ros/humble
[1.409s] Level 1:colcon.colcon_core.package_discovery:discover_packages(prefix_path) using defaults
[1.569s] Level 5:colcon.colcon_core.verb:set package 'create3_procedures' build argument 'cmake_args' from command line to 'None'
[1.569s] Level 5:colcon.colcon_core.verb:set package 'create3_procedures' build argument 'cmake_target' from command line to 'None'
[1.569s] Level 5:colcon.colcon_core.verb:set package 'create3_procedures' build argument 'cmake_target_skip_unavailable' from command line to 'False'
[1.569s] Level 5:colcon.colcon_core.verb:set package 'create3_procedures' build argument 'cmake_clean_cache' from command line to 'False'
[1.569s] Level 5:colcon.colcon_core.verb:set package 'create3_procedures' build argument 'cmake_clean_first' from command line to 'False'
[1.570s] Level 5:colcon.colcon_core.verb:set package 'create3_procedures' build argument 'cmake_force_configure' from command line to 'False'
[1.570s] Level 5:colcon.colcon_core.verb:set package 'create3_procedures' build argument 'ament_cmake_args' from command line to 'None'
[1.570s] Level 5:colcon.colcon_core.verb:set package 'create3_procedures' build argument 'catkin_cmake_args' from command line to 'None'
[1.570s] Level 5:colcon.colcon_core.verb:set package 'create3_procedures' build argument 'catkin_skip_building_tests' from command line to 'False'
[1.570s] DEBUG:colcon.colcon_core.verb:Building package 'create3_procedures' with the following arguments: {'ament_cmake_args': None, 'build_base': '/home/cyros/create3_cyros/build/create3_procedures', 'catkin_cmake_args': None, 'catkin_skip_building_tests': False, 'cmake_args': None, 'cmake_clean_cache': False, 'cmake_clean_first': False, 'cmake_force_configure': False, 'cmake_target': None, 'cmake_target_skip_unavailable': False, 'install_base': '/home/cyros/create3_cyros/install/create3_procedures', 'merge_install': False, 'path': '/home/cyros/create3_cyros/src/create3_procedures', 'symlink_install': True, 'test_result_base': None}
[1.572s] Level 5:colcon.colcon_core.verb:set package 'create3_teleop' build argument 'cmake_args' from command line to 'None'
[1.572s] Level 5:colcon.colcon_core.verb:set package 'create3_teleop' build argument 'cmake_target' from command line to 'None'
[1.572s] Level 5:colcon.colcon_core.verb:set package 'create3_teleop' build argument 'cmake_target_skip_unavailable' from command line to 'False'
[1.572s] Level 5:colcon.colcon_core.verb:set package 'create3_teleop' build argument 'cmake_clean_cache' from command line to 'False'
[1.572s] Level 5:colcon.colcon_core.verb:set package 'create3_teleop' build argument 'cmake_clean_first' from command line to 'False'
[1.572s] Level 5:colcon.colcon_core.verb:set package 'create3_teleop' build argument 'cmake_force_configure' from command line to 'False'
[1.572s] Level 5:colcon.colcon_core.verb:set package 'create3_teleop' build argument 'ament_cmake_args' from command line to 'None'
[1.573s] Level 5:colcon.colcon_core.verb:set package 'create3_teleop' build argument 'catkin_cmake_args' from command line to 'None'
[1.573s] Level 5:colcon.colcon_core.verb:set package 'create3_teleop' build argument 'catkin_skip_building_tests' from command line to 'False'
[1.573s] DEBUG:colcon.colcon_core.verb:Building package 'create3_teleop' with the following arguments: {'ament_cmake_args': None, 'build_base': '/home/cyros/create3_cyros/build/create3_teleop', 'catkin_cmake_args': None, 'catkin_skip_building_tests': False, 'cmake_args': None, 'cmake_clean_cache': False, 'cmake_clean_first': False, 'cmake_force_configure': False, 'cmake_target': None, 'cmake_target_skip_unavailable': False, 'install_base': '/home/cyros/create3_cyros/install/create3_teleop', 'merge_install': False, 'path': '/home/cyros/create3_cyros/src/create3_teleop', 'symlink_install': True, 'test_result_base': None}
[1.574s] Level 5:colcon.colcon_core.verb:set package 'rs_cam' build argument 'cmake_args' from command line to 'None'
[1.574s] Level 5:colcon.colcon_core.verb:set package 'rs_cam' build argument 'cmake_target' from command line to 'None'
[1.575s] Level 5:colcon.colcon_core.verb:set package 'rs_cam' build argument 'cmake_target_skip_unavailable' from command line to 'False'
[1.575s] Level 5:colcon.colcon_core.verb:set package 'rs_cam' build argument 'cmake_clean_cache' from command line to 'False'
[1.575s] Level 5:colcon.colcon_core.verb:set package 'rs_cam' build argument 'cmake_clean_first' from command line to 'False'
[1.575s] Level 5:colcon.colcon_core.verb:set package 'rs_cam' build argument 'cmake_force_configure' from command line to 'False'
[1.575s] Level 5:colcon.colcon_core.verb:set package 'rs_cam' build argument 'ament_cmake_args' from command line to 'None'
[1.575s] Level 5:colcon.colcon_core.verb:set package 'rs_cam' build argument 'catkin_cmake_args' from command line to 'None'
[1.575s] Level 5:colcon.colcon_core.verb:set package 'rs_cam' build argument 'catkin_skip_building_tests' from command line to 'False'
[1.575s] DEBUG:colcon.colcon_core.verb:Building package 'rs_cam' with the following arguments: {'ament_cmake_args': None, 'build_base': '/home/cyros/create3_cyros/build/rs_cam', 'catkin_cmake_args': None, 'catkin_skip_building_tests': False, 'cmake_args': None, 'cmake_clean_cache': False, 'cmake_clean_first': False, 'cmake_force_configure': False, 'cmake_target': None, 'cmake_target_skip_unavailable': False, 'install_base': '/home/cyros/create3_cyros/install/rs_cam', 'merge_install': False, 'path': '/home/cyros/create3_cyros/src/rs_cam', 'symlink_install': True, 'test_result_base': None}
[1.576s] INFO:colcon.colcon_core.executor:Executing jobs using 'parallel' executor
[1.580s] DEBUG:colcon.colcon_parallel_executor.executor.parallel:run_until_complete
[1.581s] INFO:colcon.colcon_ros.task.ament_python.build:Building ROS package in '/home/cyros/create3_cyros/src/create3_procedures' with build type 'ament_python'
[1.582s] Level 1:colcon.colcon_core.shell:create_environment_hook('create3_procedures', 'ament_prefix_path')
[1.591s] INFO:colcon.colcon_core.plugin_system:Skipping extension 'colcon_core.shell.bat': Not used on non-Windows systems
[1.592s] INFO:colcon.colcon_core.shell:Creating environment hook '/home/cyros/create3_cyros/install/create3_procedures/share/create3_procedures/hook/ament_prefix_path.ps1'
[1.595s] INFO:colcon.colcon_core.shell:Creating environment descriptor '/home/cyros/create3_cyros/install/create3_procedures/share/create3_procedures/hook/ament_prefix_path.dsv'
[1.597s] INFO:colcon.colcon_core.shell:Creating environment hook '/home/cyros/create3_cyros/install/create3_procedures/share/create3_procedures/hook/ament_prefix_path.sh'
[1.601s] INFO:colcon.colcon_core.shell:Skip shell extension 'powershell' for command environment: Not usable outside of PowerShell
[1.601s] DEBUG:colcon.colcon_core.shell:Skip shell extension 'dsv' for command environment
[1.619s] INFO:colcon.colcon_ros.task.ament_python.build:Building ROS package in '/home/cyros/create3_cyros/src/create3_teleop' with build type 'ament_python'
[1.620s] Level 1:colcon.colcon_core.shell:create_environment_hook('create3_teleop', 'ament_prefix_path')
[1.621s] INFO:colcon.colcon_core.shell:Creating environment hook '/home/cyros/create3_cyros/install/create3_teleop/share/create3_teleop/hook/ament_prefix_path.ps1'
[1.624s] INFO:colcon.colcon_core.shell:Creating environment descriptor '/home/cyros/create3_cyros/install/create3_teleop/share/create3_teleop/hook/ament_prefix_path.dsv'
[1.626s] INFO:colcon.colcon_core.shell:Creating environment hook '/home/cyros/create3_cyros/install/create3_teleop/share/create3_teleop/hook/ament_prefix_path.sh'
[1.629s] INFO:colcon.colcon_core.shell:Skip shell extension 'powershell' for command environment: Not usable outside of PowerShell
[1.629s] DEBUG:colcon.colcon_core.shell:Skip shell extension 'dsv' for command environment
[1.646s] INFO:colcon.colcon_ros.task.ament_python.build:Building ROS package in '/home/cyros/create3_cyros/src/rs_cam' with build type 'ament_python'
[1.647s] Level 1:colcon.colcon_core.shell:create_environment_hook('rs_cam', 'ament_prefix_path')
[1.648s] INFO:colcon.colcon_core.shell:Creating environment hook '/home/cyros/create3_cyros/install/rs_cam/share/rs_cam/hook/ament_prefix_path.ps1'
[1.651s] INFO:colcon.colcon_core.shell:Creating environment descriptor '/home/cyros/create3_cyros/install/rs_cam/share/rs_cam/hook/ament_prefix_path.dsv'
[1.653s] INFO:colcon.colcon_core.shell:Creating environment hook '/home/cyros/create3_cyros/install/rs_cam/share/rs_cam/hook/ament_prefix_path.sh'
[1.656s] INFO:colcon.colcon_core.shell:Skip shell extension 'powershell' for command environment: Not usable outside of PowerShell
[1.656s] DEBUG:colcon.colcon_core.shell:Skip shell extension 'dsv' for command environment
[2.812s] INFO:colcon.colcon_core.task.python.build:Building Python package in '/home/cyros/create3_cyros/src/create3_procedures'
[2.813s] INFO:colcon.colcon_core.shell:Skip shell extension 'powershell' for command environment: Not usable outside of PowerShell
[2.813s] DEBUG:colcon.colcon_core.shell:Skip shell extension 'dsv' for command environment
[3.958s] INFO:colcon.colcon_core.task.python.build:Building Python package in '/home/cyros/create3_cyros/src/create3_teleop'
[3.959s] INFO:colcon.colcon_core.shell:Skip shell extension 'powershell' for command environment: Not usable outside of PowerShell
[3.959s] DEBUG:colcon.colcon_core.shell:Skip shell extension 'dsv' for command environment
[5.115s] INFO:colcon.colcon_core.task.python.build:Building Python package in '/home/cyros/create3_cyros/src/rs_cam'
[5.116s] INFO:colcon.colcon_core.shell:Skip shell extension 'powershell' for command environment: Not usable outside of PowerShell
[5.117s] DEBUG:colcon.colcon_core.shell:Skip shell extension 'dsv' for command environment
[7.319s] DEBUG:colcon.colcon_core.event_handler.log_command:Invoking command in '/home/cyros/create3_cyros/build/create3_procedures': PYTHONPATH=/home/cyros/create3_cyros/build/create3_procedures/prefix_override:/home/cyros/create3_cyros/install/create3_procedures/lib/python3.10/site-packages:${PYTHONPATH} /usr/bin/python3 -W ignore:setup.py install is deprecated setup.py develop --editable --build-directory /home/cyros/create3_cyros/build/create3_procedures/build --no-deps symlink_data
[7.382s] DEBUG:colcon.colcon_core.event_handler.log_command:Invoking command in '/home/cyros/create3_cyros/build/rs_cam': PYTHONPATH=/home/cyros/create3_cyros/build/rs_cam/prefix_override:/home/cyros/create3_cyros/install/rs_cam/lib/python3.10/site-packages:${PYTHONPATH} /usr/bin/python3 -W ignore:setup.py install is deprecated setup.py develop --editable --build-directory /home/cyros/create3_cyros/build/rs_cam/build --no-deps symlink_data
[7.412s] DEBUG:colcon.colcon_core.event_handler.log_command:Invoking command in '/home/cyros/create3_cyros/build/create3_teleop': PYTHONPATH=/home/cyros/create3_cyros/build/create3_teleop/prefix_override:/home/cyros/create3_cyros/install/create3_teleop/lib/python3.10/site-packages:${PYTHONPATH} /usr/bin/python3 -W ignore:setup.py install is deprecated setup.py develop --editable --build-directory /home/cyros/create3_cyros/build/create3_teleop/build --no-deps symlink_data
[10.190s] Level 1:colcon.colcon_core.shell:create_environment_hook('create3_procedures', 'pythonpath_develop')
[10.192s] INFO:colcon.colcon_core.shell:Creating environment hook '/home/cyros/create3_cyros/build/create3_procedures/share/create3_procedures/hook/pythonpath_develop.ps1'
[10.196s] INFO:colcon.colcon_core.shell:Creating environment descriptor '/home/cyros/create3_cyros/build/create3_procedures/share/create3_procedures/hook/pythonpath_develop.dsv'
[10.201s] INFO:colcon.colcon_core.shell:Creating environment hook '/home/cyros/create3_cyros/build/create3_procedures/share/create3_procedures/hook/pythonpath_develop.sh'
[10.218s] DEBUG:colcon.colcon_core.event_handler.log_command:Invoked command in '/home/cyros/create3_cyros/build/create3_procedures' returned '0': PYTHONPATH=/home/cyros/create3_cyros/build/create3_procedures/prefix_override:/home/cyros/create3_cyros/install/create3_procedures/lib/python3.10/site-packages:${PYTHONPATH} /usr/bin/python3 -W ignore:setup.py install is deprecated setup.py develop --editable --build-directory /home/cyros/create3_cyros/build/create3_procedures/build --no-deps symlink_data
[10.257s] Level 1:colcon.colcon_core.environment:checking '/home/cyros/create3_cyros/install/create3_procedures' for CMake module files
[10.267s] Level 1:colcon.colcon_core.environment:checking '/home/cyros/create3_cyros/install/create3_procedures' for CMake config files
[10.295s] Level 1:colcon.colcon_core.environment:checking '/home/cyros/create3_cyros/install/create3_procedures/lib'
[10.302s] Level 1:colcon.colcon_core.environment:checking '/home/cyros/create3_cyros/install/create3_procedures/bin'
[10.304s] Level 1:colcon.colcon_core.environment:checking '/home/cyros/create3_cyros/install/create3_procedures/lib/pkgconfig/create3_procedures.pc'
[10.310s] Level 1:colcon.colcon_core.environment:checking '/home/cyros/create3_cyros/install/create3_procedures/lib/python3.10/site-packages'
[10.313s] Level 1:colcon.colcon_core.shell:create_environment_hook('create3_procedures', 'pythonpath')
[10.319s] INFO:colcon.colcon_core.shell:Creating environment hook '/home/cyros/create3_cyros/install/create3_procedures/share/create3_procedures/hook/pythonpath.ps1'
[10.335s] INFO:colcon.colcon_core.shell:Creating environment descriptor '/home/cyros/create3_cyros/install/create3_procedures/share/create3_procedures/hook/pythonpath.dsv'
[10.353s] INFO:colcon.colcon_core.shell:Creating environment hook '/home/cyros/create3_cyros/install/create3_procedures/share/create3_procedures/hook/pythonpath.sh'
[10.364s] Level 1:colcon.colcon_core.environment:checking '/home/cyros/create3_cyros/install/create3_procedures/bin'
[10.366s] Level 1:colcon.colcon_core.environment:create_environment_scripts_only(create3_procedures)
[10.371s] INFO:colcon.colcon_core.shell:Creating package script '/home/cyros/create3_cyros/install/create3_procedures/share/create3_procedures/package.ps1'
[10.385s] INFO:colcon.colcon_core.shell:Creating package descriptor '/home/cyros/create3_cyros/install/create3_procedures/share/create3_procedures/package.dsv'
[10.396s] INFO:colcon.colcon_core.shell:Creating package script '/home/cyros/create3_cyros/install/create3_procedures/share/create3_procedures/package.sh'
[10.405s] INFO:colcon.colcon_core.shell:Creating package script '/home/cyros/create3_cyros/install/create3_procedures/share/create3_procedures/package.bash'
[10.414s] INFO:colcon.colcon_core.shell:Creating package script '/home/cyros/create3_cyros/install/create3_procedures/share/create3_procedures/package.zsh'
[10.422s] Level 1:colcon.colcon_core.environment:create_file_with_runtime_dependencies(/home/cyros/create3_cyros/install/create3_procedures/share/colcon-core/packages/create3_procedures)
[10.455s] Level 1:colcon.colcon_core.shell:create_environment_hook('create3_teleop', 'pythonpath_develop')
[10.462s] INFO:colcon.colcon_core.shell:Creating environment hook '/home/cyros/create3_cyros/build/create3_teleop/share/create3_teleop/hook/pythonpath_develop.ps1'
[10.458s] DEBUG:colcon.colcon_core.event_handler.log_command:Invoked command in '/home/cyros/create3_cyros/build/create3_teleop' returned '0': PYTHONPATH=/home/cyros/create3_cyros/build/create3_teleop/prefix_override:/home/cyros/create3_cyros/install/create3_teleop/lib/python3.10/site-packages:${PYTHONPATH} /usr/bin/python3 -W ignore:setup.py install is deprecated setup.py develop --editable --build-directory /home/cyros/create3_cyros/build/create3_teleop/build --no-deps symlink_data
[10.468s] INFO:colcon.colcon_core.shell:Creating environment descriptor '/home/cyros/create3_cyros/build/create3_teleop/share/create3_teleop/hook/pythonpath_develop.dsv'
[10.473s] INFO:colcon.colcon_core.shell:Creating environment hook '/home/cyros/create3_cyros/build/create3_teleop/share/create3_teleop/hook/pythonpath_develop.sh'
[10.478s] Level 1:colcon.colcon_core.environment:checking '/home/cyros/create3_cyros/install/create3_teleop' for CMake module files
[10.481s] Level 1:colcon.colcon_core.environment:checking '/home/cyros/create3_cyros/install/create3_teleop' for CMake config files
[10.487s] Level 1:colcon.colcon_core.environment:checking '/home/cyros/create3_cyros/install/create3_teleop/lib'
[10.488s] Level 1:colcon.colcon_core.environment:checking '/home/cyros/create3_cyros/install/create3_teleop/bin'
[10.489s] Level 1:colcon.colcon_core.environment:checking '/home/cyros/create3_cyros/install/create3_teleop/lib/pkgconfig/create3_teleop.pc'
[10.491s] Level 1:colcon.colcon_core.environment:checking '/home/cyros/create3_cyros/install/create3_teleop/lib/python3.10/site-packages'
[10.491s] Level 1:colcon.colcon_core.shell:create_environment_hook('create3_teleop', 'pythonpath')
[10.492s] INFO:colcon.colcon_core.shell:Creating environment hook '/home/cyros/create3_cyros/install/create3_teleop/share/create3_teleop/hook/pythonpath.ps1'
[10.495s] INFO:colcon.colcon_core.shell:Creating environment descriptor '/home/cyros/create3_cyros/install/create3_teleop/share/create3_teleop/hook/pythonpath.dsv'
[10.498s] INFO:colcon.colcon_core.shell:Creating environment hook '/home/cyros/create3_cyros/install/create3_teleop/share/create3_teleop/hook/pythonpath.sh'
[10.501s] Level 1:colcon.colcon_core.environment:checking '/home/cyros/create3_cyros/install/create3_teleop/bin'
[10.501s] Level 1:colcon.colcon_core.environment:create_environment_scripts_only(create3_teleop)
[10.502s] INFO:colcon.colcon_core.shell:Creating package script '/home/cyros/create3_cyros/install/create3_teleop/share/create3_teleop/package.ps1'
[10.505s] INFO:colcon.colcon_core.shell:Creating package descriptor '/home/cyros/create3_cyros/install/create3_teleop/share/create3_teleop/package.dsv'
[10.507s] INFO:colcon.colcon_core.shell:Creating package script '/home/cyros/create3_cyros/install/create3_teleop/share/create3_teleop/package.sh'
[10.510s] INFO:colcon.colcon_core.shell:Creating package script '/home/cyros/create3_cyros/install/create3_teleop/share/create3_teleop/package.bash'
[10.512s] INFO:colcon.colcon_core.shell:Creating package script '/home/cyros/create3_cyros/install/create3_teleop/share/create3_teleop/package.zsh'
[10.514s] Level 1:colcon.colcon_core.environment:create_file_with_runtime_dependencies(/home/cyros/create3_cyros/install/create3_teleop/share/colcon-core/packages/create3_teleop)
[10.518s] Level 1:colcon.colcon_core.shell:create_environment_hook('rs_cam', 'pythonpath_develop')
[10.519s] INFO:colcon.colcon_core.shell:Creating environment hook '/home/cyros/create3_cyros/build/rs_cam/share/rs_cam/hook/pythonpath_develop.ps1'
[10.521s] DEBUG:colcon.colcon_core.event_handler.log_command:Invoked command in '/home/cyros/create3_cyros/build/rs_cam' returned '0': PYTHONPATH=/home/cyros/create3_cyros/build/rs_cam/prefix_override:/home/cyros/create3_cyros/install/rs_cam/lib/python3.10/site-packages:${PYTHONPATH} /usr/bin/python3 -W ignore:setup.py install is deprecated setup.py develop --editable --build-directory /home/cyros/create3_cyros/build/rs_cam/build --no-deps symlink_data
[10.522s] INFO:colcon.colcon_core.shell:Creating environment descriptor '/home/cyros/create3_cyros/build/rs_cam/share/rs_cam/hook/pythonpath_develop.dsv'
[10.524s] INFO:colcon.colcon_core.shell:Creating environment hook '/home/cyros/create3_cyros/build/rs_cam/share/rs_cam/hook/pythonpath_develop.sh'
[10.527s] Level 1:colcon.colcon_core.environment:checking '/home/cyros/create3_cyros/install/rs_cam' for CMake module files
[10.529s] Level 1:colcon.colcon_core.environment:checking '/home/cyros/create3_cyros/install/rs_cam' for CMake config files
[10.532s] Level 1:colcon.colcon_core.environment:checking '/home/cyros/create3_cyros/install/rs_cam/lib'
[10.533s] Level 1:colcon.colcon_core.environment:checking '/home/cyros/create3_cyros/install/rs_cam/bin'
[10.533s] Level 1:colcon.colcon_core.environment:checking '/home/cyros/create3_cyros/install/rs_cam/lib/pkgconfig/rs_cam.pc'
[10.534s] Level 1:colcon.colcon_core.environment:checking '/home/cyros/create3_cyros/install/rs_cam/lib/python3.10/site-packages'
[10.534s] Level 1:colcon.colcon_core.shell:create_environment_hook('rs_cam', 'pythonpath')
[10.535s] INFO:colcon.colcon_core.shell:Creating environment hook '/home/cyros/create3_cyros/install/rs_cam/share/rs_cam/hook/pythonpath.ps1'
[10.537s] INFO:colcon.colcon_core.shell:Creating environment descriptor '/home/cyros/create3_cyros/install/rs_cam/share/rs_cam/hook/pythonpath.dsv'
[10.539s] INFO:colcon.colcon_core.shell:Creating environment hook '/home/cyros/create3_cyros/install/rs_cam/share/rs_cam/hook/pythonpath.sh'
[10.541s] Level 1:colcon.colcon_core.environment:checking '/home/cyros/create3_cyros/install/rs_cam/bin'
[10.542s] Level 1:colcon.colcon_core.environment:create_environment_scripts_only(rs_cam)
[10.543s] INFO:colcon.colcon_core.shell:Creating package script '/home/cyros/create3_cyros/install/rs_cam/share/rs_cam/package.ps1'
[10.546s] INFO:colcon.colcon_core.shell:Creating package descriptor '/home/cyros/create3_cyros/install/rs_cam/share/rs_cam/package.dsv'
[10.549s] INFO:colcon.colcon_core.shell:Creating package script '/home/cyros/create3_cyros/install/rs_cam/share/rs_cam/package.sh'
[10.551s] INFO:colcon.colcon_core.shell:Creating package script '/home/cyros/create3_cyros/install/rs_cam/share/rs_cam/package.bash'
[10.553s] INFO:colcon.colcon_core.shell:Creating package script '/home/cyros/create3_cyros/install/rs_cam/share/rs_cam/package.zsh'
[10.555s] Level 1:colcon.colcon_core.environment:create_file_with_runtime_dependencies(/home/cyros/create3_cyros/install/rs_cam/share/colcon-core/packages/rs_cam)
[10.556s] DEBUG:colcon.colcon_parallel_executor.executor.parallel:closing loop
[10.557s] DEBUG:colcon.colcon_parallel_executor.executor.parallel:loop closed
[10.558s] DEBUG:colcon.colcon_parallel_executor.executor.parallel:run_until_complete finished with '0'
[10.559s] DEBUG:colcon.colcon_core.event_reactor:joining thread
[10.580s] INFO:colcon.colcon_core.plugin_system:Skipping extension 'colcon_notification.desktop_notification.terminal_notifier': Not used on non-Darwin systems
[10.580s] INFO:colcon.colcon_core.plugin_system:Skipping extension 'colcon_notification.desktop_notification.win32': Not used on non-Windows systems
[10.580s] INFO:colcon.colcon_notification.desktop_notification:Sending desktop notification using 'notify2'
[10.585s] DEBUG:colcon.colcon_notification.desktop_notification.notify2:Failed to initialize notify2: org.freedesktop.DBus.Error.ServiceUnknown: The name org.freedesktop.Notifications was not provided by any .service files
[10.586s] DEBUG:colcon.colcon_core.event_reactor:joined thread
[10.587s] INFO:colcon.colcon_core.shell:Creating prefix script '/home/cyros/create3_cyros/install/local_setup.ps1'
[10.591s] INFO:colcon.colcon_core.shell:Creating prefix util module '/home/cyros/create3_cyros/install/_local_setup_util_ps1.py'
[10.596s] INFO:colcon.colcon_core.shell:Creating prefix chain script '/home/cyros/create3_cyros/install/setup.ps1'
[10.602s] INFO:colcon.colcon_core.shell:Creating prefix script '/home/cyros/create3_cyros/install/local_setup.sh'
[10.605s] INFO:colcon.colcon_core.shell:Creating prefix util module '/home/cyros/create3_cyros/install/_local_setup_util_sh.py'
[10.607s] INFO:colcon.colcon_core.shell:Creating prefix chain script '/home/cyros/create3_cyros/install/setup.sh'
[10.613s] INFO:colcon.colcon_core.shell:Creating prefix script '/home/cyros/create3_cyros/install/local_setup.bash'
[10.616s] INFO:colcon.colcon_core.shell:Creating prefix chain script '/home/cyros/create3_cyros/install/setup.bash'
[10.623s] INFO:colcon.colcon_core.shell:Creating prefix script '/home/cyros/create3_cyros/install/local_setup.zsh'
[10.626s] INFO:colcon.colcon_core.shell:Creating prefix chain script '/home/cyros/create3_cyros/install/setup.zsh'
