[1.924s] Invoking command in '/home/cyros/create3_cyros/build/create3_msgs': CMAKE_PREFIX_PATH=${CMAKE_PREFIX_PATH}:/home/cyros/create3_cyros/install/create3_teleop:/home/cyros/create3_cyros/install/create3_procedures:/home/cyros/create3_cyros/install/create3_organize:/home/cyros/create3_cyros/install/create3_image:/opt/ros/humble /usr/bin/cmake /home/cyros/create3_cyros/src/create3_msgs -DAMENT_CMAKE_SYMLINK_INSTALL=1 -DCMAKE_INSTALL_PREFIX=/home/cyros/create3_cyros/install/create3_msgs
[4.206s] -- The C compiler identification is GNU 11.4.0
[4.206s] -- The CXX compiler identification is GNU 11.4.0
[4.207s] -- Detecting C compiler ABI info
[4.312s] -- Detecting C compiler ABI info - done
[4.363s] -- Check for working C compiler: /usr/bin/cc - skipped
[4.380s] -- Detecting C compile features
[4.383s] -- Detecting C compile features - done
[4.405s] -- Detecting CXX compiler ABI info
[4.989s] -- Detecting CXX compiler ABI info - done
[5.020s] -- Check for working CXX compiler: /usr/bin/c++ - skipped
[5.023s] -- Detecting CXX compile features
[5.027s] -- Detecting CXX compile features - done
[5.068s] -- Found ament_cmake: 1.3.9 (/opt/ros/humble/share/ament_cmake/cmake)
[6.274s] -- Found Python3: /usr/bin/python3 (found version "3.10.12") found components: Interpreter 
[8.046s] -- Override CMake install command with custom implementation using symlinks instead of copying resources
[8.909s] -- Found rosidl_default_generators: 1.2.0 (/opt/ros/humble/share/rosidl_default_generators/cmake)
[8.973s] -- Using all available rosidl_typesupport_c: rosidl_typesupport_fastrtps_c;rosidl_typesupport_introspection_c
[9.101s] -- Found rosidl_adapter: 3.1.5 (/opt/ros/humble/share/rosidl_adapter/cmake)
[9.937s] -- Using all available rosidl_typesupport_cpp: rosidl_typesupport_fastrtps_cpp;rosidl_typesupport_introspection_cpp
[14.444s] -- Found ament_cmake_ros: 0.10.0 (/opt/ros/humble/share/ament_cmake_ros/cmake)
[17.070s] -- Using all available rosidl_typesupport_c: rosidl_typesupport_fastrtps_c;rosidl_typesupport_introspection_c
[19.588s] -- Using all available rosidl_typesupport_cpp: rosidl_typesupport_fastrtps_cpp;rosidl_typesupport_introspection_cpp
[19.809s] -- Found PythonInterp: /usr/bin/python3 (found suitable version "3.10.12", minimum required is "3.6") 
[19.842s] -- Found python_cmake_module: 0.10.0 (/opt/ros/humble/share/python_cmake_module/cmake)
[20.031s] -- Found PythonLibs: /usr/lib/aarch64-linux-gnu/libpython3.10.so (found suitable version "3.10.12", minimum required is "3.5") 
[20.034s] -- Using PYTHON_EXECUTABLE: /usr/bin/python3
[20.035s] -- Using PYTHON_INCLUDE_DIRS: /usr/include/python3.10
[20.035s] -- Using PYTHON_LIBRARIES: /usr/lib/aarch64-linux-gnu/libpython3.10.so
[20.184s] -- Found PythonExtra: .so  
[20.428s] -- Found ament_lint_auto: 0.12.11 (/opt/ros/humble/share/ament_lint_auto/cmake)
[20.750s] -- Added test 'lint_cmake' to check CMake code style
[20.763s] -- Added test 'xmllint' to check XML markup files
[20.798s] -- Configuring done
[21.396s] -- Generating done
[21.459s] -- Build files have been written to: /home/cyros/create3_cyros/build/create3_msgs
[21.549s] Invoked command in '/home/cyros/create3_cyros/build/create3_msgs' returned '0': CMAKE_PREFIX_PATH=${CMAKE_PREFIX_PATH}:/home/cyros/create3_cyros/install/create3_teleop:/home/cyros/create3_cyros/install/create3_procedures:/home/cyros/create3_cyros/install/create3_organize:/home/cyros/create3_cyros/install/create3_image:/opt/ros/humble /usr/bin/cmake /home/cyros/create3_cyros/src/create3_msgs -DAMENT_CMAKE_SYMLINK_INSTALL=1 -DCMAKE_INSTALL_PREFIX=/home/cyros/create3_cyros/install/create3_msgs
[21.551s] Invoking command in '/home/cyros/create3_cyros/build/create3_msgs': CMAKE_PREFIX_PATH=${CMAKE_PREFIX_PATH}:/home/cyros/create3_cyros/install/create3_teleop:/home/cyros/create3_cyros/install/create3_procedures:/home/cyros/create3_cyros/install/create3_organize:/home/cyros/create3_cyros/install/create3_image:/opt/ros/humble /usr/bin/cmake --build /home/cyros/create3_cyros/build/create3_msgs -- -j4 -l4
[22.171s] [  3%] [34m[1mGenerating C++ code for ROS interfaces[0m
[22.181s] [  6%] [34m[1mGenerating C code for ROS interfaces[0m
[22.363s] [  6%] Built target ament_cmake_python_symlink_create3_msgs
[25.181s] [  6%] Built target create3_msgs__cpp
[25.270s] [  9%] [34m[1mGenerating C++ type support dispatch for ROS interfaces[0m
[25.333s] [ 12%] [34m[1mGenerating C++ type support for eProsima Fast-RTPS[0m
[25.491s] [ 16%] [32mBuilding C object CMakeFiles/create3_msgs__rosidl_generator_c.dir/rosidl_generator_c/create3_msgs/msg/detail/armcontrol__functions.c.o[0m
[26.123s] running egg_info
[26.133s] creating create3_msgs.egg-info
[26.145s] writing create3_msgs.egg-info/PKG-INFO
[26.146s] writing dependency_links to create3_msgs.egg-info/dependency_links.txt
[26.147s] writing top-level names to create3_msgs.egg-info/top_level.txt
[26.147s] writing manifest file 'create3_msgs.egg-info/SOURCES.txt'
[26.498s] [ 19%] [32m[1mLinking C shared library libcreate3_msgs__rosidl_generator_c.so[0m
[26.523s] reading manifest file 'create3_msgs.egg-info/SOURCES.txt'
[26.531s] writing manifest file 'create3_msgs.egg-info/SOURCES.txt'
[26.920s] [ 19%] Built target ament_cmake_python_build_create3_msgs_egg
[26.994s] [ 19%] Built target create3_msgs__rosidl_generator_c
[26.999s] [ 22%] [34m[1mGenerating C++ introspection for ROS interfaces[0m
[27.185s] [ 25%] [34m[1mGenerating C type support for eProsima Fast-RTPS[0m
[27.346s] [ 29%] [32mBuilding CXX object CMakeFiles/create3_msgs__rosidl_typesupport_fastrtps_cpp.dir/rosidl_typesupport_fastrtps_cpp/create3_msgs/msg/detail/dds_fastrtps/armcontrol__type_support.cpp.o[0m
[27.577s] [ 32%] [32mBuilding CXX object CMakeFiles/create3_msgs__rosidl_typesupport_cpp.dir/rosidl_typesupport_cpp/create3_msgs/msg/armcontrol__type_support.cpp.o[0m
[28.924s] [ 35%] [32mBuilding CXX object CMakeFiles/create3_msgs__rosidl_typesupport_introspection_cpp.dir/rosidl_typesupport_introspection_cpp/create3_msgs/msg/detail/armcontrol__type_support.cpp.o[0m
[29.252s] [ 38%] [32mBuilding CXX object CMakeFiles/create3_msgs__rosidl_typesupport_fastrtps_c.dir/rosidl_typesupport_fastrtps_c/create3_msgs/msg/detail/armcontrol__type_support_c.cpp.o[0m
[30.873s] [ 41%] [32m[1mLinking CXX shared library libcreate3_msgs__rosidl_typesupport_cpp.so[0m
[31.445s] [ 41%] Built target create3_msgs__rosidl_typesupport_cpp
[31.519s] [ 45%] [34m[1mGenerating C introspection for ROS interfaces[0m
[31.744s] [ 48%] [32m[1mLinking CXX shared library libcreate3_msgs__rosidl_typesupport_fastrtps_cpp.so[0m
[32.508s] [ 48%] Built target create3_msgs__rosidl_typesupport_fastrtps_cpp
[32.642s] [ 51%] [34m[1mGenerating C type support dispatch for ROS interfaces[0m
[32.852s] [ 54%] [32m[1mLinking CXX shared library libcreate3_msgs__rosidl_typesupport_introspection_cpp.so[0m
[33.441s] [ 58%] [32m[1mLinking CXX shared library libcreate3_msgs__rosidl_typesupport_fastrtps_c.so[0m
[33.651s] [ 58%] Built target create3_msgs__rosidl_typesupport_introspection_cpp
[34.223s] [ 58%] Built target create3_msgs__rosidl_typesupport_fastrtps_c
[34.312s] [ 61%] [32mBuilding CXX object CMakeFiles/create3_msgs__rosidl_typesupport_c.dir/rosidl_typesupport_c/create3_msgs/msg/armcontrol__type_support.cpp.o[0m
[34.466s] [ 64%] [32mBuilding C object CMakeFiles/create3_msgs__rosidl_typesupport_introspection_c.dir/rosidl_typesupport_introspection_c/create3_msgs/msg/detail/armcontrol__type_support.c.o[0m
[34.571s] [ 67%] [32m[1mLinking CXX shared library libcreate3_msgs__rosidl_typesupport_c.so[0m
[34.812s] [ 67%] Built target create3_msgs__rosidl_typesupport_c
[34.835s] [ 70%] [32m[1mLinking C shared library libcreate3_msgs__rosidl_typesupport_introspection_c.so[0m
[35.074s] [ 70%] Built target create3_msgs__rosidl_typesupport_introspection_c
[35.181s] [ 70%] Built target create3_msgs
[35.303s] [ 74%] [34m[1mGenerating Python code for ROS interfaces[0m
[36.896s] [ 74%] Built target create3_msgs__py
[37.007s] [ 77%] [32mBuilding C object CMakeFiles/create3_msgs__rosidl_generator_py.dir/rosidl_generator_py/create3_msgs/msg/_armcontrol_s.c.o[0m
[37.973s] [ 80%] [32m[1mLinking C shared library rosidl_generator_py/create3_msgs/libcreate3_msgs__rosidl_generator_py.so[0m
[38.185s] [ 80%] Built target create3_msgs__rosidl_generator_py
[38.283s] [ 83%] [32mBuilding C object CMakeFiles/create3_msgs__rosidl_typesupport_fastrtps_c__pyext.dir/rosidl_generator_py/create3_msgs/_create3_msgs_s.ep.rosidl_typesupport_fastrtps_c.c.o[0m
[38.330s] [ 87%] [32mBuilding C object CMakeFiles/create3_msgs__rosidl_typesupport_introspection_c__pyext.dir/rosidl_generator_py/create3_msgs/_create3_msgs_s.ep.rosidl_typesupport_introspection_c.c.o[0m
[38.365s] [ 90%] [32mBuilding C object CMakeFiles/create3_msgs__rosidl_typesupport_c__pyext.dir/rosidl_generator_py/create3_msgs/_create3_msgs_s.ep.rosidl_typesupport_c.c.o[0m
[38.986s] [ 93%] [32m[1mLinking C shared library rosidl_generator_py/create3_msgs/create3_msgs_s__rosidl_typesupport_fastrtps_c.cpython-310-aarch64-linux-gnu.so[0m
[39.008s] [ 96%] [32m[1mLinking C shared library rosidl_generator_py/create3_msgs/create3_msgs_s__rosidl_typesupport_introspection_c.cpython-310-aarch64-linux-gnu.so[0m
[39.044s] [100%] [32m[1mLinking C shared library rosidl_generator_py/create3_msgs/create3_msgs_s__rosidl_typesupport_c.cpython-310-aarch64-linux-gnu.so[0m
[39.268s] [100%] Built target create3_msgs__rosidl_typesupport_c__pyext
[39.271s] [100%] Built target create3_msgs__rosidl_typesupport_fastrtps_c__pyext
[39.310s] [100%] Built target create3_msgs__rosidl_typesupport_introspection_c__pyext
[39.371s] Invoked command in '/home/cyros/create3_cyros/build/create3_msgs' returned '0': CMAKE_PREFIX_PATH=${CMAKE_PREFIX_PATH}:/home/cyros/create3_cyros/install/create3_teleop:/home/cyros/create3_cyros/install/create3_procedures:/home/cyros/create3_cyros/install/create3_organize:/home/cyros/create3_cyros/install/create3_image:/opt/ros/humble /usr/bin/cmake --build /home/cyros/create3_cyros/build/create3_msgs -- -j4 -l4
[39.791s] Invoking command in '/home/cyros/create3_cyros/build/create3_msgs': CMAKE_PREFIX_PATH=${CMAKE_PREFIX_PATH}:/home/cyros/create3_cyros/install/create3_teleop:/home/cyros/create3_cyros/install/create3_procedures:/home/cyros/create3_cyros/install/create3_organize:/home/cyros/create3_cyros/install/create3_image:/opt/ros/humble /usr/bin/cmake --install /home/cyros/create3_cyros/build/create3_msgs
[39.826s] -- Install configuration: ""
[39.829s] -- Execute custom install script
[39.832s] -- Symlinking: /home/cyros/create3_cyros/install/create3_msgs/share/ament_index/resource_index/rosidl_interfaces/create3_msgs
[39.868s] -- Symlinking: /home/cyros/create3_cyros/install/create3_msgs/include/create3_msgs/create3_msgs/msg/armcontrol.h
[39.902s] -- Symlinking: /home/cyros/create3_cyros/install/create3_msgs/include/create3_msgs/create3_msgs/msg/detail/armcontrol__functions.h
[39.942s] -- Symlinking: /home/cyros/create3_cyros/install/create3_msgs/include/create3_msgs/create3_msgs/msg/detail/armcontrol__struct.h
[39.976s] -- Symlinking: /home/cyros/create3_cyros/install/create3_msgs/include/create3_msgs/create3_msgs/msg/detail/armcontrol__type_support.h
[40.009s] -- Symlinking: /home/cyros/create3_cyros/install/create3_msgs/include/create3_msgs/create3_msgs/msg/rosidl_generator_c__visibility_control.h
[40.043s] -- Symlinking: /home/cyros/create3_cyros/install/create3_msgs/share/create3_msgs/environment/library_path.sh
[40.081s] -- Symlinking: /home/cyros/create3_cyros/install/create3_msgs/share/create3_msgs/environment/library_path.dsv
[40.120s] -- Symlinking: /home/cyros/create3_cyros/install/create3_msgs/include/create3_msgs/create3_msgs/msg/detail/armcontrol__rosidl_typesupport_fastrtps_c.h
[40.155s] -- Symlinking: /home/cyros/create3_cyros/install/create3_msgs/include/create3_msgs/create3_msgs/msg/rosidl_typesupport_fastrtps_c__visibility_control.h
[40.190s] -- Symlinking: /home/cyros/create3_cyros/install/create3_msgs/include/create3_msgs/create3_msgs/msg/detail/armcontrol__rosidl_typesupport_introspection_c.h
[40.226s] -- Symlinking: /home/cyros/create3_cyros/install/create3_msgs/include/create3_msgs/create3_msgs/msg/rosidl_typesupport_introspection_c__visibility_control.h
[40.263s] -- Symlinking: /home/cyros/create3_cyros/install/create3_msgs/include/create3_msgs/create3_msgs/msg/armcontrol.hpp
[40.297s] -- Symlinking: /home/cyros/create3_cyros/install/create3_msgs/include/create3_msgs/create3_msgs/msg/detail/armcontrol__builder.hpp
[40.336s] -- Symlinking: /home/cyros/create3_cyros/install/create3_msgs/include/create3_msgs/create3_msgs/msg/detail/armcontrol__struct.hpp
[40.375s] -- Symlinking: /home/cyros/create3_cyros/install/create3_msgs/include/create3_msgs/create3_msgs/msg/detail/armcontrol__traits.hpp
[40.414s] -- Symlinking: /home/cyros/create3_cyros/install/create3_msgs/include/create3_msgs/create3_msgs/msg/detail/armcontrol__rosidl_typesupport_fastrtps_cpp.hpp
[40.449s] -- Symlinking: /home/cyros/create3_cyros/install/create3_msgs/include/create3_msgs/create3_msgs/msg/rosidl_typesupport_fastrtps_cpp__visibility_control.h
[40.486s] -- Symlinking: /home/cyros/create3_cyros/install/create3_msgs/include/create3_msgs/create3_msgs/msg/detail/armcontrol__rosidl_typesupport_introspection_cpp.hpp
[40.523s] -- Symlinking: /home/cyros/create3_cyros/install/create3_msgs/share/create3_msgs/environment/pythonpath.sh
[40.567s] -- Symlinking: /home/cyros/create3_cyros/install/create3_msgs/share/create3_msgs/environment/pythonpath.dsv
[40.603s] -- Symlinking: /home/cyros/create3_cyros/install/create3_msgs/local/lib/python3.10/dist-packages/create3_msgs-0.0.0-py3.10.egg-info/PKG-INFO
[40.639s] -- Symlinking: /home/cyros/create3_cyros/install/create3_msgs/local/lib/python3.10/dist-packages/create3_msgs-0.0.0-py3.10.egg-info/SOURCES.txt
[40.673s] -- Symlinking: /home/cyros/create3_cyros/install/create3_msgs/local/lib/python3.10/dist-packages/create3_msgs-0.0.0-py3.10.egg-info/dependency_links.txt
[40.708s] -- Symlinking: /home/cyros/create3_cyros/install/create3_msgs/local/lib/python3.10/dist-packages/create3_msgs-0.0.0-py3.10.egg-info/top_level.txt
[40.747s] -- Symlinking: /home/cyros/create3_cyros/install/create3_msgs/local/lib/python3.10/dist-packages/create3_msgs/__init__.py
[40.781s] -- Symlinking: /home/cyros/create3_cyros/install/create3_msgs/local/lib/python3.10/dist-packages/create3_msgs/_create3_msgs_s.ep.rosidl_typesupport_c.c
[40.814s] -- Symlinking: /home/cyros/create3_cyros/install/create3_msgs/local/lib/python3.10/dist-packages/create3_msgs/_create3_msgs_s.ep.rosidl_typesupport_fastrtps_c.c
[40.860s] -- Symlinking: /home/cyros/create3_cyros/install/create3_msgs/local/lib/python3.10/dist-packages/create3_msgs/_create3_msgs_s.ep.rosidl_typesupport_introspection_c.c
[40.902s] -- Symlinking: /home/cyros/create3_cyros/install/create3_msgs/local/lib/python3.10/dist-packages/create3_msgs/create3_msgs_s__rosidl_typesupport_c.cpython-310-aarch64-linux-gnu.so
[40.938s] -- Symlinking: /home/cyros/create3_cyros/install/create3_msgs/local/lib/python3.10/dist-packages/create3_msgs/create3_msgs_s__rosidl_typesupport_fastrtps_c.cpython-310-aarch64-linux-gnu.so
[40.981s] -- Symlinking: /home/cyros/create3_cyros/install/create3_msgs/local/lib/python3.10/dist-packages/create3_msgs/create3_msgs_s__rosidl_typesupport_introspection_c.cpython-310-aarch64-linux-gnu.so
[41.013s] -- Symlinking: /home/cyros/create3_cyros/install/create3_msgs/local/lib/python3.10/dist-packages/create3_msgs/libcreate3_msgs__rosidl_generator_py.so
[41.051s] -- Symlinking: /home/cyros/create3_cyros/install/create3_msgs/local/lib/python3.10/dist-packages/create3_msgs/msg/__init__.py
[41.086s] -- Symlinking: /home/cyros/create3_cyros/install/create3_msgs/local/lib/python3.10/dist-packages/create3_msgs/msg/_armcontrol.py
[41.118s] -- Symlinking: /home/cyros/create3_cyros/install/create3_msgs/local/lib/python3.10/dist-packages/create3_msgs/msg/_armcontrol_s.c
[41.166s] -- Up-to-date symlink: /home/cyros/create3_cyros/install/create3_msgs/local/lib/python3.10/dist-packages/create3_msgs/create3_msgs_s__rosidl_typesupport_fastrtps_c.cpython-310-aarch64-linux-gnu.so
[41.167s] -- Up-to-date symlink: /home/cyros/create3_cyros/install/create3_msgs/local/lib/python3.10/dist-packages/create3_msgs/create3_msgs_s__rosidl_typesupport_introspection_c.cpython-310-aarch64-linux-gnu.so
[41.168s] -- Up-to-date symlink: /home/cyros/create3_cyros/install/create3_msgs/local/lib/python3.10/dist-packages/create3_msgs/create3_msgs_s__rosidl_typesupport_c.cpython-310-aarch64-linux-gnu.so
[41.168s] -- Symlinking: /home/cyros/create3_cyros/install/create3_msgs/share/create3_msgs/msg/Armcontrol.idl
[41.197s] -- Symlinking: /home/cyros/create3_cyros/install/create3_msgs/share/create3_msgs/msg/Armcontrol.msg
[41.230s] -- Symlinking: /home/cyros/create3_cyros/install/create3_msgs/share/ament_index/resource_index/package_run_dependencies/create3_msgs
[41.266s] -- Symlinking: /home/cyros/create3_cyros/install/create3_msgs/share/ament_index/resource_index/parent_prefix_path/create3_msgs
[41.303s] -- Symlinking: /home/cyros/create3_cyros/install/create3_msgs/share/create3_msgs/environment/ament_prefix_path.sh
[41.340s] -- Symlinking: /home/cyros/create3_cyros/install/create3_msgs/share/create3_msgs/environment/ament_prefix_path.dsv
[41.380s] -- Symlinking: /home/cyros/create3_cyros/install/create3_msgs/share/create3_msgs/environment/path.sh
[41.415s] -- Symlinking: /home/cyros/create3_cyros/install/create3_msgs/share/create3_msgs/environment/path.dsv
[41.452s] -- Symlinking: /home/cyros/create3_cyros/install/create3_msgs/share/create3_msgs/local_setup.bash
[41.492s] -- Symlinking: /home/cyros/create3_cyros/install/create3_msgs/share/create3_msgs/local_setup.sh
[41.525s] -- Symlinking: /home/cyros/create3_cyros/install/create3_msgs/share/create3_msgs/local_setup.zsh
[41.556s] -- Symlinking: /home/cyros/create3_cyros/install/create3_msgs/share/create3_msgs/local_setup.dsv
[41.593s] -- Symlinking: /home/cyros/create3_cyros/install/create3_msgs/share/create3_msgs/package.dsv
[41.631s] -- Symlinking: /home/cyros/create3_cyros/install/create3_msgs/share/ament_index/resource_index/packages/create3_msgs
[41.667s] -- Symlinking: /home/cyros/create3_cyros/install/create3_msgs/share/create3_msgs/cmake/rosidl_cmake-extras.cmake
[41.700s] -- Symlinking: /home/cyros/create3_cyros/install/create3_msgs/share/create3_msgs/cmake/ament_cmake_export_include_directories-extras.cmake
[41.734s] -- Symlinking: /home/cyros/create3_cyros/install/create3_msgs/share/create3_msgs/cmake/ament_cmake_export_libraries-extras.cmake
[41.770s] -- Symlinking: /home/cyros/create3_cyros/install/create3_msgs/share/create3_msgs/cmake/ament_cmake_export_targets-extras.cmake
[41.808s] -- Symlinking: /home/cyros/create3_cyros/install/create3_msgs/share/create3_msgs/cmake/rosidl_cmake_export_typesupport_targets-extras.cmake
[41.841s] -- Symlinking: /home/cyros/create3_cyros/install/create3_msgs/share/create3_msgs/cmake/ament_cmake_export_dependencies-extras.cmake
[41.877s] -- Symlinking: /home/cyros/create3_cyros/install/create3_msgs/share/create3_msgs/cmake/rosidl_cmake_export_typesupport_libraries-extras.cmake
[41.913s] -- Symlinking: /home/cyros/create3_cyros/install/create3_msgs/share/create3_msgs/cmake/create3_msgsConfig.cmake
[41.951s] -- Symlinking: /home/cyros/create3_cyros/install/create3_msgs/share/create3_msgs/cmake/create3_msgsConfig-version.cmake
[41.985s] -- Symlinking: /home/cyros/create3_cyros/install/create3_msgs/share/create3_msgs/package.xml
[42.020s] -- Installing: /home/cyros/create3_cyros/install/create3_msgs/lib/libcreate3_msgs__rosidl_generator_c.so
[42.024s] -- Set runtime path of "/home/cyros/create3_cyros/install/create3_msgs/lib/libcreate3_msgs__rosidl_generator_c.so" to ""
[42.025s] -- Installing: /home/cyros/create3_cyros/install/create3_msgs/lib/libcreate3_msgs__rosidl_typesupport_fastrtps_c.so
[42.029s] -- Set runtime path of "/home/cyros/create3_cyros/install/create3_msgs/lib/libcreate3_msgs__rosidl_typesupport_fastrtps_c.so" to ""
[42.031s] -- Installing: /home/cyros/create3_cyros/install/create3_msgs/lib/libcreate3_msgs__rosidl_typesupport_introspection_c.so
[42.035s] -- Set runtime path of "/home/cyros/create3_cyros/install/create3_msgs/lib/libcreate3_msgs__rosidl_typesupport_introspection_c.so" to ""
[42.036s] -- Installing: /home/cyros/create3_cyros/install/create3_msgs/lib/libcreate3_msgs__rosidl_typesupport_c.so
[42.040s] -- Set runtime path of "/home/cyros/create3_cyros/install/create3_msgs/lib/libcreate3_msgs__rosidl_typesupport_c.so" to ""
[42.042s] -- Installing: /home/cyros/create3_cyros/install/create3_msgs/lib/libcreate3_msgs__rosidl_typesupport_fastrtps_cpp.so
[42.052s] -- Set runtime path of "/home/cyros/create3_cyros/install/create3_msgs/lib/libcreate3_msgs__rosidl_typesupport_fastrtps_cpp.so" to ""
[42.053s] -- Installing: /home/cyros/create3_cyros/install/create3_msgs/lib/libcreate3_msgs__rosidl_typesupport_introspection_cpp.so
[42.056s] -- Set runtime path of "/home/cyros/create3_cyros/install/create3_msgs/lib/libcreate3_msgs__rosidl_typesupport_introspection_cpp.so" to ""
[42.057s] -- Installing: /home/cyros/create3_cyros/install/create3_msgs/lib/libcreate3_msgs__rosidl_typesupport_cpp.so
[42.059s] -- Set runtime path of "/home/cyros/create3_cyros/install/create3_msgs/lib/libcreate3_msgs__rosidl_typesupport_cpp.so" to ""
[42.292s] Listing '/home/cyros/create3_cyros/install/create3_msgs/local/lib/python3.10/dist-packages/create3_msgs'...
[42.294s] Compiling '/home/cyros/create3_cyros/install/create3_msgs/local/lib/python3.10/dist-packages/create3_msgs/__init__.py'...
[42.295s] Listing '/home/cyros/create3_cyros/install/create3_msgs/local/lib/python3.10/dist-packages/create3_msgs/msg'...
[42.296s] Compiling '/home/cyros/create3_cyros/install/create3_msgs/local/lib/python3.10/dist-packages/create3_msgs/msg/__init__.py'...
[42.297s] Compiling '/home/cyros/create3_cyros/install/create3_msgs/local/lib/python3.10/dist-packages/create3_msgs/msg/_armcontrol.py'...
[42.323s] -- Installing: /home/cyros/create3_cyros/install/create3_msgs/lib/libcreate3_msgs__rosidl_generator_py.so
[42.326s] -- Set runtime path of "/home/cyros/create3_cyros/install/create3_msgs/lib/libcreate3_msgs__rosidl_generator_py.so" to ""
[42.335s] -- Installing: /home/cyros/create3_cyros/install/create3_msgs/share/create3_msgs/cmake/export_create3_msgs__rosidl_generator_cExport.cmake
[42.336s] -- Installing: /home/cyros/create3_cyros/install/create3_msgs/share/create3_msgs/cmake/export_create3_msgs__rosidl_generator_cExport-noconfig.cmake
[42.336s] -- Installing: /home/cyros/create3_cyros/install/create3_msgs/share/create3_msgs/cmake/export_create3_msgs__rosidl_typesupport_fastrtps_cExport.cmake
[42.337s] -- Installing: /home/cyros/create3_cyros/install/create3_msgs/share/create3_msgs/cmake/export_create3_msgs__rosidl_typesupport_fastrtps_cExport-noconfig.cmake
[42.337s] -- Installing: /home/cyros/create3_cyros/install/create3_msgs/share/create3_msgs/cmake/create3_msgs__rosidl_typesupport_introspection_cExport.cmake
[42.342s] -- Installing: /home/cyros/create3_cyros/install/create3_msgs/share/create3_msgs/cmake/create3_msgs__rosidl_typesupport_introspection_cExport-noconfig.cmake
[42.343s] -- Installing: /home/cyros/create3_cyros/install/create3_msgs/share/create3_msgs/cmake/create3_msgs__rosidl_typesupport_cExport.cmake
[42.344s] -- Installing: /home/cyros/create3_cyros/install/create3_msgs/share/create3_msgs/cmake/create3_msgs__rosidl_typesupport_cExport-noconfig.cmake
[42.344s] -- Installing: /home/cyros/create3_cyros/install/create3_msgs/share/create3_msgs/cmake/export_create3_msgs__rosidl_generator_cppExport.cmake
[42.345s] -- Installing: /home/cyros/create3_cyros/install/create3_msgs/share/create3_msgs/cmake/export_create3_msgs__rosidl_typesupport_fastrtps_cppExport.cmake
[42.346s] -- Installing: /home/cyros/create3_cyros/install/create3_msgs/share/create3_msgs/cmake/export_create3_msgs__rosidl_typesupport_fastrtps_cppExport-noconfig.cmake
[42.346s] -- Installing: /home/cyros/create3_cyros/install/create3_msgs/share/create3_msgs/cmake/create3_msgs__rosidl_typesupport_introspection_cppExport.cmake
[42.347s] -- Installing: /home/cyros/create3_cyros/install/create3_msgs/share/create3_msgs/cmake/create3_msgs__rosidl_typesupport_introspection_cppExport-noconfig.cmake
[42.349s] -- Installing: /home/cyros/create3_cyros/install/create3_msgs/share/create3_msgs/cmake/create3_msgs__rosidl_typesupport_cppExport.cmake
[42.350s] -- Installing: /home/cyros/create3_cyros/install/create3_msgs/share/create3_msgs/cmake/create3_msgs__rosidl_typesupport_cppExport-noconfig.cmake
[42.352s] -- Installing: /home/cyros/create3_cyros/install/create3_msgs/share/create3_msgs/cmake/export_create3_msgs__rosidl_generator_pyExport.cmake
[42.353s] -- Installing: /home/cyros/create3_cyros/install/create3_msgs/share/create3_msgs/cmake/export_create3_msgs__rosidl_generator_pyExport-noconfig.cmake
[42.371s] Invoked command in '/home/cyros/create3_cyros/build/create3_msgs' returned '0': CMAKE_PREFIX_PATH=${CMAKE_PREFIX_PATH}:/home/cyros/create3_cyros/install/create3_teleop:/home/cyros/create3_cyros/install/create3_procedures:/home/cyros/create3_cyros/install/create3_organize:/home/cyros/create3_cyros/install/create3_image:/opt/ros/humble /usr/bin/cmake --install /home/cyros/create3_cyros/build/create3_msgs
