[6.023s] Invoking command in '/home/cyros/create3_cyros/build/rs_cam': PYTHONPATH=/home/cyros/create3_cyros/build/rs_cam/prefix_override:/home/cyros/create3_cyros/install/rs_cam/lib/python3.10/site-packages:${PYTHONPATH} /usr/bin/python3 -W ignore:setup.py install is deprecated setup.py develop --editable --build-directory /home/cyros/create3_cyros/build/rs_cam/build --no-deps symlink_data
[7.616s] running develop
[7.619s] /usr/lib/python3/dist-packages/setuptools/command/easy_install.py:158: EasyInstallDeprecationWarning: easy_install command is deprecated. Use build and pip and other standards-based tools.
[7.620s]   warnings.warn(
[8.744s] running egg_info
[8.745s] writing rs_cam.egg-info/PKG-INFO
[8.746s] writing dependency_links to rs_cam.egg-info/dependency_links.txt
[8.747s] writing entry points to rs_cam.egg-info/entry_points.txt
[8.765s] writing requirements to rs_cam.egg-info/requires.txt
[8.765s] writing top-level names to rs_cam.egg-info/top_level.txt
[8.767s] reading manifest file 'rs_cam.egg-info/SOURCES.txt'
[8.768s] writing manifest file 'rs_cam.egg-info/SOURCES.txt'
[8.774s] running build_ext
[8.781s] Creating /home/cyros/create3_cyros/install/rs_cam/lib/python3.10/site-packages/rs-cam.egg-link (link to .)
[8.788s] Installing stream script to /home/cyros/create3_cyros/install/rs_cam/lib/rs_cam
[8.796s] 
[8.799s] Installed /home/cyros/create3_cyros/build/rs_cam
[8.804s] running symlink_data
[8.807s] creating /home/cyros/create3_cyros/install/rs_cam/share/rs_cam/launch
[8.812s] symbolically linking /home/cyros/create3_cyros/build/rs_cam/launch/launch.py -> /home/cyros/create3_cyros/install/rs_cam/share/rs_cam/launch
[9.054s] Invoked command in '/home/cyros/create3_cyros/build/rs_cam' returned '0': PYTHONPATH=/home/cyros/create3_cyros/build/rs_cam/prefix_override:/home/cyros/create3_cyros/install/rs_cam/lib/python3.10/site-packages:${PYTHONPATH} /usr/bin/python3 -W ignore:setup.py install is deprecated setup.py develop --editable --build-directory /home/cyros/create3_cyros/build/rs_cam/build --no-deps symlink_data
