running develop
running egg_info
creating video_stream_ros2.egg-info
writing video_stream_ros2.egg-info/PKG-INFO
writing dependency_links to video_stream_ros2.egg-info/dependency_links.txt
writing entry points to video_stream_ros2.egg-info/entry_points.txt
writing requirements to video_stream_ros2.egg-info/requires.txt
writing top-level names to video_stream_ros2.egg-info/top_level.txt
writing manifest file 'video_stream_ros2.egg-info/SOURCES.txt'
reading manifest file 'video_stream_ros2.egg-info/SOURCES.txt'
writing manifest file 'video_stream_ros2.egg-info/SOURCES.txt'
running build_ext
Creating /home/cyros/create3_cyros/install/video_stream_ros2/lib/python3.10/site-packages/video-stream-ros2.egg-link (link to .)
Installing show_image script to /home/cyros/create3_cyros/install/video_stream_ros2/lib/video_stream_ros2

Installed /home/cyros/create3_cyros/build/video_stream_ros2
running symlink_data
creating /home/cyros/create3_cyros/install/video_stream_ros2/share/ament_index
creating /home/cyros/create3_cyros/install/video_stream_ros2/share/ament_index/resource_index
creating /home/cyros/create3_cyros/install/video_stream_ros2/share/ament_index/resource_index/packages
symbolically linking /home/cyros/create3_cyros/build/video_stream_ros2/resource/video_stream_ros2 -> /home/cyros/create3_cyros/install/video_stream_ros2/share/ament_index/resource_index/packages
symbolically linking /home/cyros/create3_cyros/build/video_stream_ros2/package.xml -> /home/cyros/create3_cyros/install/video_stream_ros2/share/video_stream_ros2
