[13.176s] Invoking command in '/home/cyros/create3_cyros/build/video_stream_ros2': PYTHONPATH=/home/cyros/create3_cyros/build/video_stream_ros2/prefix_override:/home/cyros/create3_cyros/install/video_stream_ros2/lib/python3.10/site-packages:${PYTHONPATH} /usr/bin/python3 -W ignore:setup.py install is deprecated setup.py develop --editable --build-directory /home/cyros/create3_cyros/build/video_stream_ros2/build --no-deps symlink_data
[19.131s] /usr/lib/python3/dist-packages/setuptools/dist.py:723: UserWarning: Usage of dash-separated 'script-dir' will not be supported in future versions. Please use the underscore name 'script_dir' instead
[19.132s]   warnings.warn(
[19.848s] running develop
[19.855s] /usr/lib/python3/dist-packages/setuptools/command/easy_install.py:158: EasyInstallDeprecationWarning: easy_install command is deprecated. Use build and pip and other standards-based tools.
[19.855s]   warnings.warn(
[22.822s] running egg_info
[22.824s] creating video_stream_ros2.egg-info
[22.827s] writing video_stream_ros2.egg-info/PKG-INFO
[22.834s] writing dependency_links to video_stream_ros2.egg-info/dependency_links.txt
[22.841s] writing entry points to video_stream_ros2.egg-info/entry_points.txt
[22.842s] writing requirements to video_stream_ros2.egg-info/requires.txt
[22.843s] writing top-level names to video_stream_ros2.egg-info/top_level.txt
[22.847s] writing manifest file 'video_stream_ros2.egg-info/SOURCES.txt'
[22.873s] reading manifest file 'video_stream_ros2.egg-info/SOURCES.txt'
[22.895s] writing manifest file 'video_stream_ros2.egg-info/SOURCES.txt'
[22.924s] running build_ext
[22.935s] Creating /home/cyros/create3_cyros/install/video_stream_ros2/lib/python3.10/site-packages/video-stream-ros2.egg-link (link to .)
[22.938s] Installing show_image script to /home/cyros/create3_cyros/install/video_stream_ros2/lib/video_stream_ros2
[22.954s] 
[22.974s] Installed /home/cyros/create3_cyros/build/video_stream_ros2
[22.979s] running symlink_data
[22.980s] creating /home/cyros/create3_cyros/install/video_stream_ros2/share/ament_index
[22.982s] creating /home/cyros/create3_cyros/install/video_stream_ros2/share/ament_index/resource_index
[22.983s] creating /home/cyros/create3_cyros/install/video_stream_ros2/share/ament_index/resource_index/packages
[22.985s] symbolically linking /home/cyros/create3_cyros/build/video_stream_ros2/resource/video_stream_ros2 -> /home/cyros/create3_cyros/install/video_stream_ros2/share/ament_index/resource_index/packages
[22.986s] symbolically linking /home/cyros/create3_cyros/build/video_stream_ros2/package.xml -> /home/cyros/create3_cyros/install/video_stream_ros2/share/video_stream_ros2
[23.362s] Invoked command in '/home/cyros/create3_cyros/build/video_stream_ros2' returned '0': PYTHONPATH=/home/cyros/create3_cyros/build/video_stream_ros2/prefix_override:/home/cyros/create3_cyros/install/video_stream_ros2/lib/python3.10/site-packages:${PYTHONPATH} /usr/bin/python3 -W ignore:setup.py install is deprecated setup.py develop --editable --build-directory /home/cyros/create3_cyros/build/video_stream_ros2/build --no-deps symlink_data
