[0.000000] (-) TimerEvent: {}
[0.002030] (create3_procedures) JobQueued: {'identifier': 'create3_procedures', 'dependencies': OrderedDict()}
[0.002694] (create3_teleop) JobQueued: {'identifier': 'create3_teleop', 'dependencies': OrderedDict()}
[0.003207] (rs_cam) JobQueued: {'identifier': 'rs_cam', 'dependencies': OrderedDict()}
[0.003415] (create3_procedures) JobStarted: {'identifier': 'create3_procedures'}
[0.041618] (create3_teleop) JobStarted: {'identifier': 'create3_teleop'}
[0.072286] (rs_cam) JobStarted: {'identifier': 'rs_cam'}
[0.099221] (-) TimerEvent: {}
[0.199950] (-) TimerEvent: {}
[0.301234] (-) TimerEvent: {}
[0.402309] (-) TimerEvent: {}
[0.503412] (-) TimerEvent: {}
[0.604160] (-) TimerEvent: {}
[0.704883] (-) TimerEvent: {}
[0.805696] (-) TimerEvent: {}
[0.906541] (-) TimerEvent: {}
[1.007377] (-) TimerEvent: {}
[1.108163] (-) TimerEvent: {}
[1.209158] (-) TimerEvent: {}
[1.310325] (-) TimerEvent: {}
[1.411282] (-) TimerEvent: {}
[1.512401] (-) TimerEvent: {}
[1.613314] (-) TimerEvent: {}
[1.714170] (-) TimerEvent: {}
[1.814942] (-) TimerEvent: {}
[1.915771] (-) TimerEvent: {}
[2.016593] (-) TimerEvent: {}
[2.118101] (-) TimerEvent: {}
[2.218974] (-) TimerEvent: {}
[2.319929] (-) TimerEvent: {}
[2.421004] (-) TimerEvent: {}
[2.521884] (-) TimerEvent: {}
[2.622754] (-) TimerEvent: {}
[2.723574] (-) TimerEvent: {}
[2.824751] (-) TimerEvent: {}
[2.925601] (-) TimerEvent: {}
[3.026699] (-) TimerEvent: {}
[3.127488] (-) TimerEvent: {}
[3.228308] (-) TimerEvent: {}
[3.329130] (-) TimerEvent: {}
[3.430033] (-) TimerEvent: {}
[3.531239] (-) TimerEvent: {}
[3.632692] (-) TimerEvent: {}
[3.641865] (rs_cam) StderrLine: {'line': b'Traceback (most recent call last):\n  File "/usr/lib/python3/dist-packages/colcon_core/executor/__init__.py", line 91, in __call__\n    rc = await self.task(*args, **kwargs)\n  File "/usr/lib/python3/dist-packages/colcon_core/task/__init__.py", line 93, in __call__\n    return await task_method(*args, **kwargs)\n  File "/usr/lib/python3/dist-packages/colcon_ros/task/ament_python/build.py", line 51, in build\n    setup_py_data = get_setup_data(self.context.pkg, env)\n  File "/usr/lib/python3/dist-packages/colcon_core/task/python/__init__.py", line 20, in get_setup_data\n    return dict(pkg.metadata[key](env))\n  File "/usr/lib/python3/dist-packages/colcon_ros/package_augmentation/ros_ament_python.py", line 57, in getter\n    return get_setup_information(\n  File "/usr/lib/python3/dist-packages/colcon_python_setup_py/package_identification/python_setup_py.py", line 241, in get_setup_information\n    _setup_information_cache[hashable_env] = _get_setup_information(\n  File "/usr/lib/python3/dist-packages/colcon_python_setup_py/package_identification/python_setup_py.py", line 288, in _get_setup_information\n    result = subprocess.run(\n  File "/usr/lib/python3.10/subprocess.py", line 526, in run\n    raise CalledProcessError(retcode, process.args,\nsubprocess.CalledProcessError: Command \'[\'/usr/bin/python3\', \'-c\', \'import sys;from contextlib import suppress;exec("with suppress(ImportError):    from setuptools.extern.packaging.specifiers    import SpecifierSet");exec("with suppress(ImportError):    from packaging.specifiers import SpecifierSet");from distutils.core import run_setup;dist = run_setup(    \\\'setup.py\\\', script_args=(\\\'--dry-run\\\',), stop_after=\\\'config\\\');skip_keys = (\\\'cmdclass\\\', \\\'distclass\\\', \\\'ext_modules\\\', \\\'metadata\\\');data = {    key: value for key, value in dist.__dict__.items()     if (        not key.startswith(\\\'_\\\') and         not callable(value) and         key not in skip_keys and         key not in dist.display_option_names    )};data[\\\'metadata\\\'] = {    k: v for k, v in dist.metadata.__dict__.items()     if k not in (\\\'license_files\\\', \\\'provides_extras\\\')};sys.stdout.buffer.write(repr(data).encode(\\\'utf-8\\\'))\']\' returned non-zero exit status 1.\n'}
[3.646739] (rs_cam) JobEnded: {'identifier': 'rs_cam', 'rc': 1}
[3.649425] (create3_procedures) JobEnded: {'identifier': 'create3_procedures', 'rc': 'SIGINT'}
[3.651249] (create3_teleop) JobEnded: {'identifier': 'create3_teleop', 'rc': 'SIGINT'}
[3.656453] (-) EventReactorShutdown: {}
